[+] Containers:
 |- [+] Container: /Game/ThirdPerson/Maps/ThirdPersonMap
 |   |- [+] ActorDescs:
 |   |   |- Guid:00D3F5E7452C0650F68EE79A28B6EADD BaseClass:/Game/Project/Jump.Jump_C NativeClass:/Script/Engine.Actor Name:Jump_C_UAID_04421A23BFAC236701_1088408095 Label:Jump2 SpatiallyLoaded:1 Bounds:IsValid=true, Min=(X=90.000 Y=1630.000 Z=0.068), Max=(X=190.000 Y=1730.000 Z=100.068) RuntimeGrid:None EditorOnly:0 RuntimeOnly:0 HLODRelevant:0
 |   |   |- Guid:052DF0584CDC849274E5119A65BB06B5 BaseClass:/Game/CoinGame/BP_Coin.BP_Coin_C NativeClass:/Script/Engine.Actor Name:BP_Coin_C_UAID_04421A23BFAC686701_1644248235 Label:BP_Coin5 SpatiallyLoaded:1 Bounds:IsValid=true, Min=(X=1579.530 Y=1097.632 Z=48.398), Max=(X=1643.530 Y=1102.432 Z=112.398) RuntimeGrid:None EditorOnly:0 RuntimeOnly:0 HLODRelevant:0
 |   |   |- Guid:0542EA3D46A62AC1CA4CD7AC0C22D3C4 BaseClass:/Game/Project/Jump.Jump_C NativeClass:/Script/Engine.Actor Name:Jump_C_UAID_04421A23BFAC226701_1571714918 Label:Jump SpatiallyLoaded:1 Bounds:IsValid=true, Min=(X=450.000 Y=1760.000 Z=0.005), Max=(X=550.000 Y=1860.000 Z=100.005) RuntimeGrid:None EditorOnly:0 RuntimeOnly:0 HLODRelevant:0
 |   |   |- Guid:1944E1244B7B0BF2C5B00FB034A2803B BaseClass:/Game/Project/BP_MoveLeftRight.BP_MoveLeftRight_C NativeClass:/Script/Engine.Actor Name:BP_MoveLeftRight_C_UAID_04421A23BFAC216701_2134393738 Label:BP_MoveLeftRight2 SpatiallyLoaded:1 Bounds:IsValid=true, Min=(X=1100.000 Y=1420.000 Z=0.000), Max=(X=1200.000 Y=1520.000 Z=100.000) RuntimeGrid:None EditorOnly:0 RuntimeOnly:0 HLODRelevant:0
 |   |   |- Guid:19AF65864D54523B2B3101BC9CF3DB40 BaseClass:/Game/Project/BP_MoveRect.BP_MoveRect_C NativeClass:/Script/Engine.Actor Name:BP_MoveRect_C_UAID_04421A23BFAC216701_1460296736 Label:BP_MoveRect SpatiallyLoaded:1 Bounds:IsValid=true, Min=(X=780.000 Y=1920.000 Z=50.000), Max=(X=880.000 Y=2020.000 Z=150.000) RuntimeGrid:None EditorOnly:0 RuntimeOnly:0 HLODRelevant:0
 |   |   |- Guid:2FB58999456391D349DC0F86DAC136ED BaseClass: NativeClass:/Script/Engine.SkyLight Name:SkyLight_1 Label:SkyLight SpatiallyLoaded:0 Bounds:IsValid=true, Min=(X=0.000 Y=0.000 Z=690.000), Max=(X=0.000 Y=0.000 Z=690.000) RuntimeGrid:None EditorOnly:0 RuntimeOnly:0 HLODRelevant:0 FolderPath:Lighting FolderGuid:963EC3EB4002CCE9759E2EBA541A873A
 |   |   |- Guid:316CF2A6494ACA4C0E4180A87D36AB8F BaseClass: NativeClass:/Script/Engine.ExponentialHeightFog Name:ExponentialHeightFog_0 Label:ExponentialHeightFog SpatiallyLoaded:0 Bounds:IsValid=true, Min=(X=-5600.000 Y=-50.000 Z=-6850.000), Max=(X=-5600.000 Y=-50.000 Z=-6850.000) RuntimeGrid:None EditorOnly:0 RuntimeOnly:0 HLODRelevant:0 FolderPath:Lighting FolderGuid:963EC3EB4002CCE9759E2EBA541A873A
 |   |   |- Guid:32A142AF4F120EBC22D7D6957C2A75B0 BaseClass:/Game/CoinGame/BP_Coin.BP_Coin_C NativeClass:/Script/Engine.Actor Name:BP_Coin_C_UAID_04421A23BFAC246701_1604811278 Label:BP_Coin4 SpatiallyLoaded:1 Bounds:IsValid=true, Min=(X=1579.530 Y=1207.632 Z=48.398), Max=(X=1643.530 Y=1212.432 Z=112.398) RuntimeGrid:None EditorOnly:0 RuntimeOnly:0 HLODRelevant:0
 |   |   |- Guid:3A00AA1C422CE54C0BDB60BAF471BFBB BaseClass: NativeClass:/Script/Engine.PlayerStart Name:PlayerStart_0 Label:PlayerStart SpatiallyLoaded:0 Bounds:IsValid=true, Min=(X=1550.000 Y=450.000 Z=0.013), Max=(X=1630.000 Y=530.000 Z=184.013) RuntimeGrid:None EditorOnly:0 RuntimeOnly:0 HLODRelevant:0
 |   |   |- Guid:421653594AF126702A7973A171788768 BaseClass:/Game/Project/BP_MoveLeftRight.BP_MoveLeftRight_C NativeClass:/Script/Engine.Actor Name:BP_MoveLeftRight_C_UAID_04421A23BFAC226701_1245607917 Label:BP_MoveLeftRight3 SpatiallyLoaded:1 Bounds:IsValid=true, Min=(X=1100.000 Y=1870.000 Z=0.000), Max=(X=1200.000 Y=1970.000 Z=100.000) RuntimeGrid:None EditorOnly:0 RuntimeOnly:0 HLODRelevant:0
 |   |   |- Guid:42276B1442148E7D0E2E959BFF364237 BaseClass:/Game/Project/BP_MoveRect.BP_MoveRect_C NativeClass:/Script/Engine.Actor Name:BP_MoveRect_C_UAID_04421A23BFAC226701_1238644916 Label:BP_MoveRect3 SpatiallyLoaded:1 Bounds:IsValid=true, Min=(X=780.000 Y=2180.000 Z=50.000), Max=(X=880.000 Y=2280.000 Z=150.000) RuntimeGrid:None EditorOnly:0 RuntimeOnly:0 HLODRelevant:0
 |   |   |- Guid:460E19C84FBC5A8BA37069AA2B67FF18 BaseClass:/Game/CoinGame/BP_Portal.BP_Portal_C NativeClass:/Script/Engine.Actor Name:BP_Portal_C_UAID_04421A23BFAC246701_1592650275 Label:BP_Portal SpatiallyLoaded:1 Bounds:IsValid=true, Min=(X=1512.500 Y=1812.500 Z=20.094), Max=(X=1687.500 Y=1847.500 Z=339.906) RuntimeGrid:None EditorOnly:0 RuntimeOnly:0 HLODRelevant:0
 |   |   |- Guid:4D3BE93F4146AAAC8BBE79999D96D57F BaseClass: NativeClass:/Script/Engine.VolumetricCloud Name:VolumetricCloud_0 Label:VolumetricCloud SpatiallyLoaded:0 Bounds:IsValid=true, Min=(X=0.000 Y=0.000 Z=820.000), Max=(X=0.000 Y=0.000 Z=820.000) RuntimeGrid:None EditorOnly:0 RuntimeOnly:0 HLODRelevant:0 FolderPath:Lighting FolderGuid:963EC3EB4002CCE9759E2EBA541A873A
 |   |   |- Guid:5011BBFB40F87B4E219A27A876F4C02F BaseClass:/Game/CoinGame/BP_Coin.BP_Coin_C NativeClass:/Script/Engine.Actor Name:BP_Coin_C_UAID_04421A23BFAC246701_1601359276 Label:BP_Coin2 SpatiallyLoaded:1 Bounds:IsValid=true, Min=(X=1579.530 Y=1437.632 Z=48.398), Max=(X=1643.530 Y=1442.432 Z=112.398) RuntimeGrid:None EditorOnly:0 RuntimeOnly:0 HLODRelevant:0
 |   |   |- Guid:635AA8A34372379D7C58D987C34EA9FD BaseClass:/Game/CoinGame/BP_Coin.BP_Coin_C NativeClass:/Script/Engine.Actor Name:BP_Coin_C_UAID_04421A23BFAC246701_1603437277 Label:BP_Coin3 SpatiallyLoaded:1 Bounds:IsValid=true, Min=(X=1579.530 Y=1317.632 Z=48.398), Max=(X=1643.530 Y=1322.432 Z=112.398) RuntimeGrid:None EditorOnly:0 RuntimeOnly:0 HLODRelevant:0
 |   |   |- Guid:6BAF4DDD444C60371492D3919DB42C97 BaseClass: NativeClass:/Script/Engine.WorldDataLayers Name:WorldDataLayers Label:WorldDataLayers SpatiallyLoaded:0 Bounds:IsValid=true, Min=(X=0.000 Y=0.000 Z=0.000), Max=(X=0.000 Y=0.000 Z=0.000) RuntimeGrid:None EditorOnly:0 RuntimeOnly:0 HLODRelevant:0
 |   |   |- Guid:86CE6D1D44E85F4961882C86E3998269 BaseClass:/Game/Project/BP_SwitchBox.BP_SwitchBox_C NativeClass:/Script/Engine.Actor Name:BP_SwitchBox_C_UAID_04421A23BFAC216701_1468362737 Label:BP_SwitchBox SpatiallyLoaded:1 Bounds:IsValid=true, Min=(X=620.000 Y=1430.000 Z=-9.937), Max=(X=720.000 Y=1530.000 Z=10.063) RuntimeGrid:None EditorOnly:0 RuntimeOnly:0 HLODRelevant:0
 |   |   |- Guid:8DD6214E4BEAA8B29ABDDDB53B233D07 BaseClass:/Game/Project/Jump.Jump_C NativeClass:/Script/Engine.Actor Name:Jump_C_UAID_04421A23BFAC236701_1096143096 Label:Jump3 SpatiallyLoaded:1 Bounds:IsValid=true, Min=(X=170.000 Y=1950.000 Z=0.068), Max=(X=270.000 Y=2050.000 Z=100.068) RuntimeGrid:None EditorOnly:0 RuntimeOnly:0 HLODRelevant:0
 |   |   |- Guid:8DFA95534348B2F564B1F18649B6BB9D BaseClass:/Game/Project/BP_MoveLeftRight.BP_MoveLeftRight_C NativeClass:/Script/Engine.Actor Name:BP_MoveLeftRight_C_UAID_04421A23BFAC206701_1827864559 Label:BP_MoveLeftRight SpatiallyLoaded:1 Bounds:IsValid=true, Min=(X=1100.000 Y=1630.000 Z=0.000), Max=(X=1200.000 Y=1730.000 Z=100.000) RuntimeGrid:None EditorOnly:0 RuntimeOnly:0 HLODRelevant:0
 |   |   |- Guid:918F70394C7E7DA06C8CCC9E24D1EBE1 BaseClass: NativeClass:/Script/Engine.TextRenderActor Name:TextRenderActor_UAID_04421A23BFAC656701_1170977704 Label:TextRenderActor SpatiallyLoaded:1 Bounds:IsValid=true, Min=(X=1303.846 Y=790.000 Z=20.000), Max=(X=1896.154 Y=990.000 Z=20.000) RuntimeGrid:None EditorOnly:0 RuntimeOnly:0 HLODRelevant:0
 |   |   |- Guid:938170694226E79CADEFD1A32FA938D6 BaseClass:/Game/CoinGame/BP_Coin.BP_Coin_C NativeClass:/Script/Engine.Actor Name:BP_Coin_C_UAID_04421A23BFAC236701_1414822097 Label:BP_Coin SpatiallyLoaded:1 Bounds:IsValid=true, Min=(X=1579.530 Y=1537.632 Z=48.398), Max=(X=1643.530 Y=1542.432 Z=112.398) RuntimeGrid:None EditorOnly:0 RuntimeOnly:0 HLODRelevant:0
 |   |   |- Guid:9FD7784C411A81C4F9604E98F74D7B2B BaseClass:/Game/Project/BP_MoveRect.BP_MoveRect_C NativeClass:/Script/Engine.Actor Name:BP_MoveRect_C_UAID_04421A23BFAC226701_1236150915 Label:BP_MoveRect2 SpatiallyLoaded:1 Bounds:IsValid=true, Min=(X=780.000 Y=2050.000 Z=50.000), Max=(X=880.000 Y=2150.000 Z=150.000) RuntimeGrid:None EditorOnly:0 RuntimeOnly:0 HLODRelevant:0
 |   |   |- Guid:B785ED2844B84CFB91E7F39FE661CD99 BaseClass: NativeClass:/Script/Engine.DirectionalLight Name:DirectionalLight_0 Label:DirectionalLight SpatiallyLoaded:0 Bounds:IsValid=true, Min=(X=-1048576.000 Y=-1048576.000 Z=-1048576.000), Max=(X=1048576.000 Y=1048576.000 Z=1048576.000) RuntimeGrid:None EditorOnly:0 RuntimeOnly:0 HLODRelevant:0 FolderPath:Lighting FolderGuid:963EC3EB4002CCE9759E2EBA541A873A
 |   |   |- Guid:CCFF262C46EEFFDF319E7F9539CE697E BaseClass: NativeClass:/Script/Engine.SkyAtmosphere Name:SkyAtmosphere_0 Label:SkyAtmosphere SpatiallyLoaded:0 Bounds:IsValid=true, Min=(X=0.000 Y=0.000 Z=1020.000), Max=(X=0.000 Y=0.000 Z=1020.000) RuntimeGrid:None EditorOnly:0 RuntimeOnly:0 HLODRelevant:0 FolderPath:Lighting FolderGuid:963EC3EB4002CCE9759E2EBA541A873A
 |   |   |- Guid:EC4E0C944CE6AC6E784BC6BB2916EA13 BaseClass: NativeClass:/Script/Engine.StaticMeshActor Name:StaticMeshActor_UAID_A4AE111137DC5EFB00_1110535423 Label:SM_SkySphere SpatiallyLoaded:0 Bounds:IsValid=true, Min=(X=-1638400.000 Y=-1638400.000 Z=-1638400.000), Max=(X=1638400.000 Y=1638400.000 Z=1638400.000) RuntimeGrid:None EditorOnly:0 RuntimeOnly:0 HLODRelevant:1 FolderPath:Lighting FolderGuid:963EC3EB4002CCE9759E2EBA541A873A
 |   |   |- Guid:F1924B8D48954B30891B2DB6A694F9CC BaseClass: NativeClass:/Script/Engine.StaticMeshActor Name:StaticMeshActor_1 Label:SM_Cube SpatiallyLoaded:1 Bounds:IsValid=true, Min=(X=0.000 Y=0.000 Z=-50.000), Max=(X=3000.000 Y=3500.000 Z=0.000) RuntimeGrid:None EditorOnly:0 RuntimeOnly:0 HLODRelevant:1 FolderPath:Playground FolderGuid:C73F09FC4215536B1DCE2A9E0A830C70
 |   |   |- Guid:F5E3FEB3450C49844FD93DA8E083C8AD BaseClass: NativeClass:/Script/Engine.PostProcessVolume Name:PostProcessVolume_0 Label:PostProcessVolume SpatiallyLoaded:0 Bounds:IsValid=true, Min=(X=0.000 Y=0.000 Z=400.000), Max=(X=200.000 Y=200.000 Z=600.000) RuntimeGrid:None EditorOnly:0 RuntimeOnly:0 HLODRelevant:0 FolderPath:Lighting FolderGuid:963EC3EB4002CCE9759E2EBA541A873A
 |   |- [+] Clusters:
 |   |   |- [+] [  0]
 |   |   |   |- Guid:6BAF4DDD444C60371492D3919DB42C97 BaseClass: NativeClass:/Script/Engine.WorldDataLayers Name:WorldDataLayers Label:WorldDataLayers SpatiallyLoaded:0 Bounds:IsValid=true, Min=(X=0.000 Y=0.000 Z=0.000), Max=(X=0.000 Y=0.000 Z=0.000) RuntimeGrid:None EditorOnly:0 RuntimeOnly:0 HLODRelevant:0
 |   |   |- [+] [  1]
 |   |   |   |- Guid:421653594AF126702A7973A171788768 BaseClass:/Game/Project/BP_MoveLeftRight.BP_MoveLeftRight_C NativeClass:/Script/Engine.Actor Name:BP_MoveLeftRight_C_UAID_04421A23BFAC226701_1245607917 Label:BP_MoveLeftRight3 SpatiallyLoaded:1 Bounds:IsValid=true, Min=(X=1100.000 Y=1870.000 Z=0.000), Max=(X=1200.000 Y=1970.000 Z=100.000) RuntimeGrid:None EditorOnly:0 RuntimeOnly:0 HLODRelevant:0
 |   |   |- [+] [  2]
 |   |   |   |- Guid:86CE6D1D44E85F4961882C86E3998269 BaseClass:/Game/Project/BP_SwitchBox.BP_SwitchBox_C NativeClass:/Script/Engine.Actor Name:BP_SwitchBox_C_UAID_04421A23BFAC216701_1468362737 Label:BP_SwitchBox SpatiallyLoaded:1 Bounds:IsValid=true, Min=(X=620.000 Y=1430.000 Z=-9.937), Max=(X=720.000 Y=1530.000 Z=10.063) RuntimeGrid:None EditorOnly:0 RuntimeOnly:0 HLODRelevant:0
 |   |   |   |- Guid:0542EA3D46A62AC1CA4CD7AC0C22D3C4 BaseClass:/Game/Project/Jump.Jump_C NativeClass:/Script/Engine.Actor Name:Jump_C_UAID_04421A23BFAC226701_1571714918 Label:Jump SpatiallyLoaded:1 Bounds:IsValid=true, Min=(X=450.000 Y=1760.000 Z=0.005), Max=(X=550.000 Y=1860.000 Z=100.005) RuntimeGrid:None EditorOnly:0 RuntimeOnly:0 HLODRelevant:0
 |   |   |   |- Guid:00D3F5E7452C0650F68EE79A28B6EADD BaseClass:/Game/Project/Jump.Jump_C NativeClass:/Script/Engine.Actor Name:Jump_C_UAID_04421A23BFAC236701_1088408095 Label:Jump2 SpatiallyLoaded:1 Bounds:IsValid=true, Min=(X=90.000 Y=1630.000 Z=0.068), Max=(X=190.000 Y=1730.000 Z=100.068) RuntimeGrid:None EditorOnly:0 RuntimeOnly:0 HLODRelevant:0
 |   |   |   |- Guid:8DD6214E4BEAA8B29ABDDDB53B233D07 BaseClass:/Game/Project/Jump.Jump_C NativeClass:/Script/Engine.Actor Name:Jump_C_UAID_04421A23BFAC236701_1096143096 Label:Jump3 SpatiallyLoaded:1 Bounds:IsValid=true, Min=(X=170.000 Y=1950.000 Z=0.068), Max=(X=270.000 Y=2050.000 Z=100.068) RuntimeGrid:None EditorOnly:0 RuntimeOnly:0 HLODRelevant:0
 |   |   |- [+] [  3]
 |   |   |   |- Guid:4D3BE93F4146AAAC8BBE79999D96D57F BaseClass: NativeClass:/Script/Engine.VolumetricCloud Name:VolumetricCloud_0 Label:VolumetricCloud SpatiallyLoaded:0 Bounds:IsValid=true, Min=(X=0.000 Y=0.000 Z=820.000), Max=(X=0.000 Y=0.000 Z=820.000) RuntimeGrid:None EditorOnly:0 RuntimeOnly:0 HLODRelevant:0 FolderPath:Lighting FolderGuid:963EC3EB4002CCE9759E2EBA541A873A
 |   |   |- [+] [  4]
 |   |   |   |- Guid:F5E3FEB3450C49844FD93DA8E083C8AD BaseClass: NativeClass:/Script/Engine.PostProcessVolume Name:PostProcessVolume_0 Label:PostProcessVolume SpatiallyLoaded:0 Bounds:IsValid=true, Min=(X=0.000 Y=0.000 Z=400.000), Max=(X=200.000 Y=200.000 Z=600.000) RuntimeGrid:None EditorOnly:0 RuntimeOnly:0 HLODRelevant:0 FolderPath:Lighting FolderGuid:963EC3EB4002CCE9759E2EBA541A873A
 |   |   |- [+] [  5]
 |   |   |   |- Guid:CCFF262C46EEFFDF319E7F9539CE697E BaseClass: NativeClass:/Script/Engine.SkyAtmosphere Name:SkyAtmosphere_0 Label:SkyAtmosphere SpatiallyLoaded:0 Bounds:IsValid=true, Min=(X=0.000 Y=0.000 Z=1020.000), Max=(X=0.000 Y=0.000 Z=1020.000) RuntimeGrid:None EditorOnly:0 RuntimeOnly:0 HLODRelevant:0 FolderPath:Lighting FolderGuid:963EC3EB4002CCE9759E2EBA541A873A
 |   |   |- [+] [  6]
 |   |   |   |- Guid:918F70394C7E7DA06C8CCC9E24D1EBE1 BaseClass: NativeClass:/Script/Engine.TextRenderActor Name:TextRenderActor_UAID_04421A23BFAC656701_1170977704 Label:TextRenderActor SpatiallyLoaded:1 Bounds:IsValid=true, Min=(X=1303.846 Y=790.000 Z=20.000), Max=(X=1896.154 Y=990.000 Z=20.000) RuntimeGrid:None EditorOnly:0 RuntimeOnly:0 HLODRelevant:0
 |   |   |- [+] [  7]
 |   |   |   |- Guid:EC4E0C944CE6AC6E784BC6BB2916EA13 BaseClass: NativeClass:/Script/Engine.StaticMeshActor Name:StaticMeshActor_UAID_A4AE111137DC5EFB00_1110535423 Label:SM_SkySphere SpatiallyLoaded:0 Bounds:IsValid=true, Min=(X=-1638400.000 Y=-1638400.000 Z=-1638400.000), Max=(X=1638400.000 Y=1638400.000 Z=1638400.000) RuntimeGrid:None EditorOnly:0 RuntimeOnly:0 HLODRelevant:1 FolderPath:Lighting FolderGuid:963EC3EB4002CCE9759E2EBA541A873A
 |   |   |- [+] [  8]
 |   |   |   |- Guid:42276B1442148E7D0E2E959BFF364237 BaseClass:/Game/Project/BP_MoveRect.BP_MoveRect_C NativeClass:/Script/Engine.Actor Name:BP_MoveRect_C_UAID_04421A23BFAC226701_1238644916 Label:BP_MoveRect3 SpatiallyLoaded:1 Bounds:IsValid=true, Min=(X=780.000 Y=2180.000 Z=50.000), Max=(X=880.000 Y=2280.000 Z=150.000) RuntimeGrid:None EditorOnly:0 RuntimeOnly:0 HLODRelevant:0
 |   |   |- [+] [  9]
 |   |   |   |- Guid:B785ED2844B84CFB91E7F39FE661CD99 BaseClass: NativeClass:/Script/Engine.DirectionalLight Name:DirectionalLight_0 Label:DirectionalLight SpatiallyLoaded:0 Bounds:IsValid=true, Min=(X=-1048576.000 Y=-1048576.000 Z=-1048576.000), Max=(X=1048576.000 Y=1048576.000 Z=1048576.000) RuntimeGrid:None EditorOnly:0 RuntimeOnly:0 HLODRelevant:0 FolderPath:Lighting FolderGuid:963EC3EB4002CCE9759E2EBA541A873A
 |   |   |- [+] [ 10]
 |   |   |   |- Guid:316CF2A6494ACA4C0E4180A87D36AB8F BaseClass: NativeClass:/Script/Engine.ExponentialHeightFog Name:ExponentialHeightFog_0 Label:ExponentialHeightFog SpatiallyLoaded:0 Bounds:IsValid=true, Min=(X=-5600.000 Y=-50.000 Z=-6850.000), Max=(X=-5600.000 Y=-50.000 Z=-6850.000) RuntimeGrid:None EditorOnly:0 RuntimeOnly:0 HLODRelevant:0 FolderPath:Lighting FolderGuid:963EC3EB4002CCE9759E2EBA541A873A
 |   |   |- [+] [ 11]
 |   |   |   |- Guid:F1924B8D48954B30891B2DB6A694F9CC BaseClass: NativeClass:/Script/Engine.StaticMeshActor Name:StaticMeshActor_1 Label:SM_Cube SpatiallyLoaded:1 Bounds:IsValid=true, Min=(X=0.000 Y=0.000 Z=-50.000), Max=(X=3000.000 Y=3500.000 Z=0.000) RuntimeGrid:None EditorOnly:0 RuntimeOnly:0 HLODRelevant:1 FolderPath:Playground FolderGuid:C73F09FC4215536B1DCE2A9E0A830C70
 |   |   |- [+] [ 12]
 |   |   |   |- Guid:9FD7784C411A81C4F9604E98F74D7B2B BaseClass:/Game/Project/BP_MoveRect.BP_MoveRect_C NativeClass:/Script/Engine.Actor Name:BP_MoveRect_C_UAID_04421A23BFAC226701_1236150915 Label:BP_MoveRect2 SpatiallyLoaded:1 Bounds:IsValid=true, Min=(X=780.000 Y=2050.000 Z=50.000), Max=(X=880.000 Y=2150.000 Z=150.000) RuntimeGrid:None EditorOnly:0 RuntimeOnly:0 HLODRelevant:0
 |   |   |- [+] [ 13]
 |   |   |   |- Guid:2FB58999456391D349DC0F86DAC136ED BaseClass: NativeClass:/Script/Engine.SkyLight Name:SkyLight_1 Label:SkyLight SpatiallyLoaded:0 Bounds:IsValid=true, Min=(X=0.000 Y=0.000 Z=690.000), Max=(X=0.000 Y=0.000 Z=690.000) RuntimeGrid:None EditorOnly:0 RuntimeOnly:0 HLODRelevant:0 FolderPath:Lighting FolderGuid:963EC3EB4002CCE9759E2EBA541A873A
 |   |   |- [+] [ 14]
 |   |   |   |- Guid:1944E1244B7B0BF2C5B00FB034A2803B BaseClass:/Game/Project/BP_MoveLeftRight.BP_MoveLeftRight_C NativeClass:/Script/Engine.Actor Name:BP_MoveLeftRight_C_UAID_04421A23BFAC216701_2134393738 Label:BP_MoveLeftRight2 SpatiallyLoaded:1 Bounds:IsValid=true, Min=(X=1100.000 Y=1420.000 Z=0.000), Max=(X=1200.000 Y=1520.000 Z=100.000) RuntimeGrid:None EditorOnly:0 RuntimeOnly:0 HLODRelevant:0
 |   |   |- [+] [ 15]
 |   |   |   |- Guid:19AF65864D54523B2B3101BC9CF3DB40 BaseClass:/Game/Project/BP_MoveRect.BP_MoveRect_C NativeClass:/Script/Engine.Actor Name:BP_MoveRect_C_UAID_04421A23BFAC216701_1460296736 Label:BP_MoveRect SpatiallyLoaded:1 Bounds:IsValid=true, Min=(X=780.000 Y=1920.000 Z=50.000), Max=(X=880.000 Y=2020.000 Z=150.000) RuntimeGrid:None EditorOnly:0 RuntimeOnly:0 HLODRelevant:0
 |   |   |- [+] [ 16]
 |   |   |   |- Guid:3A00AA1C422CE54C0BDB60BAF471BFBB BaseClass: NativeClass:/Script/Engine.PlayerStart Name:PlayerStart_0 Label:PlayerStart SpatiallyLoaded:0 Bounds:IsValid=true, Min=(X=1550.000 Y=450.000 Z=0.013), Max=(X=1630.000 Y=530.000 Z=184.013) RuntimeGrid:None EditorOnly:0 RuntimeOnly:0 HLODRelevant:0
 |   |   |- [+] [ 17]
 |   |   |   |- Guid:8DFA95534348B2F564B1F18649B6BB9D BaseClass:/Game/Project/BP_MoveLeftRight.BP_MoveLeftRight_C NativeClass:/Script/Engine.Actor Name:BP_MoveLeftRight_C_UAID_04421A23BFAC206701_1827864559 Label:BP_MoveLeftRight SpatiallyLoaded:1 Bounds:IsValid=true, Min=(X=1100.000 Y=1630.000 Z=0.000), Max=(X=1200.000 Y=1730.000 Z=100.000) RuntimeGrid:None EditorOnly:0 RuntimeOnly:0 HLODRelevant:0
 |   |   |- [+] [ 18]
 |   |   |   |- Guid:052DF0584CDC849274E5119A65BB06B5 BaseClass:/Game/CoinGame/BP_Coin.BP_Coin_C NativeClass:/Script/Engine.Actor Name:BP_Coin_C_UAID_04421A23BFAC686701_1644248235 Label:BP_Coin5 SpatiallyLoaded:1 Bounds:IsValid=true, Min=(X=1579.530 Y=1097.632 Z=48.398), Max=(X=1643.530 Y=1102.432 Z=112.398) RuntimeGrid:None EditorOnly:0 RuntimeOnly:0 HLODRelevant:0
 |   |   |   |- Guid:635AA8A34372379D7C58D987C34EA9FD BaseClass:/Game/CoinGame/BP_Coin.BP_Coin_C NativeClass:/Script/Engine.Actor Name:BP_Coin_C_UAID_04421A23BFAC246701_1603437277 Label:BP_Coin3 SpatiallyLoaded:1 Bounds:IsValid=true, Min=(X=1579.530 Y=1317.632 Z=48.398), Max=(X=1643.530 Y=1322.432 Z=112.398) RuntimeGrid:None EditorOnly:0 RuntimeOnly:0 HLODRelevant:0
 |   |   |   |- Guid:5011BBFB40F87B4E219A27A876F4C02F BaseClass:/Game/CoinGame/BP_Coin.BP_Coin_C NativeClass:/Script/Engine.Actor Name:BP_Coin_C_UAID_04421A23BFAC246701_1601359276 Label:BP_Coin2 SpatiallyLoaded:1 Bounds:IsValid=true, Min=(X=1579.530 Y=1437.632 Z=48.398), Max=(X=1643.530 Y=1442.432 Z=112.398) RuntimeGrid:None EditorOnly:0 RuntimeOnly:0 HLODRelevant:0
 |   |   |   |- Guid:938170694226E79CADEFD1A32FA938D6 BaseClass:/Game/CoinGame/BP_Coin.BP_Coin_C NativeClass:/Script/Engine.Actor Name:BP_Coin_C_UAID_04421A23BFAC236701_1414822097 Label:BP_Coin SpatiallyLoaded:1 Bounds:IsValid=true, Min=(X=1579.530 Y=1537.632 Z=48.398), Max=(X=1643.530 Y=1542.432 Z=112.398) RuntimeGrid:None EditorOnly:0 RuntimeOnly:0 HLODRelevant:0
 |   |   |   |- Guid:32A142AF4F120EBC22D7D6957C2A75B0 BaseClass:/Game/CoinGame/BP_Coin.BP_Coin_C NativeClass:/Script/Engine.Actor Name:BP_Coin_C_UAID_04421A23BFAC246701_1604811278 Label:BP_Coin4 SpatiallyLoaded:1 Bounds:IsValid=true, Min=(X=1579.530 Y=1207.632 Z=48.398), Max=(X=1643.530 Y=1212.432 Z=112.398) RuntimeGrid:None EditorOnly:0 RuntimeOnly:0 HLODRelevant:0
 |   |   |   |- Guid:460E19C84FBC5A8BA37069AA2B67FF18 BaseClass:/Game/CoinGame/BP_Portal.BP_Portal_C NativeClass:/Script/Engine.Actor Name:BP_Portal_C_UAID_04421A23BFAC246701_1592650275 Label:BP_Portal SpatiallyLoaded:1 Bounds:IsValid=true, Min=(X=1512.500 Y=1812.500 Z=20.094), Max=(X=1687.500 Y=1847.500 Z=339.906) RuntimeGrid:None EditorOnly:0 RuntimeOnly:0 HLODRelevant:0
 |- ContainerInstances:
 |- [+] MainContainer:
 |   |-        ID: 0x0000000000000000
 |   |-    Bounds: IsValid=false, Min=(X=0.000 Y=0.000 Z=0.000), Max=(X=0.000 Y=0.000 Z=0.000)
 |   |- Transform: 0.000000,0.000000,0.000000|0.000000,0.000000,-0.000000|1.000000,1.000000,1.000000
 |   |- Container: /Game/ThirdPerson/Maps/ThirdPersonMap
----------------------------------------------------------------------------------------------------------------
ThirdPersonMap - Persistent Level
----------------------------------------------------------------------------------------------------------------
Always loaded Actor Count: 55 

----------------------------------------------------------------------------------------------------------------
ThirdPersonMap - Runtime Spatial Hash - Streaming Grid - MainGrid
----------------------------------------------------------------------------------------------------------------
            Origin: X=0.000 Y=0.000 Z=0.000
         Cell Size: 12800
      World Bounds: IsValid=false, Min=(X=0.000 Y=0.000 Z=0.000), Max=(X=0.000 Y=0.000 Z=0.000)
     Loading Range: 25600.00
Block Slow Loading: No
 ClientOnlyVisible: No

[+] Grid Levels: 1
 |- Level  0: Cell Count    0 | Cell Size   12800 | Actor Count    0 (0.0%)

[+] Content of Grid Level 0

