[+] Containers:
 |- [+] Container: /Game/ThirdPerson/Maps/Stage3
 |   |- [+] ActorDescs:
 |   |   |- Guid:14C346E440E38EDE2015048B9A75D987 BaseClass:/Game/Project/BP_MoveRect.BP_MoveRect_C NativeClass:/Script/Engine.Actor Name:BP_MoveRect_C_UAID_04421A23BFAC226701_1238644916 Label:BP_MoveRect3 SpatiallyLoaded:1 Bounds:IsValid=true, Min=(X=780.000 Y=2180.000 Z=50.000), Max=(X=880.000 Y=2280.000 Z=150.000) RuntimeGrid:None EditorOnly:0 RuntimeOnly:0 HLODRelevant:0
 |   |   |- Guid:19BCBA9147E5DAC4EADC40BD304BA1CC BaseClass: NativeClass:/Script/Engine.DirectionalLight Name:DirectionalLight_0 Label:DirectionalLight SpatiallyLoaded:0 Bounds:IsValid=true, Min=(X=-4398046511104.000 Y=-4398046511104.000 Z=-4398046511104.000), Max=(X=4398046511104.000 Y=4398046511104.000 Z=4398046511104.000) RuntimeGrid:None EditorOnly:0 RuntimeOnly:0 HLODRelevant:0 FolderPath:Lighting FolderGuid:963EC3EB4002CCE9759E2EBA541A873A
 |   |   |- Guid:254114034874F789551745872213FBCA BaseClass:/Game/CoinGame/BP_Coin.BP_Coin_C NativeClass:/Script/Engine.Actor Name:BP_Coin_C_UAID_04421A23BFAC246701_1603437277 Label:BP_Coin3 SpatiallyLoaded:1 Bounds:IsValid=true, Min=(X=1579.530 Y=1317.632 Z=128.398), Max=(X=1643.530 Y=1322.432 Z=192.398) RuntimeGrid:None EditorOnly:0 RuntimeOnly:0 HLODRelevant:0
 |   |   |- Guid:3923B773440A5BA96FBFE297F210BC9F BaseClass:/Game/Project/Jump.Jump_C NativeClass:/Script/Engine.Actor Name:Jump_C_UAID_04421A23BFAC226701_1571714918 Label:Jump SpatiallyLoaded:1 Bounds:IsValid=true, Min=(X=450.000 Y=1760.000 Z=0.005), Max=(X=550.000 Y=1860.000 Z=100.005) RuntimeGrid:None EditorOnly:0 RuntimeOnly:0 HLODRelevant:0
 |   |   |- Guid:394F63DB4B9D6D127281D596D5CD02DC BaseClass:/Game/Project/Jump.Jump_C NativeClass:/Script/Engine.Actor Name:Jump_C_UAID_04421A23BFAC236701_1088408095 Label:Jump2 SpatiallyLoaded:1 Bounds:IsValid=true, Min=(X=90.000 Y=1630.000 Z=0.068), Max=(X=190.000 Y=1730.000 Z=100.068) RuntimeGrid:None EditorOnly:0 RuntimeOnly:0 HLODRelevant:0
 |   |   |- Guid:416685CB407374DD19C276B4C7EEFEAD BaseClass: NativeClass:/Script/Engine.SkyLight Name:SkyLight_1 Label:SkyLight SpatiallyLoaded:0 Bounds:IsValid=true, Min=(X=0.000 Y=0.000 Z=690.000), Max=(X=0.000 Y=0.000 Z=690.000) RuntimeGrid:None EditorOnly:0 RuntimeOnly:0 HLODRelevant:0 FolderPath:Lighting FolderGuid:963EC3EB4002CCE9759E2EBA541A873A
 |   |   |- Guid:4AC84DCD4013B1695B73D1879F9F4788 BaseClass:/Game/CoinGame/BP_Coin.BP_Coin_C NativeClass:/Script/Engine.Actor Name:BP_Coin_C_UAID_04421A23BFAC246701_1604811278 Label:BP_Coin4 SpatiallyLoaded:1 Bounds:IsValid=true, Min=(X=1579.530 Y=1207.632 Z=48.398), Max=(X=1643.530 Y=1212.432 Z=112.398) RuntimeGrid:None EditorOnly:0 RuntimeOnly:0 HLODRelevant:0
 |   |   |- Guid:52D85E9946803A3C5F7A8CB37030EB1D BaseClass: NativeClass:/Script/Engine.PlayerStart Name:PlayerStart_0 Label:PlayerStart SpatiallyLoaded:0 Bounds:IsValid=true, Min=(X=1550.000 Y=450.000 Z=0.013), Max=(X=1630.000 Y=530.000 Z=184.013) RuntimeGrid:None EditorOnly:0 RuntimeOnly:0 HLODRelevant:0
 |   |   |- Guid:57DE1575432ABBD6EC880FB5EF1F2214 BaseClass:/Game/CoinGame/BP_Coin.BP_Coin_C NativeClass:/Script/Engine.Actor Name:BP_Coin_C_UAID_04421A23BFAC246701_1601359276 Label:BP_Coin2 SpatiallyLoaded:1 Bounds:IsValid=true, Min=(X=1579.530 Y=1437.632 Z=128.398), Max=(X=1643.530 Y=1442.432 Z=192.398) RuntimeGrid:None EditorOnly:0 RuntimeOnly:0 HLODRelevant:0
 |   |   |- Guid:5ED01BE44716AB42371122B5DEE1DCC7 BaseClass: NativeClass:/Script/Engine.StaticMeshActor Name:StaticMeshActor_UAID_A4AE111137DC5EFB00_1110535423 Label:SM_SkySphere SpatiallyLoaded:0 Bounds:IsValid=true, Min=(X=-1638400.000 Y=-1638400.000 Z=-1638400.000), Max=(X=1638400.000 Y=1638400.000 Z=1638400.000) RuntimeGrid:None EditorOnly:0 RuntimeOnly:0 HLODRelevant:1 FolderPath:Lighting FolderGuid:963EC3EB4002CCE9759E2EBA541A873A
 |   |   |- Guid:7B3BCEA945E9AA7DA32E3A8FEC6DF063 BaseClass:/Game/Project/BP_MoveRect.BP_MoveRect_C NativeClass:/Script/Engine.Actor Name:BP_MoveRect_C_UAID_04421A23BFAC226701_1236150915 Label:BP_MoveRect2 SpatiallyLoaded:1 Bounds:IsValid=true, Min=(X=780.000 Y=2050.000 Z=50.000), Max=(X=880.000 Y=2150.000 Z=150.000) RuntimeGrid:None EditorOnly:0 RuntimeOnly:0 HLODRelevant:0
 |   |   |- Guid:7BBD4CD043AEF3E7904182877ED0F5EC BaseClass:/Game/Project/Jump.Jump_C NativeClass:/Script/Engine.Actor Name:Jump_C_UAID_04421A23BFAC236701_1096143096 Label:Jump3 SpatiallyLoaded:1 Bounds:IsValid=true, Min=(X=170.000 Y=1950.000 Z=0.068), Max=(X=270.000 Y=2050.000 Z=100.068) RuntimeGrid:None EditorOnly:0 RuntimeOnly:0 HLODRelevant:0
 |   |   |- Guid:871A72A04FF78ECD04A660A327A6FA2C BaseClass: NativeClass:/Script/Engine.VolumetricCloud Name:VolumetricCloud_0 Label:VolumetricCloud SpatiallyLoaded:0 Bounds:IsValid=true, Min=(X=0.000 Y=0.000 Z=820.000), Max=(X=0.000 Y=0.000 Z=820.000) RuntimeGrid:None EditorOnly:0 RuntimeOnly:0 HLODRelevant:0 FolderPath:Lighting FolderGuid:963EC3EB4002CCE9759E2EBA541A873A
 |   |   |- Guid:88A8CD8C433856162EE531B4A1A13CC6 BaseClass: NativeClass:/Script/Engine.StaticMeshActor Name:StaticMeshActor_UAID_04421A23BFAC656701_1245902705 Label:Cube SpatiallyLoaded:1 Bounds:IsValid=true, Min=(X=1327.500 Y=1357.500 Z=-87.500), Max=(X=1852.500 Y=1382.500 Z=87.500) RuntimeGrid:None EditorOnly:0 RuntimeOnly:0 HLODRelevant:1
 |   |   |- Guid:88DC9F874B88F420566223B11ECA04B5 BaseClass: NativeClass:/Script/Engine.StaticMeshActor Name:StaticMeshActor_1 Label:SM_Cube SpatiallyLoaded:1 Bounds:IsValid=true, Min=(X=0.000 Y=0.000 Z=-50.000), Max=(X=3000.000 Y=3500.000 Z=0.000) RuntimeGrid:None EditorOnly:0 RuntimeOnly:0 HLODRelevant:1 FolderPath:Playground FolderGuid:C73F09FC4215536B1DCE2A9E0A830C70
 |   |   |- Guid:911C175B4A83AAEB361F89A104B878AD BaseClass:/Game/Project/BP_MoveLeftRight.BP_MoveLeftRight_C NativeClass:/Script/Engine.Actor Name:BP_MoveLeftRight_C_UAID_04421A23BFAC206701_1827864559 Label:BP_MoveLeftRight SpatiallyLoaded:1 Bounds:IsValid=true, Min=(X=1100.000 Y=1630.000 Z=0.000), Max=(X=1200.000 Y=1730.000 Z=100.000) RuntimeGrid:None EditorOnly:0 RuntimeOnly:0 HLODRelevant:0
 |   |   |- Guid:9CE8E05A452B9AA419E10AB15B82F1F5 BaseClass:/Game/CoinGame/BP_Portal.BP_Portal_C NativeClass:/Script/Engine.Actor Name:BP_Portal_C_UAID_04421A23BFAC246701_1592650275 Label:BP_Portal SpatiallyLoaded:1 Bounds:IsValid=true, Min=(X=1475.745 Y=1812.500 Z=20.094), Max=(X=1687.500 Y=1847.500 Z=395.250) RuntimeGrid:None EditorOnly:0 RuntimeOnly:0 HLODRelevant:0
 |   |   |- Guid:BA073DD94FF39168E55D4B9C6C4B1DAA BaseClass:/Game/Project/BP_MoveLeftRight.BP_MoveLeftRight_C NativeClass:/Script/Engine.Actor Name:BP_MoveLeftRight_C_UAID_04421A23BFAC226701_1245607917 Label:BP_MoveLeftRight3 SpatiallyLoaded:1 Bounds:IsValid=true, Min=(X=1100.000 Y=1870.000 Z=0.000), Max=(X=1200.000 Y=1970.000 Z=100.000) RuntimeGrid:None EditorOnly:0 RuntimeOnly:0 HLODRelevant:0
 |   |   |- Guid:C55E3F0A48657690895A8EA987BF69CF BaseClass: NativeClass:/Script/Engine.ExponentialHeightFog Name:ExponentialHeightFog_0 Label:ExponentialHeightFog SpatiallyLoaded:0 Bounds:IsValid=true, Min=(X=-5600.000 Y=-50.000 Z=-6850.000), Max=(X=-5600.000 Y=-50.000 Z=-6850.000) RuntimeGrid:None EditorOnly:0 RuntimeOnly:0 HLODRelevant:0 FolderPath:Lighting FolderGuid:963EC3EB4002CCE9759E2EBA541A873A
 |   |   |- Guid:C9176E7744310FAB2288848C223F9921 BaseClass:/Game/Project/BP_SwitchBox.BP_SwitchBox_C NativeClass:/Script/Engine.Actor Name:BP_SwitchBox_C_UAID_04421A23BFAC216701_1468362737 Label:BP_SwitchBox SpatiallyLoaded:1 Bounds:IsValid=true, Min=(X=620.000 Y=1430.000 Z=-9.937), Max=(X=720.000 Y=1530.000 Z=10.063) RuntimeGrid:None EditorOnly:0 RuntimeOnly:0 HLODRelevant:0
 |   |   |- Guid:D4D0D4AC456A2A619EBBA5927A4A4243 BaseClass:/Game/Project/BP_MoveLeftRight.BP_MoveLeftRight_C NativeClass:/Script/Engine.Actor Name:BP_MoveLeftRight_C_UAID_04421A23BFAC216701_2134393738 Label:BP_MoveLeftRight2 SpatiallyLoaded:1 Bounds:IsValid=true, Min=(X=1100.000 Y=1420.000 Z=0.000), Max=(X=1200.000 Y=1520.000 Z=100.000) RuntimeGrid:None EditorOnly:0 RuntimeOnly:0 HLODRelevant:0
 |   |   |- Guid:DD90BF7641564C092F595FBD4E181114 BaseClass:/Game/CoinGame/BP_Coin.BP_Coin_C NativeClass:/Script/Engine.Actor Name:BP_Coin_C_UAID_04421A23BFAC236701_1414822097 Label:BP_Coin SpatiallyLoaded:1 Bounds:IsValid=true, Min=(X=1579.530 Y=1537.632 Z=48.398), Max=(X=1643.530 Y=1542.432 Z=112.398) RuntimeGrid:None EditorOnly:0 RuntimeOnly:0 HLODRelevant:0
 |   |   |- Guid:E7D2FD5449A00AA6603F51B27027B0FB BaseClass: NativeClass:/Script/Engine.SkyAtmosphere Name:SkyAtmosphere_0 Label:SkyAtmosphere SpatiallyLoaded:0 Bounds:IsValid=true, Min=(X=0.000 Y=0.000 Z=1020.000), Max=(X=0.000 Y=0.000 Z=1020.000) RuntimeGrid:None EditorOnly:0 RuntimeOnly:0 HLODRelevant:0 FolderPath:Lighting FolderGuid:963EC3EB4002CCE9759E2EBA541A873A
 |   |   |- Guid:EC59D33C416694828B32DB998C38D56C BaseClass: NativeClass:/Script/Engine.TextRenderActor Name:TextRenderActor_UAID_04421A23BFAC656701_1170977704 Label:TextRenderActor SpatiallyLoaded:1 Bounds:IsValid=true, Min=(X=1303.846 Y=790.000 Z=20.000), Max=(X=1896.154 Y=990.000 Z=20.000) RuntimeGrid:None EditorOnly:0 RuntimeOnly:0 HLODRelevant:0
 |   |   |- Guid:F120904D4785E929345E72A368ECC908 BaseClass: NativeClass:/Script/Engine.PostProcessVolume Name:PostProcessVolume_0 Label:PostProcessVolume SpatiallyLoaded:0 Bounds:IsValid=true, Min=(X=0.000 Y=0.000 Z=400.000), Max=(X=200.000 Y=200.000 Z=600.000) RuntimeGrid:None EditorOnly:0 RuntimeOnly:0 HLODRelevant:0 FolderPath:Lighting FolderGuid:963EC3EB4002CCE9759E2EBA541A873A
 |   |   |- Guid:F5CFF2EC4FC12BEB228A1DA355344010 BaseClass:/Game/Project/BP_MoveRect.BP_MoveRect_C NativeClass:/Script/Engine.Actor Name:BP_MoveRect_C_UAID_04421A23BFAC216701_1460296736 Label:BP_MoveRect SpatiallyLoaded:1 Bounds:IsValid=true, Min=(X=780.000 Y=1920.000 Z=50.000), Max=(X=880.000 Y=2020.000 Z=150.000) RuntimeGrid:None EditorOnly:0 RuntimeOnly:0 HLODRelevant:0
 |   |   |- Guid:F892D5B04F9A0248C7D8088B2AAEE5CD BaseClass: NativeClass:/Script/Engine.WorldDataLayers Name:WorldDataLayers Label:WorldDataLayers SpatiallyLoaded:0 Bounds:IsValid=true, Min=(X=0.000 Y=0.000 Z=0.000), Max=(X=0.000 Y=0.000 Z=0.000) RuntimeGrid:None EditorOnly:0 RuntimeOnly:0 HLODRelevant:0
 |   |- [+] Clusters:
 |   |   |- [+] [  0]
 |   |   |   |- Guid:F892D5B04F9A0248C7D8088B2AAEE5CD BaseClass: NativeClass:/Script/Engine.WorldDataLayers Name:WorldDataLayers Label:WorldDataLayers SpatiallyLoaded:0 Bounds:IsValid=true, Min=(X=0.000 Y=0.000 Z=0.000), Max=(X=0.000 Y=0.000 Z=0.000) RuntimeGrid:None EditorOnly:0 RuntimeOnly:0 HLODRelevant:0
 |   |   |- [+] [  1]
 |   |   |   |- Guid:52D85E9946803A3C5F7A8CB37030EB1D BaseClass: NativeClass:/Script/Engine.PlayerStart Name:PlayerStart_0 Label:PlayerStart SpatiallyLoaded:0 Bounds:IsValid=true, Min=(X=1550.000 Y=450.000 Z=0.013), Max=(X=1630.000 Y=530.000 Z=184.013) RuntimeGrid:None EditorOnly:0 RuntimeOnly:0 HLODRelevant:0
 |   |   |- [+] [  2]
 |   |   |   |- Guid:911C175B4A83AAEB361F89A104B878AD BaseClass:/Game/Project/BP_MoveLeftRight.BP_MoveLeftRight_C NativeClass:/Script/Engine.Actor Name:BP_MoveLeftRight_C_UAID_04421A23BFAC206701_1827864559 Label:BP_MoveLeftRight SpatiallyLoaded:1 Bounds:IsValid=true, Min=(X=1100.000 Y=1630.000 Z=0.000), Max=(X=1200.000 Y=1730.000 Z=100.000) RuntimeGrid:None EditorOnly:0 RuntimeOnly:0 HLODRelevant:0
 |   |   |- [+] [  3]
 |   |   |   |- Guid:5ED01BE44716AB42371122B5DEE1DCC7 BaseClass: NativeClass:/Script/Engine.StaticMeshActor Name:StaticMeshActor_UAID_A4AE111137DC5EFB00_1110535423 Label:SM_SkySphere SpatiallyLoaded:0 Bounds:IsValid=true, Min=(X=-1638400.000 Y=-1638400.000 Z=-1638400.000), Max=(X=1638400.000 Y=1638400.000 Z=1638400.000) RuntimeGrid:None EditorOnly:0 RuntimeOnly:0 HLODRelevant:1 FolderPath:Lighting FolderGuid:963EC3EB4002CCE9759E2EBA541A873A
 |   |   |- [+] [  4]
 |   |   |   |- Guid:7B3BCEA945E9AA7DA32E3A8FEC6DF063 BaseClass:/Game/Project/BP_MoveRect.BP_MoveRect_C NativeClass:/Script/Engine.Actor Name:BP_MoveRect_C_UAID_04421A23BFAC226701_1236150915 Label:BP_MoveRect2 SpatiallyLoaded:1 Bounds:IsValid=true, Min=(X=780.000 Y=2050.000 Z=50.000), Max=(X=880.000 Y=2150.000 Z=150.000) RuntimeGrid:None EditorOnly:0 RuntimeOnly:0 HLODRelevant:0
 |   |   |- [+] [  5]
 |   |   |   |- Guid:EC59D33C416694828B32DB998C38D56C BaseClass: NativeClass:/Script/Engine.TextRenderActor Name:TextRenderActor_UAID_04421A23BFAC656701_1170977704 Label:TextRenderActor SpatiallyLoaded:1 Bounds:IsValid=true, Min=(X=1303.846 Y=790.000 Z=20.000), Max=(X=1896.154 Y=990.000 Z=20.000) RuntimeGrid:None EditorOnly:0 RuntimeOnly:0 HLODRelevant:0
 |   |   |- [+] [  6]
 |   |   |   |- Guid:88A8CD8C433856162EE531B4A1A13CC6 BaseClass: NativeClass:/Script/Engine.StaticMeshActor Name:StaticMeshActor_UAID_04421A23BFAC656701_1245902705 Label:Cube SpatiallyLoaded:1 Bounds:IsValid=true, Min=(X=1327.500 Y=1357.500 Z=-87.500), Max=(X=1852.500 Y=1382.500 Z=87.500) RuntimeGrid:None EditorOnly:0 RuntimeOnly:0 HLODRelevant:1
 |   |   |- [+] [  7]
 |   |   |   |- Guid:19BCBA9147E5DAC4EADC40BD304BA1CC BaseClass: NativeClass:/Script/Engine.DirectionalLight Name:DirectionalLight_0 Label:DirectionalLight SpatiallyLoaded:0 Bounds:IsValid=true, Min=(X=-4398046511104.000 Y=-4398046511104.000 Z=-4398046511104.000), Max=(X=4398046511104.000 Y=4398046511104.000 Z=4398046511104.000) RuntimeGrid:None EditorOnly:0 RuntimeOnly:0 HLODRelevant:0 FolderPath:Lighting FolderGuid:963EC3EB4002CCE9759E2EBA541A873A
 |   |   |- [+] [  8]
 |   |   |   |- Guid:416685CB407374DD19C276B4C7EEFEAD BaseClass: NativeClass:/Script/Engine.SkyLight Name:SkyLight_1 Label:SkyLight SpatiallyLoaded:0 Bounds:IsValid=true, Min=(X=0.000 Y=0.000 Z=690.000), Max=(X=0.000 Y=0.000 Z=690.000) RuntimeGrid:None EditorOnly:0 RuntimeOnly:0 HLODRelevant:0 FolderPath:Lighting FolderGuid:963EC3EB4002CCE9759E2EBA541A873A
 |   |   |- [+] [  9]
 |   |   |   |- Guid:BA073DD94FF39168E55D4B9C6C4B1DAA BaseClass:/Game/Project/BP_MoveLeftRight.BP_MoveLeftRight_C NativeClass:/Script/Engine.Actor Name:BP_MoveLeftRight_C_UAID_04421A23BFAC226701_1245607917 Label:BP_MoveLeftRight3 SpatiallyLoaded:1 Bounds:IsValid=true, Min=(X=1100.000 Y=1870.000 Z=0.000), Max=(X=1200.000 Y=1970.000 Z=100.000) RuntimeGrid:None EditorOnly:0 RuntimeOnly:0 HLODRelevant:0
 |   |   |- [+] [ 10]
 |   |   |   |- Guid:88DC9F874B88F420566223B11ECA04B5 BaseClass: NativeClass:/Script/Engine.StaticMeshActor Name:StaticMeshActor_1 Label:SM_Cube SpatiallyLoaded:1 Bounds:IsValid=true, Min=(X=0.000 Y=0.000 Z=-50.000), Max=(X=3000.000 Y=3500.000 Z=0.000) RuntimeGrid:None EditorOnly:0 RuntimeOnly:0 HLODRelevant:1 FolderPath:Playground FolderGuid:C73F09FC4215536B1DCE2A9E0A830C70
 |   |   |- [+] [ 11]
 |   |   |   |- Guid:E7D2FD5449A00AA6603F51B27027B0FB BaseClass: NativeClass:/Script/Engine.SkyAtmosphere Name:SkyAtmosphere_0 Label:SkyAtmosphere SpatiallyLoaded:0 Bounds:IsValid=true, Min=(X=0.000 Y=0.000 Z=1020.000), Max=(X=0.000 Y=0.000 Z=1020.000) RuntimeGrid:None EditorOnly:0 RuntimeOnly:0 HLODRelevant:0 FolderPath:Lighting FolderGuid:963EC3EB4002CCE9759E2EBA541A873A
 |   |   |- [+] [ 12]
 |   |   |   |- Guid:F5CFF2EC4FC12BEB228A1DA355344010 BaseClass:/Game/Project/BP_MoveRect.BP_MoveRect_C NativeClass:/Script/Engine.Actor Name:BP_MoveRect_C_UAID_04421A23BFAC216701_1460296736 Label:BP_MoveRect SpatiallyLoaded:1 Bounds:IsValid=true, Min=(X=780.000 Y=1920.000 Z=50.000), Max=(X=880.000 Y=2020.000 Z=150.000) RuntimeGrid:None EditorOnly:0 RuntimeOnly:0 HLODRelevant:0
 |   |   |- [+] [ 13]
 |   |   |   |- Guid:C55E3F0A48657690895A8EA987BF69CF BaseClass: NativeClass:/Script/Engine.ExponentialHeightFog Name:ExponentialHeightFog_0 Label:ExponentialHeightFog SpatiallyLoaded:0 Bounds:IsValid=true, Min=(X=-5600.000 Y=-50.000 Z=-6850.000), Max=(X=-5600.000 Y=-50.000 Z=-6850.000) RuntimeGrid:None EditorOnly:0 RuntimeOnly:0 HLODRelevant:0 FolderPath:Lighting FolderGuid:963EC3EB4002CCE9759E2EBA541A873A
 |   |   |- [+] [ 14]
 |   |   |   |- Guid:C9176E7744310FAB2288848C223F9921 BaseClass:/Game/Project/BP_SwitchBox.BP_SwitchBox_C NativeClass:/Script/Engine.Actor Name:BP_SwitchBox_C_UAID_04421A23BFAC216701_1468362737 Label:BP_SwitchBox SpatiallyLoaded:1 Bounds:IsValid=true, Min=(X=620.000 Y=1430.000 Z=-9.937), Max=(X=720.000 Y=1530.000 Z=10.063) RuntimeGrid:None EditorOnly:0 RuntimeOnly:0 HLODRelevant:0
 |   |   |   |- Guid:3923B773440A5BA96FBFE297F210BC9F BaseClass:/Game/Project/Jump.Jump_C NativeClass:/Script/Engine.Actor Name:Jump_C_UAID_04421A23BFAC226701_1571714918 Label:Jump SpatiallyLoaded:1 Bounds:IsValid=true, Min=(X=450.000 Y=1760.000 Z=0.005), Max=(X=550.000 Y=1860.000 Z=100.005) RuntimeGrid:None EditorOnly:0 RuntimeOnly:0 HLODRelevant:0
 |   |   |   |- Guid:394F63DB4B9D6D127281D596D5CD02DC BaseClass:/Game/Project/Jump.Jump_C NativeClass:/Script/Engine.Actor Name:Jump_C_UAID_04421A23BFAC236701_1088408095 Label:Jump2 SpatiallyLoaded:1 Bounds:IsValid=true, Min=(X=90.000 Y=1630.000 Z=0.068), Max=(X=190.000 Y=1730.000 Z=100.068) RuntimeGrid:None EditorOnly:0 RuntimeOnly:0 HLODRelevant:0
 |   |   |   |- Guid:7BBD4CD043AEF3E7904182877ED0F5EC BaseClass:/Game/Project/Jump.Jump_C NativeClass:/Script/Engine.Actor Name:Jump_C_UAID_04421A23BFAC236701_1096143096 Label:Jump3 SpatiallyLoaded:1 Bounds:IsValid=true, Min=(X=170.000 Y=1950.000 Z=0.068), Max=(X=270.000 Y=2050.000 Z=100.068) RuntimeGrid:None EditorOnly:0 RuntimeOnly:0 HLODRelevant:0
 |   |   |- [+] [ 15]
 |   |   |   |- Guid:57DE1575432ABBD6EC880FB5EF1F2214 BaseClass:/Game/CoinGame/BP_Coin.BP_Coin_C NativeClass:/Script/Engine.Actor Name:BP_Coin_C_UAID_04421A23BFAC246701_1601359276 Label:BP_Coin2 SpatiallyLoaded:1 Bounds:IsValid=true, Min=(X=1579.530 Y=1437.632 Z=128.398), Max=(X=1643.530 Y=1442.432 Z=192.398) RuntimeGrid:None EditorOnly:0 RuntimeOnly:0 HLODRelevant:0
 |   |   |   |- Guid:254114034874F789551745872213FBCA BaseClass:/Game/CoinGame/BP_Coin.BP_Coin_C NativeClass:/Script/Engine.Actor Name:BP_Coin_C_UAID_04421A23BFAC246701_1603437277 Label:BP_Coin3 SpatiallyLoaded:1 Bounds:IsValid=true, Min=(X=1579.530 Y=1317.632 Z=128.398), Max=(X=1643.530 Y=1322.432 Z=192.398) RuntimeGrid:None EditorOnly:0 RuntimeOnly:0 HLODRelevant:0
 |   |   |   |- Guid:4AC84DCD4013B1695B73D1879F9F4788 BaseClass:/Game/CoinGame/BP_Coin.BP_Coin_C NativeClass:/Script/Engine.Actor Name:BP_Coin_C_UAID_04421A23BFAC246701_1604811278 Label:BP_Coin4 SpatiallyLoaded:1 Bounds:IsValid=true, Min=(X=1579.530 Y=1207.632 Z=48.398), Max=(X=1643.530 Y=1212.432 Z=112.398) RuntimeGrid:None EditorOnly:0 RuntimeOnly:0 HLODRelevant:0
 |   |   |   |- Guid:DD90BF7641564C092F595FBD4E181114 BaseClass:/Game/CoinGame/BP_Coin.BP_Coin_C NativeClass:/Script/Engine.Actor Name:BP_Coin_C_UAID_04421A23BFAC236701_1414822097 Label:BP_Coin SpatiallyLoaded:1 Bounds:IsValid=true, Min=(X=1579.530 Y=1537.632 Z=48.398), Max=(X=1643.530 Y=1542.432 Z=112.398) RuntimeGrid:None EditorOnly:0 RuntimeOnly:0 HLODRelevant:0
 |   |   |   |- Guid:9CE8E05A452B9AA419E10AB15B82F1F5 BaseClass:/Game/CoinGame/BP_Portal.BP_Portal_C NativeClass:/Script/Engine.Actor Name:BP_Portal_C_UAID_04421A23BFAC246701_1592650275 Label:BP_Portal SpatiallyLoaded:1 Bounds:IsValid=true, Min=(X=1475.745 Y=1812.500 Z=20.094), Max=(X=1687.500 Y=1847.500 Z=395.250) RuntimeGrid:None EditorOnly:0 RuntimeOnly:0 HLODRelevant:0
 |   |   |- [+] [ 16]
 |   |   |   |- Guid:F120904D4785E929345E72A368ECC908 BaseClass: NativeClass:/Script/Engine.PostProcessVolume Name:PostProcessVolume_0 Label:PostProcessVolume SpatiallyLoaded:0 Bounds:IsValid=true, Min=(X=0.000 Y=0.000 Z=400.000), Max=(X=200.000 Y=200.000 Z=600.000) RuntimeGrid:None EditorOnly:0 RuntimeOnly:0 HLODRelevant:0 FolderPath:Lighting FolderGuid:963EC3EB4002CCE9759E2EBA541A873A
 |   |   |- [+] [ 17]
 |   |   |   |- Guid:D4D0D4AC456A2A619EBBA5927A4A4243 BaseClass:/Game/Project/BP_MoveLeftRight.BP_MoveLeftRight_C NativeClass:/Script/Engine.Actor Name:BP_MoveLeftRight_C_UAID_04421A23BFAC216701_2134393738 Label:BP_MoveLeftRight2 SpatiallyLoaded:1 Bounds:IsValid=true, Min=(X=1100.000 Y=1420.000 Z=0.000), Max=(X=1200.000 Y=1520.000 Z=100.000) RuntimeGrid:None EditorOnly:0 RuntimeOnly:0 HLODRelevant:0
 |   |   |- [+] [ 18]
 |   |   |   |- Guid:871A72A04FF78ECD04A660A327A6FA2C BaseClass: NativeClass:/Script/Engine.VolumetricCloud Name:VolumetricCloud_0 Label:VolumetricCloud SpatiallyLoaded:0 Bounds:IsValid=true, Min=(X=0.000 Y=0.000 Z=820.000), Max=(X=0.000 Y=0.000 Z=820.000) RuntimeGrid:None EditorOnly:0 RuntimeOnly:0 HLODRelevant:0 FolderPath:Lighting FolderGuid:963EC3EB4002CCE9759E2EBA541A873A
 |   |   |- [+] [ 19]
 |   |   |   |- Guid:14C346E440E38EDE2015048B9A75D987 BaseClass:/Game/Project/BP_MoveRect.BP_MoveRect_C NativeClass:/Script/Engine.Actor Name:BP_MoveRect_C_UAID_04421A23BFAC226701_1238644916 Label:BP_MoveRect3 SpatiallyLoaded:1 Bounds:IsValid=true, Min=(X=780.000 Y=2180.000 Z=50.000), Max=(X=880.000 Y=2280.000 Z=150.000) RuntimeGrid:None EditorOnly:0 RuntimeOnly:0 HLODRelevant:0
 |- ContainerInstances:
 |- [+] MainContainer:
 |   |-        ID: 0x0000000000000000
 |   |-    Bounds: IsValid=false, Min=(X=0.000 Y=0.000 Z=0.000), Max=(X=0.000 Y=0.000 Z=0.000)
 |   |- Transform: 0.000000,0.000000,0.000000|0.000000,0.000000,-0.000000|1.000000,1.000000,1.000000
 |   |- Container: /Game/ThirdPerson/Maps/Stage3
----------------------------------------------------------------------------------------------------------------
Stage3 - Persistent Level
----------------------------------------------------------------------------------------------------------------
Always loaded Actor Count: 34 

----------------------------------------------------------------------------------------------------------------
Stage3 - Runtime Spatial Hash - Streaming Grid - MainGrid
----------------------------------------------------------------------------------------------------------------
            Origin: X=0.000 Y=0.000 Z=0.000
         Cell Size: 12800
      World Bounds: IsValid=false, Min=(X=0.000 Y=0.000 Z=0.000), Max=(X=0.000 Y=0.000 Z=0.000)
     Loading Range: 25600.00
Block Slow Loading: No
 ClientOnlyVisible: No

[+] Grid Levels: 1
 |- Level  0: Cell Count    0 | Cell Size   12800 | Actor Count    0 (0.0%)

[+] Content of Grid Level 0

