[+] Containers:
 |- [+] Container: /Game/ThirdPerson/Maps/ThirdPersonMap
 |   |- [+] ActorDescs:
 |   |   |- Guid:00D3F5E7452C0650F68EE79A28B6EADD BaseClass:/Game/Project/Jump.Jump_C NativeClass:/Script/Engine.Actor Name:Jump_C_UAID_04421A23BFAC236701_1088408095 Label:Jump2 SpatiallyLoaded:1 Bounds:IsValid=true, Min=(X=90.000 Y=1630.000 Z=0.068), Max=(X=190.000 Y=1730.000 Z=100.068) RuntimeGrid:None EditorOnly:0 RuntimeOnly:0 HLODRelevant:0
 |   |   |- Guid:0542EA3D46A62AC1CA4CD7AC0C22D3C4 BaseClass:/Game/Project/Jump.Jump_C NativeClass:/Script/Engine.Actor Name:Jump_C_UAID_04421A23BFAC226701_1571714918 Label:Jump SpatiallyLoaded:1 Bounds:IsValid=true, Min=(X=450.000 Y=1760.000 Z=0.005), Max=(X=550.000 Y=1860.000 Z=100.005) RuntimeGrid:None EditorOnly:0 RuntimeOnly:0 HLODRelevant:0
 |   |   |- Guid:1087CE4542D9BC2735A63FB870D49193 BaseClass:/Game/CoinGame/TimeGame/BP_TimeCoin.BP_TimeCoin_C NativeClass:/Script/Engine.Actor Name:BP_TimeCoin_C_UAID_04421A23BFAC606801_1913917880 Label:BP_TimeCoin3 SpatiallyLoaded:1 Bounds:IsValid=true, Min=(X=2920.090 Y=1405.328 Z=0.213), Max=(X=3019.910 Y=1414.672 Z=100.033) RuntimeGrid:None EditorOnly:0 RuntimeOnly:0 HLODRelevant:0
 |   |   |- Guid:1944E1244B7B0BF2C5B00FB034A2803B BaseClass:/Game/Project/BP_MoveLeftRight.BP_MoveLeftRight_C NativeClass:/Script/Engine.Actor Name:BP_MoveLeftRight_C_UAID_04421A23BFAC216701_2134393738 Label:BP_MoveLeftRight2 SpatiallyLoaded:1 Bounds:IsValid=true, Min=(X=1100.000 Y=1420.000 Z=0.000), Max=(X=1200.000 Y=1520.000 Z=100.000) RuntimeGrid:None EditorOnly:0 RuntimeOnly:0 HLODRelevant:0
 |   |   |- Guid:19AF65864D54523B2B3101BC9CF3DB40 BaseClass:/Game/Project/BP_MoveRect.BP_MoveRect_C NativeClass:/Script/Engine.Actor Name:BP_MoveRect_C_UAID_04421A23BFAC216701_1460296736 Label:BP_MoveRect SpatiallyLoaded:1 Bounds:IsValid=true, Min=(X=780.000 Y=1920.000 Z=50.000), Max=(X=880.000 Y=2020.000 Z=150.000) RuntimeGrid:None EditorOnly:0 RuntimeOnly:0 HLODRelevant:0
 |   |   |- Guid:1E4D00884FC12377EE6CCFAAEF5CD859 BaseClass:/Game/CoinGame/Game2/BP_Portal2.BP_Portal2_C NativeClass:/Script/Engine.Actor Name:BP_Portal2_C_UAID_04421A23BFAC7A6701_2134220410 Label:BP_Portal4 SpatiallyLoaded:1 Bounds:IsValid=true, Min=(X=2318.997 Y=1520.000 Z=38.625), Max=(X=2440.000 Y=1540.000 Z=253.000) RuntimeGrid:None EditorOnly:0 RuntimeOnly:0 HLODRelevant:0
 |   |   |- Guid:23BB4DFC43CFC0B0F8C50FBA9EA75213 BaseClass:/Game/CoinGame/TimeGame/BP_RedItem.BP_RedItem_C NativeClass:/Script/Engine.Actor Name:BP_RedItem_C_UAID_04421A23BFAC6A6801_1392794642 Label:BP_RedItem SpatiallyLoaded:1 Bounds:IsValid=true, Min=(X=3180.000 Y=870.000 Z=60.000), Max=(X=3280.000 Y=970.000 Z=160.000) RuntimeGrid:None EditorOnly:0 RuntimeOnly:0 HLODRelevant:0
 |   |   |- Guid:2FB58999456391D349DC0F86DAC136ED BaseClass: NativeClass:/Script/Engine.SkyLight Name:SkyLight_1 Label:SkyLight SpatiallyLoaded:0 Bounds:IsValid=true, Min=(X=0.000 Y=0.000 Z=690.000), Max=(X=0.000 Y=0.000 Z=690.000) RuntimeGrid:None EditorOnly:0 RuntimeOnly:0 HLODRelevant:0 FolderPath:Lighting FolderGuid:963EC3EB4002CCE9759E2EBA541A873A
 |   |   |- Guid:316CF2A6494ACA4C0E4180A87D36AB8F BaseClass: NativeClass:/Script/Engine.ExponentialHeightFog Name:ExponentialHeightFog_0 Label:ExponentialHeightFog SpatiallyLoaded:0 Bounds:IsValid=true, Min=(X=-5600.000 Y=-50.000 Z=-6850.000), Max=(X=-5600.000 Y=-50.000 Z=-6850.000) RuntimeGrid:None EditorOnly:0 RuntimeOnly:0 HLODRelevant:0 FolderPath:Lighting FolderGuid:963EC3EB4002CCE9759E2EBA541A873A
 |   |   |- Guid:3A00AA1C422CE54C0BDB60BAF471BFBB BaseClass: NativeClass:/Script/Engine.PlayerStart Name:PlayerStart_0 Label:PlayerStart SpatiallyLoaded:0 Bounds:IsValid=true, Min=(X=1550.000 Y=450.000 Z=0.013), Max=(X=1630.000 Y=530.000 Z=184.013) RuntimeGrid:None EditorOnly:0 RuntimeOnly:0 HLODRelevant:0
 |   |   |- Guid:421653594AF126702A7973A171788768 BaseClass:/Game/Project/BP_MoveLeftRight.BP_MoveLeftRight_C NativeClass:/Script/Engine.Actor Name:BP_MoveLeftRight_C_UAID_04421A23BFAC226701_1245607917 Label:BP_MoveLeftRight3 SpatiallyLoaded:1 Bounds:IsValid=true, Min=(X=1100.000 Y=1870.000 Z=0.000), Max=(X=1200.000 Y=1970.000 Z=100.000) RuntimeGrid:None EditorOnly:0 RuntimeOnly:0 HLODRelevant:0
 |   |   |- Guid:42276B1442148E7D0E2E959BFF364237 BaseClass:/Game/Project/BP_MoveRect.BP_MoveRect_C NativeClass:/Script/Engine.Actor Name:BP_MoveRect_C_UAID_04421A23BFAC226701_1238644916 Label:BP_MoveRect3 SpatiallyLoaded:1 Bounds:IsValid=true, Min=(X=780.000 Y=2180.000 Z=50.000), Max=(X=880.000 Y=2280.000 Z=150.000) RuntimeGrid:None EditorOnly:0 RuntimeOnly:0 HLODRelevant:0
 |   |   |- Guid:4C3B727B47014347CDDAABA0AA6910F6 BaseClass:/Game/CoinGame/TimeGame/BP_RedItem.BP_RedItem_C NativeClass:/Script/Engine.Actor Name:BP_RedItem_C_UAID_04421A23BFAC6A6801_1400231644 Label:BP_RedItem3 SpatiallyLoaded:1 Bounds:IsValid=true, Min=(X=3070.000 Y=1440.000 Z=60.000), Max=(X=3170.000 Y=1540.000 Z=160.000) RuntimeGrid:None EditorOnly:0 RuntimeOnly:0 HLODRelevant:0
 |   |   |- Guid:4D3BE93F4146AAAC8BBE79999D96D57F BaseClass: NativeClass:/Script/Engine.VolumetricCloud Name:VolumetricCloud_0 Label:VolumetricCloud SpatiallyLoaded:0 Bounds:IsValid=true, Min=(X=0.000 Y=0.000 Z=820.000), Max=(X=0.000 Y=0.000 Z=820.000) RuntimeGrid:None EditorOnly:0 RuntimeOnly:0 HLODRelevant:0 FolderPath:Lighting FolderGuid:963EC3EB4002CCE9759E2EBA541A873A
 |   |   |- Guid:522B1D5C4696CC9B982193B83E417192 BaseClass:/Game/CoinGame/Practice/BP_?????.BP_?????_C NativeClass:/Script/Engine.Actor Name:BP_?????_C_UAID_04421A23BFAC716801_1485977882 Label:BP_????? SpatiallyLoaded:1 Bounds:IsValid=true, Min=(X=990.000 Y=3480.000 Z=-50.000), Max=(X=1090.000 Y=3580.000 Z=50.000) RuntimeGrid:None EditorOnly:0 RuntimeOnly:0 HLODRelevant:0
 |   |   |- Guid:55DFD4DD412D081FE4FFCDB827A0D40C BaseClass:/Game/CoinGame/TimeGame/BP_TimeCoin.BP_TimeCoin_C NativeClass:/Script/Engine.Actor Name:BP_TimeCoin_C_UAID_04421A23BFAC606801_1911442879 Label:BP_TimeCoin2 SpatiallyLoaded:1 Bounds:IsValid=true, Min=(X=2550.090 Y=1555.328 Z=0.213), Max=(X=2649.910 Y=1564.672 Z=100.033) RuntimeGrid:None EditorOnly:0 RuntimeOnly:0 HLODRelevant:0
 |   |   |- Guid:55EA6B3F49C73D2062E502AC31F78A46 BaseClass:/Game/CoinGame/TimeGame/BP_TimeCoin.BP_TimeCoin_C NativeClass:/Script/Engine.Actor Name:BP_TimeCoin_C_UAID_04421A23BFAC5C6801_1884048180 Label:BP_TimeCoin SpatiallyLoaded:1 Bounds:IsValid=true, Min=(X=2730.090 Y=1725.328 Z=0.213), Max=(X=2829.910 Y=1734.672 Z=100.033) RuntimeGrid:None EditorOnly:0 RuntimeOnly:0 HLODRelevant:0
 |   |   |- Guid:6BAF4DDD444C60371492D3919DB42C97 BaseClass: NativeClass:/Script/Engine.WorldDataLayers Name:WorldDataLayers Label:WorldDataLayers SpatiallyLoaded:0 Bounds:IsValid=true, Min=(X=0.000 Y=0.000 Z=0.000), Max=(X=0.000 Y=0.000 Z=0.000) RuntimeGrid:None EditorOnly:0 RuntimeOnly:0 HLODRelevant:0
 |   |   |- Guid:86CE6D1D44E85F4961882C86E3998269 BaseClass:/Game/Project/BP_SwitchBox.BP_SwitchBox_C NativeClass:/Script/Engine.Actor Name:BP_SwitchBox_C_UAID_04421A23BFAC216701_1468362737 Label:BP_SwitchBox SpatiallyLoaded:1 Bounds:IsValid=true, Min=(X=620.000 Y=1430.000 Z=-9.937), Max=(X=720.000 Y=1530.000 Z=10.063) RuntimeGrid:None EditorOnly:0 RuntimeOnly:0 HLODRelevant:0
 |   |   |- Guid:88C9269C448FE9F78402A08269AF2F2A BaseClass:/Game/Project/BP_MoveSpline.BP_MoveSpline_C NativeClass:/Script/Engine.Actor Name:BP_MoveSpline_C_UAID_04421A23BFAC746701_1752595357 Label:BP_MoveSpline SpatiallyLoaded:1 Bounds:IsValid=true, Min=(X=994.619 Y=353.717 Z=-50.000), Max=(X=2875.252 Y=2193.040 Z=1531.115) RuntimeGrid:None EditorOnly:0 RuntimeOnly:0 HLODRelevant:0
 |   |   |- Guid:8AF71F5B49D481D9968BA68044245452 BaseClass:/Game/CoinGame/TimeGame/BP_TimePortal2.BP_TimePortal2_C NativeClass:/Script/Engine.Actor Name:BP_TimePortal_C_UAID_04421A23BFAC5C6801_1728597179 Label:BP_TimePortal SpatiallyLoaded:1 Bounds:IsValid=true, Min=(X=1379.500 Y=1150.000 Z=58.625), Max=(X=1480.500 Y=1170.000 Z=293.000) RuntimeGrid:None EditorOnly:0 RuntimeOnly:0 HLODRelevant:0
 |   |   |- Guid:8DD6214E4BEAA8B29ABDDDB53B233D07 BaseClass:/Game/Project/Jump.Jump_C NativeClass:/Script/Engine.Actor Name:Jump_C_UAID_04421A23BFAC236701_1096143096 Label:Jump3 SpatiallyLoaded:1 Bounds:IsValid=true, Min=(X=170.000 Y=1950.000 Z=0.068), Max=(X=270.000 Y=2050.000 Z=100.068) RuntimeGrid:None EditorOnly:0 RuntimeOnly:0 HLODRelevant:0
 |   |   |- Guid:8DFA95534348B2F564B1F18649B6BB9D BaseClass:/Game/Project/BP_MoveLeftRight.BP_MoveLeftRight_C NativeClass:/Script/Engine.Actor Name:BP_MoveLeftRight_C_UAID_04421A23BFAC206701_1827864559 Label:BP_MoveLeftRight SpatiallyLoaded:1 Bounds:IsValid=true, Min=(X=1100.000 Y=1630.000 Z=0.000), Max=(X=1200.000 Y=1730.000 Z=100.000) RuntimeGrid:None EditorOnly:0 RuntimeOnly:0 HLODRelevant:0
 |   |   |- Guid:918F70394C7E7DA06C8CCC9E24D1EBE1 BaseClass: NativeClass:/Script/Engine.TextRenderActor Name:TextRenderActor_UAID_04421A23BFAC656701_1170977704 Label:TextRenderActor SpatiallyLoaded:1 Bounds:IsValid=true, Min=(X=1303.846 Y=790.000 Z=20.000), Max=(X=1896.154 Y=990.000 Z=20.000) RuntimeGrid:None EditorOnly:0 RuntimeOnly:0 HLODRelevant:0
 |   |   |- Guid:9FD7784C411A81C4F9604E98F74D7B2B BaseClass:/Game/Project/BP_MoveRect.BP_MoveRect_C NativeClass:/Script/Engine.Actor Name:BP_MoveRect_C_UAID_04421A23BFAC226701_1236150915 Label:BP_MoveRect2 SpatiallyLoaded:1 Bounds:IsValid=true, Min=(X=780.000 Y=2050.000 Z=50.000), Max=(X=880.000 Y=2150.000 Z=150.000) RuntimeGrid:None EditorOnly:0 RuntimeOnly:0 HLODRelevant:0
 |   |   |- Guid:A069B3CA4C87E11D7E33C4B21FDC3DDB BaseClass:/Game/CoinGame/Game2/BP_Portal2.BP_Portal2_C NativeClass:/Script/Engine.Actor Name:BP_Portal2_C_UAID_04421A23BFAC7A6701_2095939409 Label:BP_Portal3 SpatiallyLoaded:1 Bounds:IsValid=true, Min=(X=2178.997 Y=1520.000 Z=38.625), Max=(X=2300.000 Y=1540.000 Z=253.000) RuntimeGrid:None EditorOnly:0 RuntimeOnly:0 HLODRelevant:0
 |   |   |- Guid:B785ED2844B84CFB91E7F39FE661CD99 BaseClass: NativeClass:/Script/Engine.DirectionalLight Name:DirectionalLight_0 Label:DirectionalLight SpatiallyLoaded:0 Bounds:IsValid=true, Min=(X=-1048576.000 Y=-1048576.000 Z=-1048576.000), Max=(X=1048576.000 Y=1048576.000 Z=1048576.000) RuntimeGrid:None EditorOnly:0 RuntimeOnly:0 HLODRelevant:0 FolderPath:Lighting FolderGuid:963EC3EB4002CCE9759E2EBA541A873A
 |   |   |- Guid:BEE3CAA04E80632E37959AB91AAF46A6 BaseClass:/Game/CoinGame/Practice/BP_?????.BP_?????_C NativeClass:/Script/Engine.Actor Name:BP_?????_C_UAID_04421A23BFAC716801_1487276883 Label:BP_?????2 SpatiallyLoaded:1 Bounds:IsValid=true, Min=(X=1260.000 Y=3580.000 Z=-50.000), Max=(X=1360.000 Y=3680.000 Z=50.000) RuntimeGrid:None EditorOnly:0 RuntimeOnly:0 HLODRelevant:0
 |   |   |- Guid:C21A58E04A77ECA4F17A97A17B5E5024 BaseClass:/Game/CoinGame/Practice/BP_??.BP_??_C NativeClass:/Script/Engine.Actor Name:BP_??_C_UAID_04421A23BFAC716801_1480305878 Label:BP_?? SpatiallyLoaded:1 Bounds:IsValid=true, Min=(X=1595.000 Y=3670.000 Z=10.000), Max=(X=1645.000 Y=3690.000 Z=110.000) RuntimeGrid:None EditorOnly:0 RuntimeOnly:0 HLODRelevant:0
 |   |   |- Guid:C3DA98E04D0EFD83C4CADDBDB327B66D BaseClass:/Game/CoinGame/Practice/BP_??.BP_??_C NativeClass:/Script/Engine.Actor Name:BP_??_C_UAID_04421A23BFAC716801_1481959879 Label:BP_?? SpatiallyLoaded:1 Bounds:IsValid=true, Min=(X=1059.530 Y=3767.632 Z=-31.602), Max=(X=1123.530 Y=3772.432 Z=32.398) RuntimeGrid:None EditorOnly:0 RuntimeOnly:0 HLODRelevant:0
 |   |   |- Guid:CCFF262C46EEFFDF319E7F9539CE697E BaseClass: NativeClass:/Script/Engine.SkyAtmosphere Name:SkyAtmosphere_0 Label:SkyAtmosphere SpatiallyLoaded:0 Bounds:IsValid=true, Min=(X=0.000 Y=0.000 Z=1020.000), Max=(X=0.000 Y=0.000 Z=1020.000) RuntimeGrid:None EditorOnly:0 RuntimeOnly:0 HLODRelevant:0 FolderPath:Lighting FolderGuid:963EC3EB4002CCE9759E2EBA541A873A
 |   |   |- Guid:D8890D9E42AD1C725C929C900CD04B2A BaseClass:/Game/CoinGame/BP_Conter.BP_Conter_C NativeClass:/Script/Engine.Actor Name:BP_Conter_C_UAID_04421A23BFAC556801_1424114944 Label:BP_Conter SpatiallyLoaded:1 Bounds:IsValid=true, Min=(X=2270.000 Y=100.000 Z=390.000), Max=(X=2370.000 Y=200.000 Z=615.000) RuntimeGrid:None EditorOnly:0 RuntimeOnly:0 HLODRelevant:0
 |   |   |- Guid:DA9061074EE3612C24D334B50776A94D BaseClass:/Game/Project/BP_MoveTimeLine.BP_MoveTimeLine_C NativeClass:/Script/Engine.Actor Name:BP_MoveTimeLine_C_UAID_04421A23BFAC716701_2098399827 Label:BP_MoveTimeLine SpatiallyLoaded:1 Bounds:IsValid=true, Min=(X=1688.625 Y=392.681 Z=-50.000), Max=(X=1788.625 Y=492.681 Z=50.000) RuntimeGrid:None EditorOnly:0 RuntimeOnly:0 HLODRelevant:0
 |   |   |- Guid:E814E11348EA229B647B178C9EDA992B BaseClass:/Game/CoinGame/TimeGame/BP_RedItem.BP_RedItem_C NativeClass:/Script/Engine.Actor Name:BP_RedItem_C_UAID_04421A23BFAC6A6801_1402053645 Label:BP_RedItem4 SpatiallyLoaded:1 Bounds:IsValid=true, Min=(X=2820.000 Y=1070.000 Z=50.000), Max=(X=2920.000 Y=1170.000 Z=150.000) RuntimeGrid:None EditorOnly:0 RuntimeOnly:0 HLODRelevant:0
 |   |   |- Guid:E9E3888845AB36017945B4B02BDE80DA BaseClass:/Game/CoinGame/Practice/BP_??.BP_??_C NativeClass:/Script/Engine.Actor Name:BP_??_C_UAID_04421A23BFAC716801_1483214880 Label:BP_??2 SpatiallyLoaded:1 Bounds:IsValid=true, Min=(X=1239.530 Y=3307.632 Z=-31.602), Max=(X=1303.530 Y=3312.432 Z=32.398) RuntimeGrid:None EditorOnly:0 RuntimeOnly:0 HLODRelevant:0
 |   |   |- Guid:EC4E0C944CE6AC6E784BC6BB2916EA13 BaseClass: NativeClass:/Script/Engine.StaticMeshActor Name:StaticMeshActor_UAID_A4AE111137DC5EFB00_1110535423 Label:SM_SkySphere SpatiallyLoaded:0 Bounds:IsValid=true, Min=(X=-1638400.000 Y=-1638400.000 Z=-1638400.000), Max=(X=1638400.000 Y=1638400.000 Z=1638400.000) RuntimeGrid:None EditorOnly:0 RuntimeOnly:0 HLODRelevant:1 FolderPath:Lighting FolderGuid:963EC3EB4002CCE9759E2EBA541A873A
 |   |   |- Guid:F1924B8D48954B30891B2DB6A694F9CC BaseClass: NativeClass:/Script/Engine.StaticMeshActor Name:StaticMeshActor_1 Label:SM_Cube SpatiallyLoaded:1 Bounds:IsValid=true, Min=(X=0.000 Y=0.000 Z=-50.000), Max=(X=100000.000 Y=100000.000 Z=0.000) RuntimeGrid:None EditorOnly:0 RuntimeOnly:0 HLODRelevant:1 FolderPath:Playground FolderGuid:C73F09FC4215536B1DCE2A9E0A830C70
 |   |   |- Guid:F352929D491019607F7669A73139640B BaseClass:/Game/CoinGame/TimeGame/BP_RedItem.BP_RedItem_C NativeClass:/Script/Engine.Actor Name:BP_RedItem_C_UAID_04421A23BFAC6A6801_1394791643 Label:BP_RedItem2 SpatiallyLoaded:1 Bounds:IsValid=true, Min=(X=2740.000 Y=1440.000 Z=60.000), Max=(X=2840.000 Y=1540.000 Z=160.000) RuntimeGrid:None EditorOnly:0 RuntimeOnly:0 HLODRelevant:0
 |   |   |- Guid:F4439E8044D457D06BCC04BE7DDACAFC BaseClass:/Game/CoinGame/NICEGUN.NICEGUN_C NativeClass:/Script/Engine.Actor Name:NICEGUN_C_UAID_04421A23BFAC7E6701_1607753115 Label:NICEGUN SpatiallyLoaded:1 Bounds:IsValid=true, Min=(X=1100.000 Y=590.000 Z=-50.000), Max=(X=1200.000 Y=690.000 Z=50.000) RuntimeGrid:None EditorOnly:0 RuntimeOnly:0 HLODRelevant:0
 |   |   |- Guid:F5E3FEB3450C49844FD93DA8E083C8AD BaseClass: NativeClass:/Script/Engine.PostProcessVolume Name:PostProcessVolume_0 Label:PostProcessVolume SpatiallyLoaded:0 Bounds:IsValid=true, Min=(X=0.000 Y=0.000 Z=400.000), Max=(X=200.000 Y=200.000 Z=600.000) RuntimeGrid:None EditorOnly:0 RuntimeOnly:0 HLODRelevant:0 FolderPath:Lighting FolderGuid:963EC3EB4002CCE9759E2EBA541A873A
 |   |   |- Guid:F8ED730646E071F98762AA8DD69F08B0 BaseClass:/Game/CoinGame/Practice/BP_??.BP_??_C NativeClass:/Script/Engine.Actor Name:BP_??_C_UAID_04421A23BFAC716801_1484297881 Label:BP_??3 SpatiallyLoaded:1 Bounds:IsValid=true, Min=(X=1199.530 Y=3517.632 Z=-31.602), Max=(X=1263.530 Y=3522.432 Z=32.398) RuntimeGrid:None EditorOnly:0 RuntimeOnly:0 HLODRelevant:0
 |   |- [+] Clusters:
 |   |   |- [+] [  0]
 |   |   |   |- Guid:6BAF4DDD444C60371492D3919DB42C97 BaseClass: NativeClass:/Script/Engine.WorldDataLayers Name:WorldDataLayers Label:WorldDataLayers SpatiallyLoaded:0 Bounds:IsValid=true, Min=(X=0.000 Y=0.000 Z=0.000), Max=(X=0.000 Y=0.000 Z=0.000) RuntimeGrid:None EditorOnly:0 RuntimeOnly:0 HLODRelevant:0
 |   |   |- [+] [  1]
 |   |   |   |- Guid:D8890D9E42AD1C725C929C900CD04B2A BaseClass:/Game/CoinGame/BP_Conter.BP_Conter_C NativeClass:/Script/Engine.Actor Name:BP_Conter_C_UAID_04421A23BFAC556801_1424114944 Label:BP_Conter SpatiallyLoaded:1 Bounds:IsValid=true, Min=(X=2270.000 Y=100.000 Z=390.000), Max=(X=2370.000 Y=200.000 Z=615.000) RuntimeGrid:None EditorOnly:0 RuntimeOnly:0 HLODRelevant:0
 |   |   |- [+] [  2]
 |   |   |   |- Guid:421653594AF126702A7973A171788768 BaseClass:/Game/Project/BP_MoveLeftRight.BP_MoveLeftRight_C NativeClass:/Script/Engine.Actor Name:BP_MoveLeftRight_C_UAID_04421A23BFAC226701_1245607917 Label:BP_MoveLeftRight3 SpatiallyLoaded:1 Bounds:IsValid=true, Min=(X=1100.000 Y=1870.000 Z=0.000), Max=(X=1200.000 Y=1970.000 Z=100.000) RuntimeGrid:None EditorOnly:0 RuntimeOnly:0 HLODRelevant:0
 |   |   |- [+] [  3]
 |   |   |   |- Guid:86CE6D1D44E85F4961882C86E3998269 BaseClass:/Game/Project/BP_SwitchBox.BP_SwitchBox_C NativeClass:/Script/Engine.Actor Name:BP_SwitchBox_C_UAID_04421A23BFAC216701_1468362737 Label:BP_SwitchBox SpatiallyLoaded:1 Bounds:IsValid=true, Min=(X=620.000 Y=1430.000 Z=-9.937), Max=(X=720.000 Y=1530.000 Z=10.063) RuntimeGrid:None EditorOnly:0 RuntimeOnly:0 HLODRelevant:0
 |   |   |   |- Guid:0542EA3D46A62AC1CA4CD7AC0C22D3C4 BaseClass:/Game/Project/Jump.Jump_C NativeClass:/Script/Engine.Actor Name:Jump_C_UAID_04421A23BFAC226701_1571714918 Label:Jump SpatiallyLoaded:1 Bounds:IsValid=true, Min=(X=450.000 Y=1760.000 Z=0.005), Max=(X=550.000 Y=1860.000 Z=100.005) RuntimeGrid:None EditorOnly:0 RuntimeOnly:0 HLODRelevant:0
 |   |   |   |- Guid:00D3F5E7452C0650F68EE79A28B6EADD BaseClass:/Game/Project/Jump.Jump_C NativeClass:/Script/Engine.Actor Name:Jump_C_UAID_04421A23BFAC236701_1088408095 Label:Jump2 SpatiallyLoaded:1 Bounds:IsValid=true, Min=(X=90.000 Y=1630.000 Z=0.068), Max=(X=190.000 Y=1730.000 Z=100.068) RuntimeGrid:None EditorOnly:0 RuntimeOnly:0 HLODRelevant:0
 |   |   |   |- Guid:8DD6214E4BEAA8B29ABDDDB53B233D07 BaseClass:/Game/Project/Jump.Jump_C NativeClass:/Script/Engine.Actor Name:Jump_C_UAID_04421A23BFAC236701_1096143096 Label:Jump3 SpatiallyLoaded:1 Bounds:IsValid=true, Min=(X=170.000 Y=1950.000 Z=0.068), Max=(X=270.000 Y=2050.000 Z=100.068) RuntimeGrid:None EditorOnly:0 RuntimeOnly:0 HLODRelevant:0
 |   |   |   |- Guid:88C9269C448FE9F78402A08269AF2F2A BaseClass:/Game/Project/BP_MoveSpline.BP_MoveSpline_C NativeClass:/Script/Engine.Actor Name:BP_MoveSpline_C_UAID_04421A23BFAC746701_1752595357 Label:BP_MoveSpline SpatiallyLoaded:1 Bounds:IsValid=true, Min=(X=994.619 Y=353.717 Z=-50.000), Max=(X=2875.252 Y=2193.040 Z=1531.115) RuntimeGrid:None EditorOnly:0 RuntimeOnly:0 HLODRelevant:0
 |   |   |   |- Guid:DA9061074EE3612C24D334B50776A94D BaseClass:/Game/Project/BP_MoveTimeLine.BP_MoveTimeLine_C NativeClass:/Script/Engine.Actor Name:BP_MoveTimeLine_C_UAID_04421A23BFAC716701_2098399827 Label:BP_MoveTimeLine SpatiallyLoaded:1 Bounds:IsValid=true, Min=(X=1688.625 Y=392.681 Z=-50.000), Max=(X=1788.625 Y=492.681 Z=50.000) RuntimeGrid:None EditorOnly:0 RuntimeOnly:0 HLODRelevant:0
 |   |   |- [+] [  4]
 |   |   |   |- Guid:F5E3FEB3450C49844FD93DA8E083C8AD BaseClass: NativeClass:/Script/Engine.PostProcessVolume Name:PostProcessVolume_0 Label:PostProcessVolume SpatiallyLoaded:0 Bounds:IsValid=true, Min=(X=0.000 Y=0.000 Z=400.000), Max=(X=200.000 Y=200.000 Z=600.000) RuntimeGrid:None EditorOnly:0 RuntimeOnly:0 HLODRelevant:0 FolderPath:Lighting FolderGuid:963EC3EB4002CCE9759E2EBA541A873A
 |   |   |- [+] [  5]
 |   |   |   |- Guid:F4439E8044D457D06BCC04BE7DDACAFC BaseClass:/Game/CoinGame/NICEGUN.NICEGUN_C NativeClass:/Script/Engine.Actor Name:NICEGUN_C_UAID_04421A23BFAC7E6701_1607753115 Label:NICEGUN SpatiallyLoaded:1 Bounds:IsValid=true, Min=(X=1100.000 Y=590.000 Z=-50.000), Max=(X=1200.000 Y=690.000 Z=50.000) RuntimeGrid:None EditorOnly:0 RuntimeOnly:0 HLODRelevant:0
 |   |   |- [+] [  6]
 |   |   |   |- Guid:918F70394C7E7DA06C8CCC9E24D1EBE1 BaseClass: NativeClass:/Script/Engine.TextRenderActor Name:TextRenderActor_UAID_04421A23BFAC656701_1170977704 Label:TextRenderActor SpatiallyLoaded:1 Bounds:IsValid=true, Min=(X=1303.846 Y=790.000 Z=20.000), Max=(X=1896.154 Y=990.000 Z=20.000) RuntimeGrid:None EditorOnly:0 RuntimeOnly:0 HLODRelevant:0
 |   |   |- [+] [  7]
 |   |   |   |- Guid:4D3BE93F4146AAAC8BBE79999D96D57F BaseClass: NativeClass:/Script/Engine.VolumetricCloud Name:VolumetricCloud_0 Label:VolumetricCloud SpatiallyLoaded:0 Bounds:IsValid=true, Min=(X=0.000 Y=0.000 Z=820.000), Max=(X=0.000 Y=0.000 Z=820.000) RuntimeGrid:None EditorOnly:0 RuntimeOnly:0 HLODRelevant:0 FolderPath:Lighting FolderGuid:963EC3EB4002CCE9759E2EBA541A873A
 |   |   |- [+] [  8]
 |   |   |   |- Guid:CCFF262C46EEFFDF319E7F9539CE697E BaseClass: NativeClass:/Script/Engine.SkyAtmosphere Name:SkyAtmosphere_0 Label:SkyAtmosphere SpatiallyLoaded:0 Bounds:IsValid=true, Min=(X=0.000 Y=0.000 Z=1020.000), Max=(X=0.000 Y=0.000 Z=1020.000) RuntimeGrid:None EditorOnly:0 RuntimeOnly:0 HLODRelevant:0 FolderPath:Lighting FolderGuid:963EC3EB4002CCE9759E2EBA541A873A
 |   |   |- [+] [  9]
 |   |   |   |- Guid:EC4E0C944CE6AC6E784BC6BB2916EA13 BaseClass: NativeClass:/Script/Engine.StaticMeshActor Name:StaticMeshActor_UAID_A4AE111137DC5EFB00_1110535423 Label:SM_SkySphere SpatiallyLoaded:0 Bounds:IsValid=true, Min=(X=-1638400.000 Y=-1638400.000 Z=-1638400.000), Max=(X=1638400.000 Y=1638400.000 Z=1638400.000) RuntimeGrid:None EditorOnly:0 RuntimeOnly:0 HLODRelevant:1 FolderPath:Lighting FolderGuid:963EC3EB4002CCE9759E2EBA541A873A
 |   |   |- [+] [ 10]
 |   |   |   |- Guid:8AF71F5B49D481D9968BA68044245452 BaseClass:/Game/CoinGame/TimeGame/BP_TimePortal2.BP_TimePortal2_C NativeClass:/Script/Engine.Actor Name:BP_TimePortal_C_UAID_04421A23BFAC5C6801_1728597179 Label:BP_TimePortal SpatiallyLoaded:1 Bounds:IsValid=true, Min=(X=1379.500 Y=1150.000 Z=58.625), Max=(X=1480.500 Y=1170.000 Z=293.000) RuntimeGrid:None EditorOnly:0 RuntimeOnly:0 HLODRelevant:0
 |   |   |- [+] [ 11]
 |   |   |   |- Guid:B785ED2844B84CFB91E7F39FE661CD99 BaseClass: NativeClass:/Script/Engine.DirectionalLight Name:DirectionalLight_0 Label:DirectionalLight SpatiallyLoaded:0 Bounds:IsValid=true, Min=(X=-1048576.000 Y=-1048576.000 Z=-1048576.000), Max=(X=1048576.000 Y=1048576.000 Z=1048576.000) RuntimeGrid:None EditorOnly:0 RuntimeOnly:0 HLODRelevant:0 FolderPath:Lighting FolderGuid:963EC3EB4002CCE9759E2EBA541A873A
 |   |   |- [+] [ 12]
 |   |   |   |- Guid:316CF2A6494ACA4C0E4180A87D36AB8F BaseClass: NativeClass:/Script/Engine.ExponentialHeightFog Name:ExponentialHeightFog_0 Label:ExponentialHeightFog SpatiallyLoaded:0 Bounds:IsValid=true, Min=(X=-5600.000 Y=-50.000 Z=-6850.000), Max=(X=-5600.000 Y=-50.000 Z=-6850.000) RuntimeGrid:None EditorOnly:0 RuntimeOnly:0 HLODRelevant:0 FolderPath:Lighting FolderGuid:963EC3EB4002CCE9759E2EBA541A873A
 |   |   |- [+] [ 13]
 |   |   |   |- Guid:F1924B8D48954B30891B2DB6A694F9CC BaseClass: NativeClass:/Script/Engine.StaticMeshActor Name:StaticMeshActor_1 Label:SM_Cube SpatiallyLoaded:1 Bounds:IsValid=true, Min=(X=0.000 Y=0.000 Z=-50.000), Max=(X=100000.000 Y=100000.000 Z=0.000) RuntimeGrid:None EditorOnly:0 RuntimeOnly:0 HLODRelevant:1 FolderPath:Playground FolderGuid:C73F09FC4215536B1DCE2A9E0A830C70
 |   |   |- [+] [ 14]
 |   |   |   |- Guid:9FD7784C411A81C4F9604E98F74D7B2B BaseClass:/Game/Project/BP_MoveRect.BP_MoveRect_C NativeClass:/Script/Engine.Actor Name:BP_MoveRect_C_UAID_04421A23BFAC226701_1236150915 Label:BP_MoveRect2 SpatiallyLoaded:1 Bounds:IsValid=true, Min=(X=780.000 Y=2050.000 Z=50.000), Max=(X=880.000 Y=2150.000 Z=150.000) RuntimeGrid:None EditorOnly:0 RuntimeOnly:0 HLODRelevant:0
 |   |   |- [+] [ 15]
 |   |   |   |- Guid:2FB58999456391D349DC0F86DAC136ED BaseClass: NativeClass:/Script/Engine.SkyLight Name:SkyLight_1 Label:SkyLight SpatiallyLoaded:0 Bounds:IsValid=true, Min=(X=0.000 Y=0.000 Z=690.000), Max=(X=0.000 Y=0.000 Z=690.000) RuntimeGrid:None EditorOnly:0 RuntimeOnly:0 HLODRelevant:0 FolderPath:Lighting FolderGuid:963EC3EB4002CCE9759E2EBA541A873A
 |   |   |- [+] [ 16]
 |   |   |   |- Guid:A069B3CA4C87E11D7E33C4B21FDC3DDB BaseClass:/Game/CoinGame/Game2/BP_Portal2.BP_Portal2_C NativeClass:/Script/Engine.Actor Name:BP_Portal2_C_UAID_04421A23BFAC7A6701_2095939409 Label:BP_Portal3 SpatiallyLoaded:1 Bounds:IsValid=true, Min=(X=2178.997 Y=1520.000 Z=38.625), Max=(X=2300.000 Y=1540.000 Z=253.000) RuntimeGrid:None EditorOnly:0 RuntimeOnly:0 HLODRelevant:0
 |   |   |- [+] [ 17]
 |   |   |   |- Guid:55EA6B3F49C73D2062E502AC31F78A46 BaseClass:/Game/CoinGame/TimeGame/BP_TimeCoin.BP_TimeCoin_C NativeClass:/Script/Engine.Actor Name:BP_TimeCoin_C_UAID_04421A23BFAC5C6801_1884048180 Label:BP_TimeCoin SpatiallyLoaded:1 Bounds:IsValid=true, Min=(X=2730.090 Y=1725.328 Z=0.213), Max=(X=2829.910 Y=1734.672 Z=100.033) RuntimeGrid:None EditorOnly:0 RuntimeOnly:0 HLODRelevant:0
 |   |   |- [+] [ 18]
 |   |   |   |- Guid:1944E1244B7B0BF2C5B00FB034A2803B BaseClass:/Game/Project/BP_MoveLeftRight.BP_MoveLeftRight_C NativeClass:/Script/Engine.Actor Name:BP_MoveLeftRight_C_UAID_04421A23BFAC216701_2134393738 Label:BP_MoveLeftRight2 SpatiallyLoaded:1 Bounds:IsValid=true, Min=(X=1100.000 Y=1420.000 Z=0.000), Max=(X=1200.000 Y=1520.000 Z=100.000) RuntimeGrid:None EditorOnly:0 RuntimeOnly:0 HLODRelevant:0
 |   |   |- [+] [ 19]
 |   |   |   |- Guid:19AF65864D54523B2B3101BC9CF3DB40 BaseClass:/Game/Project/BP_MoveRect.BP_MoveRect_C NativeClass:/Script/Engine.Actor Name:BP_MoveRect_C_UAID_04421A23BFAC216701_1460296736 Label:BP_MoveRect SpatiallyLoaded:1 Bounds:IsValid=true, Min=(X=780.000 Y=1920.000 Z=50.000), Max=(X=880.000 Y=2020.000 Z=150.000) RuntimeGrid:None EditorOnly:0 RuntimeOnly:0 HLODRelevant:0
 |   |   |- [+] [ 20]
 |   |   |   |- Guid:3A00AA1C422CE54C0BDB60BAF471BFBB BaseClass: NativeClass:/Script/Engine.PlayerStart Name:PlayerStart_0 Label:PlayerStart SpatiallyLoaded:0 Bounds:IsValid=true, Min=(X=1550.000 Y=450.000 Z=0.013), Max=(X=1630.000 Y=530.000 Z=184.013) RuntimeGrid:None EditorOnly:0 RuntimeOnly:0 HLODRelevant:0
 |   |   |- [+] [ 21]
 |   |   |   |- Guid:1E4D00884FC12377EE6CCFAAEF5CD859 BaseClass:/Game/CoinGame/Game2/BP_Portal2.BP_Portal2_C NativeClass:/Script/Engine.Actor Name:BP_Portal2_C_UAID_04421A23BFAC7A6701_2134220410 Label:BP_Portal4 SpatiallyLoaded:1 Bounds:IsValid=true, Min=(X=2318.997 Y=1520.000 Z=38.625), Max=(X=2440.000 Y=1540.000 Z=253.000) RuntimeGrid:None EditorOnly:0 RuntimeOnly:0 HLODRelevant:0
 |   |   |- [+] [ 22]
 |   |   |   |- Guid:42276B1442148E7D0E2E959BFF364237 BaseClass:/Game/Project/BP_MoveRect.BP_MoveRect_C NativeClass:/Script/Engine.Actor Name:BP_MoveRect_C_UAID_04421A23BFAC226701_1238644916 Label:BP_MoveRect3 SpatiallyLoaded:1 Bounds:IsValid=true, Min=(X=780.000 Y=2180.000 Z=50.000), Max=(X=880.000 Y=2280.000 Z=150.000) RuntimeGrid:None EditorOnly:0 RuntimeOnly:0 HLODRelevant:0
 |   |   |- [+] [ 23]
 |   |   |   |- Guid:8DFA95534348B2F564B1F18649B6BB9D BaseClass:/Game/Project/BP_MoveLeftRight.BP_MoveLeftRight_C NativeClass:/Script/Engine.Actor Name:BP_MoveLeftRight_C_UAID_04421A23BFAC206701_1827864559 Label:BP_MoveLeftRight SpatiallyLoaded:1 Bounds:IsValid=true, Min=(X=1100.000 Y=1630.000 Z=0.000), Max=(X=1200.000 Y=1730.000 Z=100.000) RuntimeGrid:None EditorOnly:0 RuntimeOnly:0 HLODRelevant:0
 |   |   |- [+] [ 24]
 |   |   |   |- Guid:1087CE4542D9BC2735A63FB870D49193 BaseClass:/Game/CoinGame/TimeGame/BP_TimeCoin.BP_TimeCoin_C NativeClass:/Script/Engine.Actor Name:BP_TimeCoin_C_UAID_04421A23BFAC606801_1913917880 Label:BP_TimeCoin3 SpatiallyLoaded:1 Bounds:IsValid=true, Min=(X=2920.090 Y=1405.328 Z=0.213), Max=(X=3019.910 Y=1414.672 Z=100.033) RuntimeGrid:None EditorOnly:0 RuntimeOnly:0 HLODRelevant:0
 |   |   |- [+] [ 25]
 |   |   |   |- Guid:55DFD4DD412D081FE4FFCDB827A0D40C BaseClass:/Game/CoinGame/TimeGame/BP_TimeCoin.BP_TimeCoin_C NativeClass:/Script/Engine.Actor Name:BP_TimeCoin_C_UAID_04421A23BFAC606801_1911442879 Label:BP_TimeCoin2 SpatiallyLoaded:1 Bounds:IsValid=true, Min=(X=2550.090 Y=1555.328 Z=0.213), Max=(X=2649.910 Y=1564.672 Z=100.033) RuntimeGrid:None EditorOnly:0 RuntimeOnly:0 HLODRelevant:0
 |   |   |- [+] [ 26]
 |   |   |   |- Guid:4C3B727B47014347CDDAABA0AA6910F6 BaseClass:/Game/CoinGame/TimeGame/BP_RedItem.BP_RedItem_C NativeClass:/Script/Engine.Actor Name:BP_RedItem_C_UAID_04421A23BFAC6A6801_1400231644 Label:BP_RedItem3 SpatiallyLoaded:1 Bounds:IsValid=true, Min=(X=3070.000 Y=1440.000 Z=60.000), Max=(X=3170.000 Y=1540.000 Z=160.000) RuntimeGrid:None EditorOnly:0 RuntimeOnly:0 HLODRelevant:0
 |   |   |- [+] [ 27]
 |   |   |   |- Guid:E814E11348EA229B647B178C9EDA992B BaseClass:/Game/CoinGame/TimeGame/BP_RedItem.BP_RedItem_C NativeClass:/Script/Engine.Actor Name:BP_RedItem_C_UAID_04421A23BFAC6A6801_1402053645 Label:BP_RedItem4 SpatiallyLoaded:1 Bounds:IsValid=true, Min=(X=2820.000 Y=1070.000 Z=50.000), Max=(X=2920.000 Y=1170.000 Z=150.000) RuntimeGrid:None EditorOnly:0 RuntimeOnly:0 HLODRelevant:0
 |   |   |- [+] [ 28]
 |   |   |   |- Guid:23BB4DFC43CFC0B0F8C50FBA9EA75213 BaseClass:/Game/CoinGame/TimeGame/BP_RedItem.BP_RedItem_C NativeClass:/Script/Engine.Actor Name:BP_RedItem_C_UAID_04421A23BFAC6A6801_1392794642 Label:BP_RedItem SpatiallyLoaded:1 Bounds:IsValid=true, Min=(X=3180.000 Y=870.000 Z=60.000), Max=(X=3280.000 Y=970.000 Z=160.000) RuntimeGrid:None EditorOnly:0 RuntimeOnly:0 HLODRelevant:0
 |   |   |- [+] [ 29]
 |   |   |   |- Guid:F352929D491019607F7669A73139640B BaseClass:/Game/CoinGame/TimeGame/BP_RedItem.BP_RedItem_C NativeClass:/Script/Engine.Actor Name:BP_RedItem_C_UAID_04421A23BFAC6A6801_1394791643 Label:BP_RedItem2 SpatiallyLoaded:1 Bounds:IsValid=true, Min=(X=2740.000 Y=1440.000 Z=60.000), Max=(X=2840.000 Y=1540.000 Z=160.000) RuntimeGrid:None EditorOnly:0 RuntimeOnly:0 HLODRelevant:0
 |   |   |- [+] [ 30]
 |   |   |   |- Guid:C21A58E04A77ECA4F17A97A17B5E5024 BaseClass:/Game/CoinGame/Practice/BP_??.BP_??_C NativeClass:/Script/Engine.Actor Name:BP_??_C_UAID_04421A23BFAC716801_1480305878 Label:BP_?? SpatiallyLoaded:1 Bounds:IsValid=true, Min=(X=1595.000 Y=3670.000 Z=10.000), Max=(X=1645.000 Y=3690.000 Z=110.000) RuntimeGrid:None EditorOnly:0 RuntimeOnly:0 HLODRelevant:0
 |   |   |- [+] [ 31]
 |   |   |   |- Guid:C3DA98E04D0EFD83C4CADDBDB327B66D BaseClass:/Game/CoinGame/Practice/BP_??.BP_??_C NativeClass:/Script/Engine.Actor Name:BP_??_C_UAID_04421A23BFAC716801_1481959879 Label:BP_?? SpatiallyLoaded:1 Bounds:IsValid=true, Min=(X=1059.530 Y=3767.632 Z=-31.602), Max=(X=1123.530 Y=3772.432 Z=32.398) RuntimeGrid:None EditorOnly:0 RuntimeOnly:0 HLODRelevant:0
 |   |   |- [+] [ 32]
 |   |   |   |- Guid:E9E3888845AB36017945B4B02BDE80DA BaseClass:/Game/CoinGame/Practice/BP_??.BP_??_C NativeClass:/Script/Engine.Actor Name:BP_??_C_UAID_04421A23BFAC716801_1483214880 Label:BP_??2 SpatiallyLoaded:1 Bounds:IsValid=true, Min=(X=1239.530 Y=3307.632 Z=-31.602), Max=(X=1303.530 Y=3312.432 Z=32.398) RuntimeGrid:None EditorOnly:0 RuntimeOnly:0 HLODRelevant:0
 |   |   |- [+] [ 33]
 |   |   |   |- Guid:F8ED730646E071F98762AA8DD69F08B0 BaseClass:/Game/CoinGame/Practice/BP_??.BP_??_C NativeClass:/Script/Engine.Actor Name:BP_??_C_UAID_04421A23BFAC716801_1484297881 Label:BP_??3 SpatiallyLoaded:1 Bounds:IsValid=true, Min=(X=1199.530 Y=3517.632 Z=-31.602), Max=(X=1263.530 Y=3522.432 Z=32.398) RuntimeGrid:None EditorOnly:0 RuntimeOnly:0 HLODRelevant:0
 |   |   |- [+] [ 34]
 |   |   |   |- Guid:522B1D5C4696CC9B982193B83E417192 BaseClass:/Game/CoinGame/Practice/BP_?????.BP_?????_C NativeClass:/Script/Engine.Actor Name:BP_?????_C_UAID_04421A23BFAC716801_1485977882 Label:BP_????? SpatiallyLoaded:1 Bounds:IsValid=true, Min=(X=990.000 Y=3480.000 Z=-50.000), Max=(X=1090.000 Y=3580.000 Z=50.000) RuntimeGrid:None EditorOnly:0 RuntimeOnly:0 HLODRelevant:0
 |   |   |- [+] [ 35]
 |   |   |   |- Guid:BEE3CAA04E80632E37959AB91AAF46A6 BaseClass:/Game/CoinGame/Practice/BP_?????.BP_?????_C NativeClass:/Script/Engine.Actor Name:BP_?????_C_UAID_04421A23BFAC716801_1487276883 Label:BP_?????2 SpatiallyLoaded:1 Bounds:IsValid=true, Min=(X=1260.000 Y=3580.000 Z=-50.000), Max=(X=1360.000 Y=3680.000 Z=50.000) RuntimeGrid:None EditorOnly:0 RuntimeOnly:0 HLODRelevant:0
 |- ContainerInstances:
 |- [+] MainContainer:
 |   |-        ID: 0x0000000000000000
 |   |-    Bounds: IsValid=false, Min=(X=0.000 Y=0.000 Z=0.000), Max=(X=0.000 Y=0.000 Z=0.000)
 |   |- Transform: 0.000000,0.000000,0.000000|0.000000,0.000000,-0.000000|1.000000,1.000000,1.000000
 |   |- Container: /Game/ThirdPerson/Maps/ThirdPersonMap
----------------------------------------------------------------------------------------------------------------
ThirdPersonMap - Persistent Level
----------------------------------------------------------------------------------------------------------------
Always loaded Actor Count: 52 

----------------------------------------------------------------------------------------------------------------
ThirdPersonMap - Runtime Spatial Hash - Streaming Grid - MainGrid
----------------------------------------------------------------------------------------------------------------
            Origin: X=0.000 Y=0.000 Z=0.000
         Cell Size: 12800
      World Bounds: IsValid=false, Min=(X=0.000 Y=0.000 Z=0.000), Max=(X=0.000 Y=0.000 Z=0.000)
     Loading Range: 25600.00
Block Slow Loading: No
 ClientOnlyVisible: No

[+] Grid Levels: 1
 |- Level  0: Cell Count    0 | Cell Size   12800 | Actor Count    0 (0.0%)

[+] Content of Grid Level 0

