[+] Containers:
 |- [+] Container: /Game/ThirdPerson/Maps/ThirdPersonMap
 |   |- [+] ActorDescs:
 |   |   |- Guid:00D3F5E7452C0650F68EE79A28B6EADD BaseClass:/Game/Project/Jump.Jump_C NativeClass:/Script/Engine.Actor Name:Jump_C_UAID_04421A23BFAC236701_1088408095 Label:Jump2 SpatiallyLoaded:1 Bounds:IsValid=true, Min=(X=90.000 Y=1630.000 Z=0.068), Max=(X=190.000 Y=1730.000 Z=100.068) RuntimeGrid:None EditorOnly:0 RuntimeOnly:0 HLODRelevant:0
 |   |   |- Guid:052DF0584CDC849274E5119A65BB06B5 BaseClass:/Game/CoinGame/Game1/BP_Coin.BP_Coin_C NativeClass:/Script/Engine.Actor Name:BP_Coin_C_UAID_04421A23BFAC686701_1644248235 Label:BP_Coin5 SpatiallyLoaded:1 Bounds:IsValid=true, Min=(X=1560.090 Y=1095.328 Z=80.213), Max=(X=1659.910 Y=1104.672 Z=180.033) RuntimeGrid:None EditorOnly:0 RuntimeOnly:0 HLODRelevant:0
 |   |   |- Guid:0542EA3D46A62AC1CA4CD7AC0C22D3C4 BaseClass:/Game/Project/Jump.Jump_C NativeClass:/Script/Engine.Actor Name:Jump_C_UAID_04421A23BFAC226701_1571714918 Label:Jump SpatiallyLoaded:1 Bounds:IsValid=true, Min=(X=450.000 Y=1760.000 Z=0.005), Max=(X=550.000 Y=1860.000 Z=100.005) RuntimeGrid:None EditorOnly:0 RuntimeOnly:0 HLODRelevant:0
 |   |   |- Guid:0CEB9A34421AA1DD335A7693947C9BFF BaseClass:/Game/CoinGame/Game2/BP_Coin2.BP_Coin2_C NativeClass:/Script/Engine.Actor Name:BP_Coin2_C_UAID_04421A23BFAC7A6701_2082676404 Label:BP_Coin10 SpatiallyLoaded:1 Bounds:IsValid=true, Min=(X=2389.059 Y=1015.264 Z=26.796), Max=(X=2517.059 Y=1024.864 Z=154.796) RuntimeGrid:None EditorOnly:0 RuntimeOnly:0 HLODRelevant:0
 |   |   |- Guid:1087CE4542D9BC2735A63FB870D49193 BaseClass:/Game/CoinGame/TimeGame/BP_TimeCoin.BP_TimeCoin_C NativeClass:/Script/Engine.Actor Name:BP_TimeCoin_C_UAID_04421A23BFAC606801_1913917880 Label:BP_TimeCoin3 SpatiallyLoaded:1 Bounds:IsValid=true, Min=(X=1210.090 Y=955.328 Z=0.213), Max=(X=1309.910 Y=964.672 Z=100.033) RuntimeGrid:None EditorOnly:0 RuntimeOnly:0 HLODRelevant:0
 |   |   |- Guid:1944E1244B7B0BF2C5B00FB034A2803B BaseClass:/Game/Project/BP_MoveLeftRight.BP_MoveLeftRight_C NativeClass:/Script/Engine.Actor Name:BP_MoveLeftRight_C_UAID_04421A23BFAC216701_2134393738 Label:BP_MoveLeftRight2 SpatiallyLoaded:1 Bounds:IsValid=true, Min=(X=1100.000 Y=1420.000 Z=0.000), Max=(X=1200.000 Y=1520.000 Z=100.000) RuntimeGrid:None EditorOnly:0 RuntimeOnly:0 HLODRelevant:0
 |   |   |- Guid:19AF65864D54523B2B3101BC9CF3DB40 BaseClass:/Game/Project/BP_MoveRect.BP_MoveRect_C NativeClass:/Script/Engine.Actor Name:BP_MoveRect_C_UAID_04421A23BFAC216701_1460296736 Label:BP_MoveRect SpatiallyLoaded:1 Bounds:IsValid=true, Min=(X=780.000 Y=1920.000 Z=50.000), Max=(X=880.000 Y=2020.000 Z=150.000) RuntimeGrid:None EditorOnly:0 RuntimeOnly:0 HLODRelevant:0
 |   |   |- Guid:1B5C0487416570C91D5C58BC5C338072 BaseClass:/Game/CoinGame/Game2/BP_Coin2.BP_Coin2_C NativeClass:/Script/Engine.Actor Name:BP_Coin2_C_UAID_04421A23BFAC7A6701_2072581401 Label:BP_Coin7 SpatiallyLoaded:1 Bounds:IsValid=true, Min=(X=2209.059 Y=645.264 Z=26.796), Max=(X=2337.059 Y=654.864 Z=154.796) RuntimeGrid:None EditorOnly:0 RuntimeOnly:0 HLODRelevant:0
 |   |   |- Guid:1E4D00884FC12377EE6CCFAAEF5CD859 BaseClass:/Game/CoinGame/Game2/BP_Portal2.BP_Portal2_C NativeClass:/Script/Engine.Actor Name:BP_Portal2_C_UAID_04421A23BFAC7A6701_2134220410 Label:BP_Portal4 SpatiallyLoaded:1 Bounds:IsValid=true, Min=(X=2318.997 Y=1520.000 Z=38.625), Max=(X=2440.000 Y=1540.000 Z=253.000) RuntimeGrid:None EditorOnly:0 RuntimeOnly:0 HLODRelevant:0
 |   |   |- Guid:2FB58999456391D349DC0F86DAC136ED BaseClass: NativeClass:/Script/Engine.SkyLight Name:SkyLight_1 Label:SkyLight SpatiallyLoaded:0 Bounds:IsValid=true, Min=(X=0.000 Y=0.000 Z=690.000), Max=(X=0.000 Y=0.000 Z=690.000) RuntimeGrid:None EditorOnly:0 RuntimeOnly:0 HLODRelevant:0 FolderPath:Lighting FolderGuid:963EC3EB4002CCE9759E2EBA541A873A
 |   |   |- Guid:316CF2A6494ACA4C0E4180A87D36AB8F BaseClass: NativeClass:/Script/Engine.ExponentialHeightFog Name:ExponentialHeightFog_0 Label:ExponentialHeightFog SpatiallyLoaded:0 Bounds:IsValid=true, Min=(X=-5600.000 Y=-50.000 Z=-6850.000), Max=(X=-5600.000 Y=-50.000 Z=-6850.000) RuntimeGrid:None EditorOnly:0 RuntimeOnly:0 HLODRelevant:0 FolderPath:Lighting FolderGuid:963EC3EB4002CCE9759E2EBA541A873A
 |   |   |- Guid:32A142AF4F120EBC22D7D6957C2A75B0 BaseClass:/Game/CoinGame/Game1/BP_Coin.BP_Coin_C NativeClass:/Script/Engine.Actor Name:BP_Coin_C_UAID_04421A23BFAC246701_1604811278 Label:BP_Coin4 SpatiallyLoaded:1 Bounds:IsValid=true, Min=(X=1560.090 Y=1205.328 Z=80.213), Max=(X=1659.910 Y=1214.672 Z=180.033) RuntimeGrid:None EditorOnly:0 RuntimeOnly:0 HLODRelevant:0
 |   |   |- Guid:3A00AA1C422CE54C0BDB60BAF471BFBB BaseClass: NativeClass:/Script/Engine.PlayerStart Name:PlayerStart_0 Label:PlayerStart SpatiallyLoaded:0 Bounds:IsValid=true, Min=(X=1550.000 Y=450.000 Z=0.013), Max=(X=1630.000 Y=530.000 Z=184.013) RuntimeGrid:None EditorOnly:0 RuntimeOnly:0 HLODRelevant:0
 |   |   |- Guid:421653594AF126702A7973A171788768 BaseClass:/Game/Project/BP_MoveLeftRight.BP_MoveLeftRight_C NativeClass:/Script/Engine.Actor Name:BP_MoveLeftRight_C_UAID_04421A23BFAC226701_1245607917 Label:BP_MoveLeftRight3 SpatiallyLoaded:1 Bounds:IsValid=true, Min=(X=1100.000 Y=1870.000 Z=0.000), Max=(X=1200.000 Y=1970.000 Z=100.000) RuntimeGrid:None EditorOnly:0 RuntimeOnly:0 HLODRelevant:0
 |   |   |- Guid:42276B1442148E7D0E2E959BFF364237 BaseClass:/Game/Project/BP_MoveRect.BP_MoveRect_C NativeClass:/Script/Engine.Actor Name:BP_MoveRect_C_UAID_04421A23BFAC226701_1238644916 Label:BP_MoveRect3 SpatiallyLoaded:1 Bounds:IsValid=true, Min=(X=780.000 Y=2180.000 Z=50.000), Max=(X=880.000 Y=2280.000 Z=150.000) RuntimeGrid:None EditorOnly:0 RuntimeOnly:0 HLODRelevant:0
 |   |   |- Guid:4D3BE93F4146AAAC8BBE79999D96D57F BaseClass: NativeClass:/Script/Engine.VolumetricCloud Name:VolumetricCloud_0 Label:VolumetricCloud SpatiallyLoaded:0 Bounds:IsValid=true, Min=(X=0.000 Y=0.000 Z=820.000), Max=(X=0.000 Y=0.000 Z=820.000) RuntimeGrid:None EditorOnly:0 RuntimeOnly:0 HLODRelevant:0 FolderPath:Lighting FolderGuid:963EC3EB4002CCE9759E2EBA541A873A
 |   |   |- Guid:5011BBFB40F87B4E219A27A876F4C02F BaseClass:/Game/CoinGame/Game1/BP_Coin.BP_Coin_C NativeClass:/Script/Engine.Actor Name:BP_Coin_C_UAID_04421A23BFAC246701_1601359276 Label:BP_Coin2 SpatiallyLoaded:1 Bounds:IsValid=true, Min=(X=1560.090 Y=1435.328 Z=80.213), Max=(X=1659.910 Y=1444.672 Z=180.033) RuntimeGrid:None EditorOnly:0 RuntimeOnly:0 HLODRelevant:0
 |   |   |- Guid:55DFD4DD412D081FE4FFCDB827A0D40C BaseClass:/Game/CoinGame/TimeGame/BP_TimeCoin.BP_TimeCoin_C NativeClass:/Script/Engine.Actor Name:BP_TimeCoin_C_UAID_04421A23BFAC606801_1911442879 Label:BP_TimeCoin2 SpatiallyLoaded:1 Bounds:IsValid=true, Min=(X=950.090 Y=955.328 Z=0.213), Max=(X=1049.910 Y=964.672 Z=100.033) RuntimeGrid:None EditorOnly:0 RuntimeOnly:0 HLODRelevant:0
 |   |   |- Guid:55EA6B3F49C73D2062E502AC31F78A46 BaseClass:/Game/CoinGame/TimeGame/BP_TimeCoin.BP_TimeCoin_C NativeClass:/Script/Engine.Actor Name:BP_TimeCoin_C_UAID_04421A23BFAC5C6801_1884048180 Label:BP_TimeCoin SpatiallyLoaded:1 Bounds:IsValid=true, Min=(X=1090.090 Y=955.328 Z=0.213), Max=(X=1189.910 Y=964.672 Z=100.033) RuntimeGrid:None EditorOnly:0 RuntimeOnly:0 HLODRelevant:0
 |   |   |- Guid:635AA8A34372379D7C58D987C34EA9FD BaseClass:/Game/CoinGame/Game1/BP_Coin.BP_Coin_C NativeClass:/Script/Engine.Actor Name:BP_Coin_C_UAID_04421A23BFAC246701_1603437277 Label:BP_Coin3 SpatiallyLoaded:1 Bounds:IsValid=true, Min=(X=1560.090 Y=1315.328 Z=80.213), Max=(X=1659.910 Y=1324.672 Z=180.033) RuntimeGrid:None EditorOnly:0 RuntimeOnly:0 HLODRelevant:0
 |   |   |- Guid:6BAF4DDD444C60371492D3919DB42C97 BaseClass: NativeClass:/Script/Engine.WorldDataLayers Name:WorldDataLayers Label:WorldDataLayers SpatiallyLoaded:0 Bounds:IsValid=true, Min=(X=0.000 Y=0.000 Z=0.000), Max=(X=0.000 Y=0.000 Z=0.000) RuntimeGrid:None EditorOnly:0 RuntimeOnly:0 HLODRelevant:0
 |   |   |- Guid:802668924B6F2576F54A63B71DDBB1D8 BaseClass:/Game/CoinGame/Game2/BP_Coin2.BP_Coin2_C NativeClass:/Script/Engine.Actor Name:BP_Coin2_C_UAID_04421A23BFAC7A6701_2086164406 Label:BP_Coin12 SpatiallyLoaded:1 Bounds:IsValid=true, Min=(X=2209.059 Y=905.264 Z=26.796), Max=(X=2337.059 Y=914.864 Z=154.796) RuntimeGrid:None EditorOnly:0 RuntimeOnly:0 HLODRelevant:0
 |   |   |- Guid:86CE6D1D44E85F4961882C86E3998269 BaseClass:/Game/Project/BP_SwitchBox.BP_SwitchBox_C NativeClass:/Script/Engine.Actor Name:BP_SwitchBox_C_UAID_04421A23BFAC216701_1468362737 Label:BP_SwitchBox SpatiallyLoaded:1 Bounds:IsValid=true, Min=(X=620.000 Y=1430.000 Z=-9.937), Max=(X=720.000 Y=1530.000 Z=10.063) RuntimeGrid:None EditorOnly:0 RuntimeOnly:0 HLODRelevant:0
 |   |   |- Guid:88C9269C448FE9F78402A08269AF2F2A BaseClass:/Game/Project/BP_MoveSpline.BP_MoveSpline_C NativeClass:/Script/Engine.Actor Name:BP_MoveSpline_C_UAID_04421A23BFAC746701_1752595357 Label:BP_MoveSpline SpatiallyLoaded:1 Bounds:IsValid=true, Min=(X=994.619 Y=353.717 Z=-50.000), Max=(X=2875.252 Y=2193.040 Z=1531.115) RuntimeGrid:None EditorOnly:0 RuntimeOnly:0 HLODRelevant:0
 |   |   |- Guid:8AF71F5B49D481D9968BA68044245452 BaseClass:/Game/CoinGame/TimeGame/BP_TimePortal2.BP_TimePortal2_C NativeClass:/Script/Engine.Actor Name:BP_TimePortal_C_UAID_04421A23BFAC5C6801_1728597179 Label:BP_TimePortal SpatiallyLoaded:1 Bounds:IsValid=true, Min=(X=1379.500 Y=1150.000 Z=58.625), Max=(X=1480.500 Y=1170.000 Z=293.000) RuntimeGrid:None EditorOnly:0 RuntimeOnly:0 HLODRelevant:0
 |   |   |- Guid:8DD6214E4BEAA8B29ABDDDB53B233D07 BaseClass:/Game/Project/Jump.Jump_C NativeClass:/Script/Engine.Actor Name:Jump_C_UAID_04421A23BFAC236701_1096143096 Label:Jump3 SpatiallyLoaded:1 Bounds:IsValid=true, Min=(X=170.000 Y=1950.000 Z=0.068), Max=(X=270.000 Y=2050.000 Z=100.068) RuntimeGrid:None EditorOnly:0 RuntimeOnly:0 HLODRelevant:0
 |   |   |- Guid:8DFA95534348B2F564B1F18649B6BB9D BaseClass:/Game/Project/BP_MoveLeftRight.BP_MoveLeftRight_C NativeClass:/Script/Engine.Actor Name:BP_MoveLeftRight_C_UAID_04421A23BFAC206701_1827864559 Label:BP_MoveLeftRight SpatiallyLoaded:1 Bounds:IsValid=true, Min=(X=1100.000 Y=1630.000 Z=0.000), Max=(X=1200.000 Y=1730.000 Z=100.000) RuntimeGrid:None EditorOnly:0 RuntimeOnly:0 HLODRelevant:0
 |   |   |- Guid:918F70394C7E7DA06C8CCC9E24D1EBE1 BaseClass: NativeClass:/Script/Engine.TextRenderActor Name:TextRenderActor_UAID_04421A23BFAC656701_1170977704 Label:TextRenderActor SpatiallyLoaded:1 Bounds:IsValid=true, Min=(X=1303.846 Y=790.000 Z=20.000), Max=(X=1896.154 Y=990.000 Z=20.000) RuntimeGrid:None EditorOnly:0 RuntimeOnly:0 HLODRelevant:0
 |   |   |- Guid:938170694226E79CADEFD1A32FA938D6 BaseClass:/Game/CoinGame/Game1/BP_Coin.BP_Coin_C NativeClass:/Script/Engine.Actor Name:BP_Coin_C_UAID_04421A23BFAC236701_1414822097 Label:BP_Coin SpatiallyLoaded:1 Bounds:IsValid=true, Min=(X=1560.090 Y=1535.328 Z=80.213), Max=(X=1659.910 Y=1544.672 Z=180.033) RuntimeGrid:None EditorOnly:0 RuntimeOnly:0 HLODRelevant:0
 |   |   |- Guid:9FD7784C411A81C4F9604E98F74D7B2B BaseClass:/Game/Project/BP_MoveRect.BP_MoveRect_C NativeClass:/Script/Engine.Actor Name:BP_MoveRect_C_UAID_04421A23BFAC226701_1236150915 Label:BP_MoveRect2 SpatiallyLoaded:1 Bounds:IsValid=true, Min=(X=780.000 Y=2050.000 Z=50.000), Max=(X=880.000 Y=2150.000 Z=150.000) RuntimeGrid:None EditorOnly:0 RuntimeOnly:0 HLODRelevant:0
 |   |   |- Guid:A069B3CA4C87E11D7E33C4B21FDC3DDB BaseClass:/Game/CoinGame/Game2/BP_Portal2.BP_Portal2_C NativeClass:/Script/Engine.Actor Name:BP_Portal2_C_UAID_04421A23BFAC7A6701_2095939409 Label:BP_Portal3 SpatiallyLoaded:1 Bounds:IsValid=true, Min=(X=2178.997 Y=1520.000 Z=38.625), Max=(X=2300.000 Y=1540.000 Z=253.000) RuntimeGrid:None EditorOnly:0 RuntimeOnly:0 HLODRelevant:0
 |   |   |- Guid:B75B901440EA94301794CB9FC11BACDB BaseClass:/Game/CoinGame/Game1/BP_Portal.BP_Portal_C NativeClass:/Script/Engine.Actor Name:BP_Portal_C_UAID_04421A23BFAC626801_1898798233 Label:BP_Portal SpatiallyLoaded:1 Bounds:IsValid=true, Min=(X=1708.997 Y=1890.000 Z=48.625), Max=(X=1830.000 Y=1910.000 Z=263.000) RuntimeGrid:None EditorOnly:0 RuntimeOnly:0 HLODRelevant:0
 |   |   |- Guid:B785ED2844B84CFB91E7F39FE661CD99 BaseClass: NativeClass:/Script/Engine.DirectionalLight Name:DirectionalLight_0 Label:DirectionalLight SpatiallyLoaded:0 Bounds:IsValid=true, Min=(X=-1048576.000 Y=-1048576.000 Z=-1048576.000), Max=(X=1048576.000 Y=1048576.000 Z=1048576.000) RuntimeGrid:None EditorOnly:0 RuntimeOnly:0 HLODRelevant:0 FolderPath:Lighting FolderGuid:963EC3EB4002CCE9759E2EBA541A873A
 |   |   |- Guid:BEC45C1342051ABF853FD3B531AD2A86 BaseClass:/Game/CoinGame/Game2/BP_Coin2.BP_Coin2_C NativeClass:/Script/Engine.Actor Name:BP_Coin2_C_UAID_04421A23BFAC7A6701_2060754399 Label:BP_Coin6 SpatiallyLoaded:1 Bounds:IsValid=true, Min=(X=2389.059 Y=645.264 Z=26.796), Max=(X=2517.059 Y=654.864 Z=154.796) RuntimeGrid:None EditorOnly:0 RuntimeOnly:0 HLODRelevant:0
 |   |   |- Guid:C100D707467E2CD7899427AA1A8770E7 BaseClass:/Game/CoinGame/Game2/BP_Coin2.BP_Coin2_C NativeClass:/Script/Engine.Actor Name:BP_Coin2_C_UAID_04421A23BFAC7A6701_2077657402 Label:BP_Coin8 SpatiallyLoaded:1 Bounds:IsValid=true, Min=(X=2389.059 Y=785.264 Z=26.796), Max=(X=2517.059 Y=794.864 Z=154.796) RuntimeGrid:None EditorOnly:0 RuntimeOnly:0 HLODRelevant:0
 |   |   |- Guid:CCFF262C46EEFFDF319E7F9539CE697E BaseClass: NativeClass:/Script/Engine.SkyAtmosphere Name:SkyAtmosphere_0 Label:SkyAtmosphere SpatiallyLoaded:0 Bounds:IsValid=true, Min=(X=0.000 Y=0.000 Z=1020.000), Max=(X=0.000 Y=0.000 Z=1020.000) RuntimeGrid:None EditorOnly:0 RuntimeOnly:0 HLODRelevant:0 FolderPath:Lighting FolderGuid:963EC3EB4002CCE9759E2EBA541A873A
 |   |   |- Guid:CE22306E4704B4EBBDA2B294A7C7413F BaseClass:/Game/CoinGame/Game2/BP_Coin2.BP_Coin2_C NativeClass:/Script/Engine.Actor Name:BP_Coin2_C_UAID_04421A23BFAC7A6701_2088340408 Label:BP_Coin14 SpatiallyLoaded:1 Bounds:IsValid=true, Min=(X=2209.059 Y=1095.264 Z=26.796), Max=(X=2337.059 Y=1104.864 Z=154.796) RuntimeGrid:None EditorOnly:0 RuntimeOnly:0 HLODRelevant:0
 |   |   |- Guid:D8890D9E42AD1C725C929C900CD04B2A BaseClass:/Game/CoinGame/BP_Conter.BP_Conter_C NativeClass:/Script/Engine.Actor Name:BP_Conter_C_UAID_04421A23BFAC556801_1424114944 Label:BP_Conter SpatiallyLoaded:1 Bounds:IsValid=true, Min=(X=2270.000 Y=100.000 Z=390.000), Max=(X=2370.000 Y=200.000 Z=615.000) RuntimeGrid:None EditorOnly:0 RuntimeOnly:0 HLODRelevant:0
 |   |   |- Guid:DA9061074EE3612C24D334B50776A94D BaseClass:/Game/Project/BP_MoveTimeLine.BP_MoveTimeLine_C NativeClass:/Script/Engine.Actor Name:BP_MoveTimeLine_C_UAID_04421A23BFAC716701_2098399827 Label:BP_MoveTimeLine SpatiallyLoaded:1 Bounds:IsValid=true, Min=(X=1688.625 Y=392.681 Z=-50.000), Max=(X=1788.625 Y=492.681 Z=50.000) RuntimeGrid:None EditorOnly:0 RuntimeOnly:0 HLODRelevant:0
 |   |   |- Guid:DE1A6D884B5537286B9E7CA48BEC2996 BaseClass:/Game/CoinGame/Game2/BP_Coin2.BP_Coin2_C NativeClass:/Script/Engine.Actor Name:BP_Coin2_C_UAID_04421A23BFAC7A6701_2087123407 Label:BP_Coin13 SpatiallyLoaded:1 Bounds:IsValid=true, Min=(X=2209.059 Y=995.264 Z=26.796), Max=(X=2337.059 Y=1004.864 Z=154.796) RuntimeGrid:None EditorOnly:0 RuntimeOnly:0 HLODRelevant:0
 |   |   |- Guid:EC4E0C944CE6AC6E784BC6BB2916EA13 BaseClass: NativeClass:/Script/Engine.StaticMeshActor Name:StaticMeshActor_UAID_A4AE111137DC5EFB00_1110535423 Label:SM_SkySphere SpatiallyLoaded:0 Bounds:IsValid=true, Min=(X=-1638400.000 Y=-1638400.000 Z=-1638400.000), Max=(X=1638400.000 Y=1638400.000 Z=1638400.000) RuntimeGrid:None EditorOnly:0 RuntimeOnly:0 HLODRelevant:1 FolderPath:Lighting FolderGuid:963EC3EB4002CCE9759E2EBA541A873A
 |   |   |- Guid:EE5BCDE04D52AE8323CA89AE8D31BED4 BaseClass:/Game/CoinGame/Game2/BP_Coin2.BP_Coin2_C NativeClass:/Script/Engine.Actor Name:BP_Coin2_C_UAID_04421A23BFAC7A6701_2084633405 Label:BP_Coin11 SpatiallyLoaded:1 Bounds:IsValid=true, Min=(X=2209.059 Y=785.264 Z=26.796), Max=(X=2337.059 Y=794.864 Z=154.796) RuntimeGrid:None EditorOnly:0 RuntimeOnly:0 HLODRelevant:0
 |   |   |- Guid:F1924B8D48954B30891B2DB6A694F9CC BaseClass: NativeClass:/Script/Engine.StaticMeshActor Name:StaticMeshActor_1 Label:SM_Cube SpatiallyLoaded:1 Bounds:IsValid=true, Min=(X=0.000 Y=0.000 Z=-50.000), Max=(X=100000.000 Y=100000.000 Z=0.000) RuntimeGrid:None EditorOnly:0 RuntimeOnly:0 HLODRelevant:1 FolderPath:Playground FolderGuid:C73F09FC4215536B1DCE2A9E0A830C70
 |   |   |- Guid:F437ABB94E1B8FF95F67D992CEBDA2DB BaseClass:/Game/CoinGame/Game2/BP_Coin2.BP_Coin2_C NativeClass:/Script/Engine.Actor Name:BP_Coin2_C_UAID_04421A23BFAC7A6701_2080122403 Label:BP_Coin9 SpatiallyLoaded:1 Bounds:IsValid=true, Min=(X=2389.059 Y=915.264 Z=26.796), Max=(X=2517.059 Y=924.864 Z=154.796) RuntimeGrid:None EditorOnly:0 RuntimeOnly:0 HLODRelevant:0
 |   |   |- Guid:F4439E8044D457D06BCC04BE7DDACAFC BaseClass:/Game/CoinGame/NICEGUN.NICEGUN_C NativeClass:/Script/Engine.Actor Name:NICEGUN_C_UAID_04421A23BFAC7E6701_1607753115 Label:NICEGUN SpatiallyLoaded:1 Bounds:IsValid=true, Min=(X=1100.000 Y=590.000 Z=-50.000), Max=(X=1200.000 Y=690.000 Z=50.000) RuntimeGrid:None EditorOnly:0 RuntimeOnly:0 HLODRelevant:0
 |   |   |- Guid:F5E3FEB3450C49844FD93DA8E083C8AD BaseClass: NativeClass:/Script/Engine.PostProcessVolume Name:PostProcessVolume_0 Label:PostProcessVolume SpatiallyLoaded:0 Bounds:IsValid=true, Min=(X=0.000 Y=0.000 Z=400.000), Max=(X=200.000 Y=200.000 Z=600.000) RuntimeGrid:None EditorOnly:0 RuntimeOnly:0 HLODRelevant:0 FolderPath:Lighting FolderGuid:963EC3EB4002CCE9759E2EBA541A873A
 |   |- [+] Clusters:
 |   |   |- [+] [  0]
 |   |   |   |- Guid:6BAF4DDD444C60371492D3919DB42C97 BaseClass: NativeClass:/Script/Engine.WorldDataLayers Name:WorldDataLayers Label:WorldDataLayers SpatiallyLoaded:0 Bounds:IsValid=true, Min=(X=0.000 Y=0.000 Z=0.000), Max=(X=0.000 Y=0.000 Z=0.000) RuntimeGrid:None EditorOnly:0 RuntimeOnly:0 HLODRelevant:0
 |   |   |- [+] [  1]
 |   |   |   |- Guid:D8890D9E42AD1C725C929C900CD04B2A BaseClass:/Game/CoinGame/BP_Conter.BP_Conter_C NativeClass:/Script/Engine.Actor Name:BP_Conter_C_UAID_04421A23BFAC556801_1424114944 Label:BP_Conter SpatiallyLoaded:1 Bounds:IsValid=true, Min=(X=2270.000 Y=100.000 Z=390.000), Max=(X=2370.000 Y=200.000 Z=615.000) RuntimeGrid:None EditorOnly:0 RuntimeOnly:0 HLODRelevant:0
 |   |   |- [+] [  2]
 |   |   |   |- Guid:421653594AF126702A7973A171788768 BaseClass:/Game/Project/BP_MoveLeftRight.BP_MoveLeftRight_C NativeClass:/Script/Engine.Actor Name:BP_MoveLeftRight_C_UAID_04421A23BFAC226701_1245607917 Label:BP_MoveLeftRight3 SpatiallyLoaded:1 Bounds:IsValid=true, Min=(X=1100.000 Y=1870.000 Z=0.000), Max=(X=1200.000 Y=1970.000 Z=100.000) RuntimeGrid:None EditorOnly:0 RuntimeOnly:0 HLODRelevant:0
 |   |   |- [+] [  3]
 |   |   |   |- Guid:1B5C0487416570C91D5C58BC5C338072 BaseClass:/Game/CoinGame/Game2/BP_Coin2.BP_Coin2_C NativeClass:/Script/Engine.Actor Name:BP_Coin2_C_UAID_04421A23BFAC7A6701_2072581401 Label:BP_Coin7 SpatiallyLoaded:1 Bounds:IsValid=true, Min=(X=2209.059 Y=645.264 Z=26.796), Max=(X=2337.059 Y=654.864 Z=154.796) RuntimeGrid:None EditorOnly:0 RuntimeOnly:0 HLODRelevant:0
 |   |   |- [+] [  4]
 |   |   |   |- Guid:86CE6D1D44E85F4961882C86E3998269 BaseClass:/Game/Project/BP_SwitchBox.BP_SwitchBox_C NativeClass:/Script/Engine.Actor Name:BP_SwitchBox_C_UAID_04421A23BFAC216701_1468362737 Label:BP_SwitchBox SpatiallyLoaded:1 Bounds:IsValid=true, Min=(X=620.000 Y=1430.000 Z=-9.937), Max=(X=720.000 Y=1530.000 Z=10.063) RuntimeGrid:None EditorOnly:0 RuntimeOnly:0 HLODRelevant:0
 |   |   |   |- Guid:0542EA3D46A62AC1CA4CD7AC0C22D3C4 BaseClass:/Game/Project/Jump.Jump_C NativeClass:/Script/Engine.Actor Name:Jump_C_UAID_04421A23BFAC226701_1571714918 Label:Jump SpatiallyLoaded:1 Bounds:IsValid=true, Min=(X=450.000 Y=1760.000 Z=0.005), Max=(X=550.000 Y=1860.000 Z=100.005) RuntimeGrid:None EditorOnly:0 RuntimeOnly:0 HLODRelevant:0
 |   |   |   |- Guid:00D3F5E7452C0650F68EE79A28B6EADD BaseClass:/Game/Project/Jump.Jump_C NativeClass:/Script/Engine.Actor Name:Jump_C_UAID_04421A23BFAC236701_1088408095 Label:Jump2 SpatiallyLoaded:1 Bounds:IsValid=true, Min=(X=90.000 Y=1630.000 Z=0.068), Max=(X=190.000 Y=1730.000 Z=100.068) RuntimeGrid:None EditorOnly:0 RuntimeOnly:0 HLODRelevant:0
 |   |   |   |- Guid:8DD6214E4BEAA8B29ABDDDB53B233D07 BaseClass:/Game/Project/Jump.Jump_C NativeClass:/Script/Engine.Actor Name:Jump_C_UAID_04421A23BFAC236701_1096143096 Label:Jump3 SpatiallyLoaded:1 Bounds:IsValid=true, Min=(X=170.000 Y=1950.000 Z=0.068), Max=(X=270.000 Y=2050.000 Z=100.068) RuntimeGrid:None EditorOnly:0 RuntimeOnly:0 HLODRelevant:0
 |   |   |   |- Guid:88C9269C448FE9F78402A08269AF2F2A BaseClass:/Game/Project/BP_MoveSpline.BP_MoveSpline_C NativeClass:/Script/Engine.Actor Name:BP_MoveSpline_C_UAID_04421A23BFAC746701_1752595357 Label:BP_MoveSpline SpatiallyLoaded:1 Bounds:IsValid=true, Min=(X=994.619 Y=353.717 Z=-50.000), Max=(X=2875.252 Y=2193.040 Z=1531.115) RuntimeGrid:None EditorOnly:0 RuntimeOnly:0 HLODRelevant:0
 |   |   |   |- Guid:DA9061074EE3612C24D334B50776A94D BaseClass:/Game/Project/BP_MoveTimeLine.BP_MoveTimeLine_C NativeClass:/Script/Engine.Actor Name:BP_MoveTimeLine_C_UAID_04421A23BFAC716701_2098399827 Label:BP_MoveTimeLine SpatiallyLoaded:1 Bounds:IsValid=true, Min=(X=1688.625 Y=392.681 Z=-50.000), Max=(X=1788.625 Y=492.681 Z=50.000) RuntimeGrid:None EditorOnly:0 RuntimeOnly:0 HLODRelevant:0
 |   |   |- [+] [  5]
 |   |   |   |- Guid:052DF0584CDC849274E5119A65BB06B5 BaseClass:/Game/CoinGame/Game1/BP_Coin.BP_Coin_C NativeClass:/Script/Engine.Actor Name:BP_Coin_C_UAID_04421A23BFAC686701_1644248235 Label:BP_Coin5 SpatiallyLoaded:1 Bounds:IsValid=true, Min=(X=1560.090 Y=1095.328 Z=80.213), Max=(X=1659.910 Y=1104.672 Z=180.033) RuntimeGrid:None EditorOnly:0 RuntimeOnly:0 HLODRelevant:0
 |   |   |- [+] [  6]
 |   |   |   |- Guid:F5E3FEB3450C49844FD93DA8E083C8AD BaseClass: NativeClass:/Script/Engine.PostProcessVolume Name:PostProcessVolume_0 Label:PostProcessVolume SpatiallyLoaded:0 Bounds:IsValid=true, Min=(X=0.000 Y=0.000 Z=400.000), Max=(X=200.000 Y=200.000 Z=600.000) RuntimeGrid:None EditorOnly:0 RuntimeOnly:0 HLODRelevant:0 FolderPath:Lighting FolderGuid:963EC3EB4002CCE9759E2EBA541A873A
 |   |   |- [+] [  7]
 |   |   |   |- Guid:F4439E8044D457D06BCC04BE7DDACAFC BaseClass:/Game/CoinGame/NICEGUN.NICEGUN_C NativeClass:/Script/Engine.Actor Name:NICEGUN_C_UAID_04421A23BFAC7E6701_1607753115 Label:NICEGUN SpatiallyLoaded:1 Bounds:IsValid=true, Min=(X=1100.000 Y=590.000 Z=-50.000), Max=(X=1200.000 Y=690.000 Z=50.000) RuntimeGrid:None EditorOnly:0 RuntimeOnly:0 HLODRelevant:0
 |   |   |- [+] [  8]
 |   |   |   |- Guid:32A142AF4F120EBC22D7D6957C2A75B0 BaseClass:/Game/CoinGame/Game1/BP_Coin.BP_Coin_C NativeClass:/Script/Engine.Actor Name:BP_Coin_C_UAID_04421A23BFAC246701_1604811278 Label:BP_Coin4 SpatiallyLoaded:1 Bounds:IsValid=true, Min=(X=1560.090 Y=1205.328 Z=80.213), Max=(X=1659.910 Y=1214.672 Z=180.033) RuntimeGrid:None EditorOnly:0 RuntimeOnly:0 HLODRelevant:0
 |   |   |- [+] [  9]
 |   |   |   |- Guid:918F70394C7E7DA06C8CCC9E24D1EBE1 BaseClass: NativeClass:/Script/Engine.TextRenderActor Name:TextRenderActor_UAID_04421A23BFAC656701_1170977704 Label:TextRenderActor SpatiallyLoaded:1 Bounds:IsValid=true, Min=(X=1303.846 Y=790.000 Z=20.000), Max=(X=1896.154 Y=990.000 Z=20.000) RuntimeGrid:None EditorOnly:0 RuntimeOnly:0 HLODRelevant:0
 |   |   |- [+] [ 10]
 |   |   |   |- Guid:4D3BE93F4146AAAC8BBE79999D96D57F BaseClass: NativeClass:/Script/Engine.VolumetricCloud Name:VolumetricCloud_0 Label:VolumetricCloud SpatiallyLoaded:0 Bounds:IsValid=true, Min=(X=0.000 Y=0.000 Z=820.000), Max=(X=0.000 Y=0.000 Z=820.000) RuntimeGrid:None EditorOnly:0 RuntimeOnly:0 HLODRelevant:0 FolderPath:Lighting FolderGuid:963EC3EB4002CCE9759E2EBA541A873A
 |   |   |- [+] [ 11]
 |   |   |   |- Guid:938170694226E79CADEFD1A32FA938D6 BaseClass:/Game/CoinGame/Game1/BP_Coin.BP_Coin_C NativeClass:/Script/Engine.Actor Name:BP_Coin_C_UAID_04421A23BFAC236701_1414822097 Label:BP_Coin SpatiallyLoaded:1 Bounds:IsValid=true, Min=(X=1560.090 Y=1535.328 Z=80.213), Max=(X=1659.910 Y=1544.672 Z=180.033) RuntimeGrid:None EditorOnly:0 RuntimeOnly:0 HLODRelevant:0
 |   |   |- [+] [ 12]
 |   |   |   |- Guid:CCFF262C46EEFFDF319E7F9539CE697E BaseClass: NativeClass:/Script/Engine.SkyAtmosphere Name:SkyAtmosphere_0 Label:SkyAtmosphere SpatiallyLoaded:0 Bounds:IsValid=true, Min=(X=0.000 Y=0.000 Z=1020.000), Max=(X=0.000 Y=0.000 Z=1020.000) RuntimeGrid:None EditorOnly:0 RuntimeOnly:0 HLODRelevant:0 FolderPath:Lighting FolderGuid:963EC3EB4002CCE9759E2EBA541A873A
 |   |   |- [+] [ 13]
 |   |   |   |- Guid:5011BBFB40F87B4E219A27A876F4C02F BaseClass:/Game/CoinGame/Game1/BP_Coin.BP_Coin_C NativeClass:/Script/Engine.Actor Name:BP_Coin_C_UAID_04421A23BFAC246701_1601359276 Label:BP_Coin2 SpatiallyLoaded:1 Bounds:IsValid=true, Min=(X=1560.090 Y=1435.328 Z=80.213), Max=(X=1659.910 Y=1444.672 Z=180.033) RuntimeGrid:None EditorOnly:0 RuntimeOnly:0 HLODRelevant:0
 |   |   |- [+] [ 14]
 |   |   |   |- Guid:EC4E0C944CE6AC6E784BC6BB2916EA13 BaseClass: NativeClass:/Script/Engine.StaticMeshActor Name:StaticMeshActor_UAID_A4AE111137DC5EFB00_1110535423 Label:SM_SkySphere SpatiallyLoaded:0 Bounds:IsValid=true, Min=(X=-1638400.000 Y=-1638400.000 Z=-1638400.000), Max=(X=1638400.000 Y=1638400.000 Z=1638400.000) RuntimeGrid:None EditorOnly:0 RuntimeOnly:0 HLODRelevant:1 FolderPath:Lighting FolderGuid:963EC3EB4002CCE9759E2EBA541A873A
 |   |   |- [+] [ 15]
 |   |   |   |- Guid:8AF71F5B49D481D9968BA68044245452 BaseClass:/Game/CoinGame/TimeGame/BP_TimePortal2.BP_TimePortal2_C NativeClass:/Script/Engine.Actor Name:BP_TimePortal_C_UAID_04421A23BFAC5C6801_1728597179 Label:BP_TimePortal SpatiallyLoaded:1 Bounds:IsValid=true, Min=(X=1379.500 Y=1150.000 Z=58.625), Max=(X=1480.500 Y=1170.000 Z=293.000) RuntimeGrid:None EditorOnly:0 RuntimeOnly:0 HLODRelevant:0
 |   |   |- [+] [ 16]
 |   |   |   |- Guid:B785ED2844B84CFB91E7F39FE661CD99 BaseClass: NativeClass:/Script/Engine.DirectionalLight Name:DirectionalLight_0 Label:DirectionalLight SpatiallyLoaded:0 Bounds:IsValid=true, Min=(X=-1048576.000 Y=-1048576.000 Z=-1048576.000), Max=(X=1048576.000 Y=1048576.000 Z=1048576.000) RuntimeGrid:None EditorOnly:0 RuntimeOnly:0 HLODRelevant:0 FolderPath:Lighting FolderGuid:963EC3EB4002CCE9759E2EBA541A873A
 |   |   |- [+] [ 17]
 |   |   |   |- Guid:316CF2A6494ACA4C0E4180A87D36AB8F BaseClass: NativeClass:/Script/Engine.ExponentialHeightFog Name:ExponentialHeightFog_0 Label:ExponentialHeightFog SpatiallyLoaded:0 Bounds:IsValid=true, Min=(X=-5600.000 Y=-50.000 Z=-6850.000), Max=(X=-5600.000 Y=-50.000 Z=-6850.000) RuntimeGrid:None EditorOnly:0 RuntimeOnly:0 HLODRelevant:0 FolderPath:Lighting FolderGuid:963EC3EB4002CCE9759E2EBA541A873A
 |   |   |- [+] [ 18]
 |   |   |   |- Guid:F1924B8D48954B30891B2DB6A694F9CC BaseClass: NativeClass:/Script/Engine.StaticMeshActor Name:StaticMeshActor_1 Label:SM_Cube SpatiallyLoaded:1 Bounds:IsValid=true, Min=(X=0.000 Y=0.000 Z=-50.000), Max=(X=100000.000 Y=100000.000 Z=0.000) RuntimeGrid:None EditorOnly:0 RuntimeOnly:0 HLODRelevant:1 FolderPath:Playground FolderGuid:C73F09FC4215536B1DCE2A9E0A830C70
 |   |   |- [+] [ 19]
 |   |   |   |- Guid:9FD7784C411A81C4F9604E98F74D7B2B BaseClass:/Game/Project/BP_MoveRect.BP_MoveRect_C NativeClass:/Script/Engine.Actor Name:BP_MoveRect_C_UAID_04421A23BFAC226701_1236150915 Label:BP_MoveRect2 SpatiallyLoaded:1 Bounds:IsValid=true, Min=(X=780.000 Y=2050.000 Z=50.000), Max=(X=880.000 Y=2150.000 Z=150.000) RuntimeGrid:None EditorOnly:0 RuntimeOnly:0 HLODRelevant:0
 |   |   |- [+] [ 20]
 |   |   |   |- Guid:2FB58999456391D349DC0F86DAC136ED BaseClass: NativeClass:/Script/Engine.SkyLight Name:SkyLight_1 Label:SkyLight SpatiallyLoaded:0 Bounds:IsValid=true, Min=(X=0.000 Y=0.000 Z=690.000), Max=(X=0.000 Y=0.000 Z=690.000) RuntimeGrid:None EditorOnly:0 RuntimeOnly:0 HLODRelevant:0 FolderPath:Lighting FolderGuid:963EC3EB4002CCE9759E2EBA541A873A
 |   |   |- [+] [ 21]
 |   |   |   |- Guid:CE22306E4704B4EBBDA2B294A7C7413F BaseClass:/Game/CoinGame/Game2/BP_Coin2.BP_Coin2_C NativeClass:/Script/Engine.Actor Name:BP_Coin2_C_UAID_04421A23BFAC7A6701_2088340408 Label:BP_Coin14 SpatiallyLoaded:1 Bounds:IsValid=true, Min=(X=2209.059 Y=1095.264 Z=26.796), Max=(X=2337.059 Y=1104.864 Z=154.796) RuntimeGrid:None EditorOnly:0 RuntimeOnly:0 HLODRelevant:0
 |   |   |- [+] [ 22]
 |   |   |   |- Guid:A069B3CA4C87E11D7E33C4B21FDC3DDB BaseClass:/Game/CoinGame/Game2/BP_Portal2.BP_Portal2_C NativeClass:/Script/Engine.Actor Name:BP_Portal2_C_UAID_04421A23BFAC7A6701_2095939409 Label:BP_Portal3 SpatiallyLoaded:1 Bounds:IsValid=true, Min=(X=2178.997 Y=1520.000 Z=38.625), Max=(X=2300.000 Y=1540.000 Z=253.000) RuntimeGrid:None EditorOnly:0 RuntimeOnly:0 HLODRelevant:0
 |   |   |- [+] [ 23]
 |   |   |   |- Guid:DE1A6D884B5537286B9E7CA48BEC2996 BaseClass:/Game/CoinGame/Game2/BP_Coin2.BP_Coin2_C NativeClass:/Script/Engine.Actor Name:BP_Coin2_C_UAID_04421A23BFAC7A6701_2087123407 Label:BP_Coin13 SpatiallyLoaded:1 Bounds:IsValid=true, Min=(X=2209.059 Y=995.264 Z=26.796), Max=(X=2337.059 Y=1004.864 Z=154.796) RuntimeGrid:None EditorOnly:0 RuntimeOnly:0 HLODRelevant:0
 |   |   |- [+] [ 24]
 |   |   |   |- Guid:C100D707467E2CD7899427AA1A8770E7 BaseClass:/Game/CoinGame/Game2/BP_Coin2.BP_Coin2_C NativeClass:/Script/Engine.Actor Name:BP_Coin2_C_UAID_04421A23BFAC7A6701_2077657402 Label:BP_Coin8 SpatiallyLoaded:1 Bounds:IsValid=true, Min=(X=2389.059 Y=785.264 Z=26.796), Max=(X=2517.059 Y=794.864 Z=154.796) RuntimeGrid:None EditorOnly:0 RuntimeOnly:0 HLODRelevant:0
 |   |   |- [+] [ 25]
 |   |   |   |- Guid:55EA6B3F49C73D2062E502AC31F78A46 BaseClass:/Game/CoinGame/TimeGame/BP_TimeCoin.BP_TimeCoin_C NativeClass:/Script/Engine.Actor Name:BP_TimeCoin_C_UAID_04421A23BFAC5C6801_1884048180 Label:BP_TimeCoin SpatiallyLoaded:1 Bounds:IsValid=true, Min=(X=1090.090 Y=955.328 Z=0.213), Max=(X=1189.910 Y=964.672 Z=100.033) RuntimeGrid:None EditorOnly:0 RuntimeOnly:0 HLODRelevant:0
 |   |   |- [+] [ 26]
 |   |   |   |- Guid:1944E1244B7B0BF2C5B00FB034A2803B BaseClass:/Game/Project/BP_MoveLeftRight.BP_MoveLeftRight_C NativeClass:/Script/Engine.Actor Name:BP_MoveLeftRight_C_UAID_04421A23BFAC216701_2134393738 Label:BP_MoveLeftRight2 SpatiallyLoaded:1 Bounds:IsValid=true, Min=(X=1100.000 Y=1420.000 Z=0.000), Max=(X=1200.000 Y=1520.000 Z=100.000) RuntimeGrid:None EditorOnly:0 RuntimeOnly:0 HLODRelevant:0
 |   |   |- [+] [ 27]
 |   |   |   |- Guid:EE5BCDE04D52AE8323CA89AE8D31BED4 BaseClass:/Game/CoinGame/Game2/BP_Coin2.BP_Coin2_C NativeClass:/Script/Engine.Actor Name:BP_Coin2_C_UAID_04421A23BFAC7A6701_2084633405 Label:BP_Coin11 SpatiallyLoaded:1 Bounds:IsValid=true, Min=(X=2209.059 Y=785.264 Z=26.796), Max=(X=2337.059 Y=794.864 Z=154.796) RuntimeGrid:None EditorOnly:0 RuntimeOnly:0 HLODRelevant:0
 |   |   |- [+] [ 28]
 |   |   |   |- Guid:802668924B6F2576F54A63B71DDBB1D8 BaseClass:/Game/CoinGame/Game2/BP_Coin2.BP_Coin2_C NativeClass:/Script/Engine.Actor Name:BP_Coin2_C_UAID_04421A23BFAC7A6701_2086164406 Label:BP_Coin12 SpatiallyLoaded:1 Bounds:IsValid=true, Min=(X=2209.059 Y=905.264 Z=26.796), Max=(X=2337.059 Y=914.864 Z=154.796) RuntimeGrid:None EditorOnly:0 RuntimeOnly:0 HLODRelevant:0
 |   |   |- [+] [ 29]
 |   |   |   |- Guid:19AF65864D54523B2B3101BC9CF3DB40 BaseClass:/Game/Project/BP_MoveRect.BP_MoveRect_C NativeClass:/Script/Engine.Actor Name:BP_MoveRect_C_UAID_04421A23BFAC216701_1460296736 Label:BP_MoveRect SpatiallyLoaded:1 Bounds:IsValid=true, Min=(X=780.000 Y=1920.000 Z=50.000), Max=(X=880.000 Y=2020.000 Z=150.000) RuntimeGrid:None EditorOnly:0 RuntimeOnly:0 HLODRelevant:0
 |   |   |- [+] [ 30]
 |   |   |   |- Guid:BEC45C1342051ABF853FD3B531AD2A86 BaseClass:/Game/CoinGame/Game2/BP_Coin2.BP_Coin2_C NativeClass:/Script/Engine.Actor Name:BP_Coin2_C_UAID_04421A23BFAC7A6701_2060754399 Label:BP_Coin6 SpatiallyLoaded:1 Bounds:IsValid=true, Min=(X=2389.059 Y=645.264 Z=26.796), Max=(X=2517.059 Y=654.864 Z=154.796) RuntimeGrid:None EditorOnly:0 RuntimeOnly:0 HLODRelevant:0
 |   |   |- [+] [ 31]
 |   |   |   |- Guid:3A00AA1C422CE54C0BDB60BAF471BFBB BaseClass: NativeClass:/Script/Engine.PlayerStart Name:PlayerStart_0 Label:PlayerStart SpatiallyLoaded:0 Bounds:IsValid=true, Min=(X=1550.000 Y=450.000 Z=0.013), Max=(X=1630.000 Y=530.000 Z=184.013) RuntimeGrid:None EditorOnly:0 RuntimeOnly:0 HLODRelevant:0
 |   |   |- [+] [ 32]
 |   |   |   |- Guid:635AA8A34372379D7C58D987C34EA9FD BaseClass:/Game/CoinGame/Game1/BP_Coin.BP_Coin_C NativeClass:/Script/Engine.Actor Name:BP_Coin_C_UAID_04421A23BFAC246701_1603437277 Label:BP_Coin3 SpatiallyLoaded:1 Bounds:IsValid=true, Min=(X=1560.090 Y=1315.328 Z=80.213), Max=(X=1659.910 Y=1324.672 Z=180.033) RuntimeGrid:None EditorOnly:0 RuntimeOnly:0 HLODRelevant:0
 |   |   |- [+] [ 33]
 |   |   |   |- Guid:0CEB9A34421AA1DD335A7693947C9BFF BaseClass:/Game/CoinGame/Game2/BP_Coin2.BP_Coin2_C NativeClass:/Script/Engine.Actor Name:BP_Coin2_C_UAID_04421A23BFAC7A6701_2082676404 Label:BP_Coin10 SpatiallyLoaded:1 Bounds:IsValid=true, Min=(X=2389.059 Y=1015.264 Z=26.796), Max=(X=2517.059 Y=1024.864 Z=154.796) RuntimeGrid:None EditorOnly:0 RuntimeOnly:0 HLODRelevant:0
 |   |   |- [+] [ 34]
 |   |   |   |- Guid:1E4D00884FC12377EE6CCFAAEF5CD859 BaseClass:/Game/CoinGame/Game2/BP_Portal2.BP_Portal2_C NativeClass:/Script/Engine.Actor Name:BP_Portal2_C_UAID_04421A23BFAC7A6701_2134220410 Label:BP_Portal4 SpatiallyLoaded:1 Bounds:IsValid=true, Min=(X=2318.997 Y=1520.000 Z=38.625), Max=(X=2440.000 Y=1540.000 Z=253.000) RuntimeGrid:None EditorOnly:0 RuntimeOnly:0 HLODRelevant:0
 |   |   |- [+] [ 35]
 |   |   |   |- Guid:42276B1442148E7D0E2E959BFF364237 BaseClass:/Game/Project/BP_MoveRect.BP_MoveRect_C NativeClass:/Script/Engine.Actor Name:BP_MoveRect_C_UAID_04421A23BFAC226701_1238644916 Label:BP_MoveRect3 SpatiallyLoaded:1 Bounds:IsValid=true, Min=(X=780.000 Y=2180.000 Z=50.000), Max=(X=880.000 Y=2280.000 Z=150.000) RuntimeGrid:None EditorOnly:0 RuntimeOnly:0 HLODRelevant:0
 |   |   |- [+] [ 36]
 |   |   |   |- Guid:F437ABB94E1B8FF95F67D992CEBDA2DB BaseClass:/Game/CoinGame/Game2/BP_Coin2.BP_Coin2_C NativeClass:/Script/Engine.Actor Name:BP_Coin2_C_UAID_04421A23BFAC7A6701_2080122403 Label:BP_Coin9 SpatiallyLoaded:1 Bounds:IsValid=true, Min=(X=2389.059 Y=915.264 Z=26.796), Max=(X=2517.059 Y=924.864 Z=154.796) RuntimeGrid:None EditorOnly:0 RuntimeOnly:0 HLODRelevant:0
 |   |   |- [+] [ 37]
 |   |   |   |- Guid:8DFA95534348B2F564B1F18649B6BB9D BaseClass:/Game/Project/BP_MoveLeftRight.BP_MoveLeftRight_C NativeClass:/Script/Engine.Actor Name:BP_MoveLeftRight_C_UAID_04421A23BFAC206701_1827864559 Label:BP_MoveLeftRight SpatiallyLoaded:1 Bounds:IsValid=true, Min=(X=1100.000 Y=1630.000 Z=0.000), Max=(X=1200.000 Y=1730.000 Z=100.000) RuntimeGrid:None EditorOnly:0 RuntimeOnly:0 HLODRelevant:0
 |   |   |- [+] [ 38]
 |   |   |   |- Guid:B75B901440EA94301794CB9FC11BACDB BaseClass:/Game/CoinGame/Game1/BP_Portal.BP_Portal_C NativeClass:/Script/Engine.Actor Name:BP_Portal_C_UAID_04421A23BFAC626801_1898798233 Label:BP_Portal SpatiallyLoaded:1 Bounds:IsValid=true, Min=(X=1708.997 Y=1890.000 Z=48.625), Max=(X=1830.000 Y=1910.000 Z=263.000) RuntimeGrid:None EditorOnly:0 RuntimeOnly:0 HLODRelevant:0
 |   |   |- [+] [ 39]
 |   |   |   |- Guid:1087CE4542D9BC2735A63FB870D49193 BaseClass:/Game/CoinGame/TimeGame/BP_TimeCoin.BP_TimeCoin_C NativeClass:/Script/Engine.Actor Name:BP_TimeCoin_C_UAID_04421A23BFAC606801_1913917880 Label:BP_TimeCoin3 SpatiallyLoaded:1 Bounds:IsValid=true, Min=(X=1210.090 Y=955.328 Z=0.213), Max=(X=1309.910 Y=964.672 Z=100.033) RuntimeGrid:None EditorOnly:0 RuntimeOnly:0 HLODRelevant:0
 |   |   |- [+] [ 40]
 |   |   |   |- Guid:55DFD4DD412D081FE4FFCDB827A0D40C BaseClass:/Game/CoinGame/TimeGame/BP_TimeCoin.BP_TimeCoin_C NativeClass:/Script/Engine.Actor Name:BP_TimeCoin_C_UAID_04421A23BFAC606801_1911442879 Label:BP_TimeCoin2 SpatiallyLoaded:1 Bounds:IsValid=true, Min=(X=950.090 Y=955.328 Z=0.213), Max=(X=1049.910 Y=964.672 Z=100.033) RuntimeGrid:None EditorOnly:0 RuntimeOnly:0 HLODRelevant:0
 |- ContainerInstances:
 |- [+] MainContainer:
 |   |-        ID: 0x0000000000000000
 |   |-    Bounds: IsValid=false, Min=(X=0.000 Y=0.000 Z=0.000), Max=(X=0.000 Y=0.000 Z=0.000)
 |   |- Transform: 0.000000,0.000000,0.000000|0.000000,0.000000,-0.000000|1.000000,1.000000,1.000000
 |   |- Container: /Game/ThirdPerson/Maps/ThirdPersonMap
----------------------------------------------------------------------------------------------------------------
ThirdPersonMap - Persistent Level
----------------------------------------------------------------------------------------------------------------
Always loaded Actor Count: 75 

----------------------------------------------------------------------------------------------------------------
ThirdPersonMap - Runtime Spatial Hash - Streaming Grid - MainGrid
----------------------------------------------------------------------------------------------------------------
            Origin: X=0.000 Y=0.000 Z=0.000
         Cell Size: 12800
      World Bounds: IsValid=false, Min=(X=0.000 Y=0.000 Z=0.000), Max=(X=0.000 Y=0.000 Z=0.000)
     Loading Range: 25600.00
Block Slow Loading: No
 ClientOnlyVisible: No

[+] Grid Levels: 1
 |- Level  0: Cell Count    0 | Cell Size   12800 | Actor Count    0 (0.0%)

[+] Content of Grid Level 0

