[+] Containers:
 |- [+] Container: /Game/ThirdPerson/Maps/ThirdPersonMap
 |   |- [+] ActorDescs:
 |   |   |- Guid:11002F684EB8BE8114784EAE9513F8A0 BaseClass: NativeClass:/Script/Engine.PlayerController Name:PlayerController_UAID_04421A23BFACDE6601_1970189960 Label:PlayerController SpatiallyLoaded:1 Bounds:IsValid=true, Min=(X=1140.000 Y=290.000 Z=0.000), Max=(X=1140.000 Y=290.000 Z=0.000) RuntimeGrid:None EditorOnly:0 RuntimeOnly:0 HLODRelevant:0
 |   |   |- Guid:295F926E4FBAC1734E3A7692DB85ABEA BaseClass:/Game/BP_MoveLeftRight.BP_MoveLeftRight_C NativeClass:/Script/Engine.Actor Name:Learn1_C_UAID_04421A23BFACD46601_2029633195 Label:Learn3 SpatiallyLoaded:1 Bounds:IsValid=true, Min=(X=1620.000 Y=20.000 Z=90.000), Max=(X=1720.000 Y=120.000 Z=190.000) RuntimeGrid:None EditorOnly:0 RuntimeOnly:0 HLODRelevant:0
 |   |   |- Guid:2C32388F43C3BD93165778BB4348CE20 BaseClass:/Game/BP_MoveLeftRight.BP_MoveLeftRight_C NativeClass:/Script/Engine.Actor Name:Learn1_C_UAID_04421A23BFACD46601_2030561196 Label:Learn4 SpatiallyLoaded:1 Bounds:IsValid=true, Min=(X=1620.000 Y=-120.000 Z=90.000), Max=(X=1720.000 Y=-20.000 Z=190.000) RuntimeGrid:None EditorOnly:0 RuntimeOnly:0 HLODRelevant:0
 |   |   |- Guid:2C9291474590D8C91BD5BEAC1B7E83C3 BaseClass:/Game/BP_MoveRect.BP_MoveRect_C NativeClass:/Script/Engine.Actor Name:4v_C_UAID_04421A23BFACD56601_1933460373 Label:4v SpatiallyLoaded:1 Bounds:IsValid=true, Min=(X=2080.000 Y=1130.000 Z=60.000), Max=(X=2180.000 Y=1180.000 Z=90.000) RuntimeGrid:None EditorOnly:0 RuntimeOnly:0 HLODRelevant:0
 |   |   |- Guid:2E0250EB4B44484DEE4A0F8B4503C9CE BaseClass:/Game/BP_MoveLeftRight.BP_MoveLeftRight_C NativeClass:/Script/Engine.Actor Name:Learn1_C_UAID_04421A23BFACD46601_2027774194 Label:Learn2 SpatiallyLoaded:1 Bounds:IsValid=true, Min=(X=1620.000 Y=180.000 Z=90.000), Max=(X=1720.000 Y=280.000 Z=190.000) RuntimeGrid:None EditorOnly:0 RuntimeOnly:0 HLODRelevant:0
 |   |   |- Guid:2FB58999456391D349DC0F86DAC136ED BaseClass: NativeClass:/Script/Engine.SkyLight Name:SkyLight_1 Label:SkyLight SpatiallyLoaded:0 Bounds:IsValid=true, Min=(X=0.000 Y=0.000 Z=690.000), Max=(X=0.000 Y=0.000 Z=690.000) RuntimeGrid:None EditorOnly:0 RuntimeOnly:0 HLODRelevant:0 FolderPath:Lighting FolderGuid:963EC3EB4002CCE9759E2EBA541A873A
 |   |   |- Guid:316CF2A6494ACA4C0E4180A87D36AB8F BaseClass: NativeClass:/Script/Engine.ExponentialHeightFog Name:ExponentialHeightFog_0 Label:ExponentialHeightFog SpatiallyLoaded:0 Bounds:IsValid=true, Min=(X=-5600.000 Y=-50.000 Z=-6850.000), Max=(X=-5600.000 Y=-50.000 Z=-6850.000) RuntimeGrid:None EditorOnly:0 RuntimeOnly:0 HLODRelevant:0 FolderPath:Lighting FolderGuid:963EC3EB4002CCE9759E2EBA541A873A
 |   |   |- Guid:3A00AA1C422CE54C0BDB60BAF471BFBB BaseClass: NativeClass:/Script/Engine.PlayerStart Name:PlayerStart_0 Label:PlayerStart SpatiallyLoaded:0 Bounds:IsValid=true, Min=(X=860.000 Y=1070.000 Z=0.013), Max=(X=940.000 Y=1150.000 Z=184.013) RuntimeGrid:None EditorOnly:0 RuntimeOnly:0 HLODRelevant:0
 |   |   |- Guid:3CE8849A493DD19DC9ECC98B97AEB380 BaseClass:/Game/ThirdPerson/Blueprints/BP_MyBox.BP_MyBox_C NativeClass:/Script/Engine.Actor Name:BP_MyBox_C_UAID_04421A23BFACC96601_2020510250 Label:BP_MyBox SpatiallyLoaded:1 Bounds:IsValid=true, Min=(X=1080.000 Y=1690.000 Z=100.000), Max=(X=1180.000 Y=1790.000 Z=200.000) RuntimeGrid:None EditorOnly:0 RuntimeOnly:0 HLODRelevant:0
 |   |   |- Guid:4D3BE93F4146AAAC8BBE79999D96D57F BaseClass: NativeClass:/Script/Engine.VolumetricCloud Name:VolumetricCloud_0 Label:VolumetricCloud SpatiallyLoaded:0 Bounds:IsValid=true, Min=(X=0.000 Y=0.000 Z=820.000), Max=(X=0.000 Y=0.000 Z=820.000) RuntimeGrid:None EditorOnly:0 RuntimeOnly:0 HLODRelevant:0 FolderPath:Lighting FolderGuid:963EC3EB4002CCE9759E2EBA541A873A
 |   |   |- Guid:5416E8584A3384A225EBF2996188A427 BaseClass:/Game/BP_HelloActor.BP_HelloActor_C NativeClass:/Script/Engine.Actor Name:BP_HelloActor_C_UAID_04421A23BFACD46601_1401299190 Label:BP_HelloActor SpatiallyLoaded:1 Bounds:IsValid=true, Min=(X=1060.005 Y=2940.000 Z=460.000), Max=(X=1160.005 Y=3040.000 Z=560.000) RuntimeGrid:None EditorOnly:0 RuntimeOnly:0 HLODRelevant:0
 |   |   |- Guid:6BAF4DDD444C60371492D3919DB42C97 BaseClass: NativeClass:/Script/Engine.WorldDataLayers Name:WorldDataLayers Label:WorldDataLayers SpatiallyLoaded:0 Bounds:IsValid=true, Min=(X=0.000 Y=0.000 Z=0.000), Max=(X=0.000 Y=0.000 Z=0.000) RuntimeGrid:None EditorOnly:0 RuntimeOnly:0 HLODRelevant:0
 |   |   |- Guid:91574D0B47953F33E1F15E9218B00669 BaseClass:/Game/BP_HelloActor.BP_HelloActor_C NativeClass:/Script/Engine.Actor Name:BP_HelloActor_C_UAID_04421A23BFACD46601_1541654193 Label:BP_HelloActor3 SpatiallyLoaded:1 Bounds:IsValid=true, Min=(X=1060.005 Y=3190.000 Z=730.000), Max=(X=1160.005 Y=3290.000 Z=830.000) RuntimeGrid:None EditorOnly:0 RuntimeOnly:0 HLODRelevant:0
 |   |   |- Guid:9D0B004948783477C3E7E58C0BD43172 BaseClass:/Game/BP_MoveRect.BP_MoveRect_C NativeClass:/Script/Engine.Actor Name:4v_C_UAID_04421A23BFAC146701_1942610447 Label:4v2 SpatiallyLoaded:1 Bounds:IsValid=true, Min=(X=1890.000 Y=1130.000 Z=60.000), Max=(X=1990.000 Y=1180.000 Z=90.000) RuntimeGrid:None EditorOnly:0 RuntimeOnly:0 HLODRelevant:0
 |   |   |- Guid:A4A0AE0548368707826B5E8E236E9EEA BaseClass:/Game/BP_MoveLeftRight.BP_MoveLeftRight_C NativeClass:/Script/Engine.Actor Name:Learn1_C_UAID_04421A23BFACD46601_1427779191 Label:Learn1 SpatiallyLoaded:1 Bounds:IsValid=true, Min=(X=1620.000 Y=320.000 Z=90.000), Max=(X=1720.000 Y=420.000 Z=190.000) RuntimeGrid:None EditorOnly:0 RuntimeOnly:0 HLODRelevant:0
 |   |   |- Guid:B785ED2844B84CFB91E7F39FE661CD99 BaseClass: NativeClass:/Script/Engine.DirectionalLight Name:DirectionalLight_0 Label:DirectionalLight SpatiallyLoaded:0 Bounds:IsValid=true, Min=(X=-1048576.000 Y=-1048576.000 Z=-1048576.000), Max=(X=1048576.000 Y=1048576.000 Z=1048576.000) RuntimeGrid:None EditorOnly:0 RuntimeOnly:0 HLODRelevant:0 FolderPath:Lighting FolderGuid:963EC3EB4002CCE9759E2EBA541A873A
 |   |   |- Guid:C1121DAB40EF0A570F17A3BCE63756AF BaseClass:/Game/BP_MoveRect.BP_MoveRect_C NativeClass:/Script/Engine.Actor Name:4v_C_UAID_04421A23BFAC146701_1944388448 Label:4v3 SpatiallyLoaded:1 Bounds:IsValid=true, Min=(X=1700.000 Y=1130.000 Z=60.000), Max=(X=1800.000 Y=1180.000 Z=90.000) RuntimeGrid:None EditorOnly:0 RuntimeOnly:0 HLODRelevant:0
 |   |   |- Guid:CCFF262C46EEFFDF319E7F9539CE697E BaseClass: NativeClass:/Script/Engine.SkyAtmosphere Name:SkyAtmosphere_0 Label:SkyAtmosphere SpatiallyLoaded:0 Bounds:IsValid=true, Min=(X=0.000 Y=0.000 Z=1020.000), Max=(X=0.000 Y=0.000 Z=1020.000) RuntimeGrid:None EditorOnly:0 RuntimeOnly:0 HLODRelevant:0 FolderPath:Lighting FolderGuid:963EC3EB4002CCE9759E2EBA541A873A
 |   |   |- Guid:CF6BF14D4816658B59D35BBE7C935D85 BaseClass:/Game/BP_HelloActor.BP_HelloActor_C NativeClass:/Script/Engine.Actor Name:BP_HelloActor_C_UAID_04421A23BFACD46601_1538809192 Label:BP_HelloActor2 SpatiallyLoaded:1 Bounds:IsValid=true, Min=(X=1060.005 Y=3310.000 Z=300.000), Max=(X=1160.005 Y=3410.000 Z=400.000) RuntimeGrid:None EditorOnly:0 RuntimeOnly:0 HLODRelevant:0
 |   |   |- Guid:E873FF5447104A6FC294D8A6BDBF7252 BaseClass:/Game/ThirdPerson/Blueprints/BP_MyBox2.BP_MyBox2_C NativeClass:/Script/Engine.Actor Name:BP_MyBox2_C_UAID_04421A23BFACD86601_1100829903 Label:BP_MyBox2 SpatiallyLoaded:1 Bounds:IsValid=true, Min=(X=1110.000 Y=1070.000 Z=-100.000), Max=(X=1210.000 Y=1170.000 Z=0.000) RuntimeGrid:None EditorOnly:0 RuntimeOnly:0 HLODRelevant:0
 |   |   |- Guid:EC4E0C944CE6AC6E784BC6BB2916EA13 BaseClass: NativeClass:/Script/Engine.StaticMeshActor Name:StaticMeshActor_UAID_A4AE111137DC5EFB00_1110535423 Label:SM_SkySphere SpatiallyLoaded:0 Bounds:IsValid=true, Min=(X=-1638400.000 Y=-1638400.000 Z=-1638400.000), Max=(X=1638400.000 Y=1638400.000 Z=1638400.000) RuntimeGrid:None EditorOnly:0 RuntimeOnly:0 HLODRelevant:1 FolderPath:Lighting FolderGuid:963EC3EB4002CCE9759E2EBA541A873A
 |   |   |- Guid:EC60EA0F42716D8A5C2D53A351AB2B04 BaseClass:/Game/Crate.Crate_C NativeClass:/Script/Engine.Actor Name:Crate_C_UAID_04421A23BFACD66601_1478709550 Label:Crate SpatiallyLoaded:1 Bounds:IsValid=true, Min=(X=430.000 Y=1810.000 Z=0.000), Max=(X=530.000 Y=1910.000 Z=100.000) RuntimeGrid:None EditorOnly:0 RuntimeOnly:0 HLODRelevant:0
 |   |   |- Guid:F1924B8D48954B30891B2DB6A694F9CC BaseClass: NativeClass:/Script/Engine.StaticMeshActor Name:StaticMeshActor_1 Label:SM_Cube SpatiallyLoaded:1 Bounds:IsValid=true, Min=(X=-50000.000 Y=-50000.000 Z=-75.000), Max=(X=50000.000 Y=50000.000 Z=-25.000) RuntimeGrid:None EditorOnly:0 RuntimeOnly:0 HLODRelevant:1 FolderPath:Playground FolderGuid:C73F09FC4215536B1DCE2A9E0A830C70
 |   |   |- Guid:F5E3FEB3450C49844FD93DA8E083C8AD BaseClass: NativeClass:/Script/Engine.PostProcessVolume Name:PostProcessVolume_0 Label:PostProcessVolume SpatiallyLoaded:0 Bounds:IsValid=true, Min=(X=0.000 Y=0.000 Z=400.000), Max=(X=200.000 Y=200.000 Z=600.000) RuntimeGrid:None EditorOnly:0 RuntimeOnly:0 HLODRelevant:0 FolderPath:Lighting FolderGuid:963EC3EB4002CCE9759E2EBA541A873A
 |   |   |- Guid:FA888CD44369282D55834E9679873EA5 BaseClass:/Game/ThirdPerson/Blueprints/BP_MoveBox.BP_MoveBox_C NativeClass:/Script/Engine.Actor Name:BP_MoveBox_C_UAID_04421A23BFAC156701_1381083625 Label:BP_MoveBox SpatiallyLoaded:1 Bounds:IsValid=true, Min=(X=460.000 Y=1356.500 Z=0.000), Max=(X=560.000 Y=1443.500 Z=20.500) RuntimeGrid:None EditorOnly:0 RuntimeOnly:0 HLODRelevant:0
 |   |- [+] Clusters:
 |   |   |- [+] [  0]
 |   |   |   |- Guid:6BAF4DDD444C60371492D3919DB42C97 BaseClass: NativeClass:/Script/Engine.WorldDataLayers Name:WorldDataLayers Label:WorldDataLayers SpatiallyLoaded:0 Bounds:IsValid=true, Min=(X=0.000 Y=0.000 Z=0.000), Max=(X=0.000 Y=0.000 Z=0.000) RuntimeGrid:None EditorOnly:0 RuntimeOnly:0 HLODRelevant:0
 |   |   |- [+] [  1]
 |   |   |   |- Guid:3CE8849A493DD19DC9ECC98B97AEB380 BaseClass:/Game/ThirdPerson/Blueprints/BP_MyBox.BP_MyBox_C NativeClass:/Script/Engine.Actor Name:BP_MyBox_C_UAID_04421A23BFACC96601_2020510250 Label:BP_MyBox SpatiallyLoaded:1 Bounds:IsValid=true, Min=(X=1080.000 Y=1690.000 Z=100.000), Max=(X=1180.000 Y=1790.000 Z=200.000) RuntimeGrid:None EditorOnly:0 RuntimeOnly:0 HLODRelevant:0
 |   |   |- [+] [  2]
 |   |   |   |- Guid:F5E3FEB3450C49844FD93DA8E083C8AD BaseClass: NativeClass:/Script/Engine.PostProcessVolume Name:PostProcessVolume_0 Label:PostProcessVolume SpatiallyLoaded:0 Bounds:IsValid=true, Min=(X=0.000 Y=0.000 Z=400.000), Max=(X=200.000 Y=200.000 Z=600.000) RuntimeGrid:None EditorOnly:0 RuntimeOnly:0 HLODRelevant:0 FolderPath:Lighting FolderGuid:963EC3EB4002CCE9759E2EBA541A873A
 |   |   |- [+] [  3]
 |   |   |   |- Guid:CF6BF14D4816658B59D35BBE7C935D85 BaseClass:/Game/BP_HelloActor.BP_HelloActor_C NativeClass:/Script/Engine.Actor Name:BP_HelloActor_C_UAID_04421A23BFACD46601_1538809192 Label:BP_HelloActor2 SpatiallyLoaded:1 Bounds:IsValid=true, Min=(X=1060.005 Y=3310.000 Z=300.000), Max=(X=1160.005 Y=3410.000 Z=400.000) RuntimeGrid:None EditorOnly:0 RuntimeOnly:0 HLODRelevant:0
 |   |   |- [+] [  4]
 |   |   |   |- Guid:4D3BE93F4146AAAC8BBE79999D96D57F BaseClass: NativeClass:/Script/Engine.VolumetricCloud Name:VolumetricCloud_0 Label:VolumetricCloud SpatiallyLoaded:0 Bounds:IsValid=true, Min=(X=0.000 Y=0.000 Z=820.000), Max=(X=0.000 Y=0.000 Z=820.000) RuntimeGrid:None EditorOnly:0 RuntimeOnly:0 HLODRelevant:0 FolderPath:Lighting FolderGuid:963EC3EB4002CCE9759E2EBA541A873A
 |   |   |- [+] [  5]
 |   |   |   |- Guid:FA888CD44369282D55834E9679873EA5 BaseClass:/Game/ThirdPerson/Blueprints/BP_MoveBox.BP_MoveBox_C NativeClass:/Script/Engine.Actor Name:BP_MoveBox_C_UAID_04421A23BFAC156701_1381083625 Label:BP_MoveBox SpatiallyLoaded:1 Bounds:IsValid=true, Min=(X=460.000 Y=1356.500 Z=0.000), Max=(X=560.000 Y=1443.500 Z=20.500) RuntimeGrid:None EditorOnly:0 RuntimeOnly:0 HLODRelevant:0
 |   |   |- [+] [  6]
 |   |   |   |- Guid:CCFF262C46EEFFDF319E7F9539CE697E BaseClass: NativeClass:/Script/Engine.SkyAtmosphere Name:SkyAtmosphere_0 Label:SkyAtmosphere SpatiallyLoaded:0 Bounds:IsValid=true, Min=(X=0.000 Y=0.000 Z=1020.000), Max=(X=0.000 Y=0.000 Z=1020.000) RuntimeGrid:None EditorOnly:0 RuntimeOnly:0 HLODRelevant:0 FolderPath:Lighting FolderGuid:963EC3EB4002CCE9759E2EBA541A873A
 |   |   |- [+] [  7]
 |   |   |   |- Guid:EC4E0C944CE6AC6E784BC6BB2916EA13 BaseClass: NativeClass:/Script/Engine.StaticMeshActor Name:StaticMeshActor_UAID_A4AE111137DC5EFB00_1110535423 Label:SM_SkySphere SpatiallyLoaded:0 Bounds:IsValid=true, Min=(X=-1638400.000 Y=-1638400.000 Z=-1638400.000), Max=(X=1638400.000 Y=1638400.000 Z=1638400.000) RuntimeGrid:None EditorOnly:0 RuntimeOnly:0 HLODRelevant:1 FolderPath:Lighting FolderGuid:963EC3EB4002CCE9759E2EBA541A873A
 |   |   |- [+] [  8]
 |   |   |   |- Guid:B785ED2844B84CFB91E7F39FE661CD99 BaseClass: NativeClass:/Script/Engine.DirectionalLight Name:DirectionalLight_0 Label:DirectionalLight SpatiallyLoaded:0 Bounds:IsValid=true, Min=(X=-1048576.000 Y=-1048576.000 Z=-1048576.000), Max=(X=1048576.000 Y=1048576.000 Z=1048576.000) RuntimeGrid:None EditorOnly:0 RuntimeOnly:0 HLODRelevant:0 FolderPath:Lighting FolderGuid:963EC3EB4002CCE9759E2EBA541A873A
 |   |   |- [+] [  9]
 |   |   |   |- Guid:5416E8584A3384A225EBF2996188A427 BaseClass:/Game/BP_HelloActor.BP_HelloActor_C NativeClass:/Script/Engine.Actor Name:BP_HelloActor_C_UAID_04421A23BFACD46601_1401299190 Label:BP_HelloActor SpatiallyLoaded:1 Bounds:IsValid=true, Min=(X=1060.005 Y=2940.000 Z=460.000), Max=(X=1160.005 Y=3040.000 Z=560.000) RuntimeGrid:None EditorOnly:0 RuntimeOnly:0 HLODRelevant:0
 |   |   |- [+] [ 10]
 |   |   |   |- Guid:316CF2A6494ACA4C0E4180A87D36AB8F BaseClass: NativeClass:/Script/Engine.ExponentialHeightFog Name:ExponentialHeightFog_0 Label:ExponentialHeightFog SpatiallyLoaded:0 Bounds:IsValid=true, Min=(X=-5600.000 Y=-50.000 Z=-6850.000), Max=(X=-5600.000 Y=-50.000 Z=-6850.000) RuntimeGrid:None EditorOnly:0 RuntimeOnly:0 HLODRelevant:0 FolderPath:Lighting FolderGuid:963EC3EB4002CCE9759E2EBA541A873A
 |   |   |- [+] [ 11]
 |   |   |   |- Guid:F1924B8D48954B30891B2DB6A694F9CC BaseClass: NativeClass:/Script/Engine.StaticMeshActor Name:StaticMeshActor_1 Label:SM_Cube SpatiallyLoaded:1 Bounds:IsValid=true, Min=(X=-50000.000 Y=-50000.000 Z=-75.000), Max=(X=50000.000 Y=50000.000 Z=-25.000) RuntimeGrid:None EditorOnly:0 RuntimeOnly:0 HLODRelevant:1 FolderPath:Playground FolderGuid:C73F09FC4215536B1DCE2A9E0A830C70
 |   |   |- [+] [ 12]
 |   |   |   |- Guid:91574D0B47953F33E1F15E9218B00669 BaseClass:/Game/BP_HelloActor.BP_HelloActor_C NativeClass:/Script/Engine.Actor Name:BP_HelloActor_C_UAID_04421A23BFACD46601_1541654193 Label:BP_HelloActor3 SpatiallyLoaded:1 Bounds:IsValid=true, Min=(X=1060.005 Y=3190.000 Z=730.000), Max=(X=1160.005 Y=3290.000 Z=830.000) RuntimeGrid:None EditorOnly:0 RuntimeOnly:0 HLODRelevant:0
 |   |   |- [+] [ 13]
 |   |   |   |- Guid:2FB58999456391D349DC0F86DAC136ED BaseClass: NativeClass:/Script/Engine.SkyLight Name:SkyLight_1 Label:SkyLight SpatiallyLoaded:0 Bounds:IsValid=true, Min=(X=0.000 Y=0.000 Z=690.000), Max=(X=0.000 Y=0.000 Z=690.000) RuntimeGrid:None EditorOnly:0 RuntimeOnly:0 HLODRelevant:0 FolderPath:Lighting FolderGuid:963EC3EB4002CCE9759E2EBA541A873A
 |   |   |- [+] [ 14]
 |   |   |   |- Guid:11002F684EB8BE8114784EAE9513F8A0 BaseClass: NativeClass:/Script/Engine.PlayerController Name:PlayerController_UAID_04421A23BFACDE6601_1970189960 Label:PlayerController SpatiallyLoaded:1 Bounds:IsValid=true, Min=(X=1140.000 Y=290.000 Z=0.000), Max=(X=1140.000 Y=290.000 Z=0.000) RuntimeGrid:None EditorOnly:0 RuntimeOnly:0 HLODRelevant:0
 |   |   |- [+] [ 15]
 |   |   |   |- Guid:EC60EA0F42716D8A5C2D53A351AB2B04 BaseClass:/Game/Crate.Crate_C NativeClass:/Script/Engine.Actor Name:Crate_C_UAID_04421A23BFACD66601_1478709550 Label:Crate SpatiallyLoaded:1 Bounds:IsValid=true, Min=(X=430.000 Y=1810.000 Z=0.000), Max=(X=530.000 Y=1910.000 Z=100.000) RuntimeGrid:None EditorOnly:0 RuntimeOnly:0 HLODRelevant:0
 |   |   |- [+] [ 16]
 |   |   |   |- Guid:3A00AA1C422CE54C0BDB60BAF471BFBB BaseClass: NativeClass:/Script/Engine.PlayerStart Name:PlayerStart_0 Label:PlayerStart SpatiallyLoaded:0 Bounds:IsValid=true, Min=(X=860.000 Y=1070.000 Z=0.013), Max=(X=940.000 Y=1150.000 Z=184.013) RuntimeGrid:None EditorOnly:0 RuntimeOnly:0 HLODRelevant:0
 |   |   |- [+] [ 17]
 |   |   |   |- Guid:E873FF5447104A6FC294D8A6BDBF7252 BaseClass:/Game/ThirdPerson/Blueprints/BP_MyBox2.BP_MyBox2_C NativeClass:/Script/Engine.Actor Name:BP_MyBox2_C_UAID_04421A23BFACD86601_1100829903 Label:BP_MyBox2 SpatiallyLoaded:1 Bounds:IsValid=true, Min=(X=1110.000 Y=1070.000 Z=-100.000), Max=(X=1210.000 Y=1170.000 Z=0.000) RuntimeGrid:None EditorOnly:0 RuntimeOnly:0 HLODRelevant:0
 |   |   |   |- Guid:2C9291474590D8C91BD5BEAC1B7E83C3 BaseClass:/Game/BP_MoveRect.BP_MoveRect_C NativeClass:/Script/Engine.Actor Name:4v_C_UAID_04421A23BFACD56601_1933460373 Label:4v SpatiallyLoaded:1 Bounds:IsValid=true, Min=(X=2080.000 Y=1130.000 Z=60.000), Max=(X=2180.000 Y=1180.000 Z=90.000) RuntimeGrid:None EditorOnly:0 RuntimeOnly:0 HLODRelevant:0
 |   |   |   |- Guid:9D0B004948783477C3E7E58C0BD43172 BaseClass:/Game/BP_MoveRect.BP_MoveRect_C NativeClass:/Script/Engine.Actor Name:4v_C_UAID_04421A23BFAC146701_1942610447 Label:4v2 SpatiallyLoaded:1 Bounds:IsValid=true, Min=(X=1890.000 Y=1130.000 Z=60.000), Max=(X=1990.000 Y=1180.000 Z=90.000) RuntimeGrid:None EditorOnly:0 RuntimeOnly:0 HLODRelevant:0
 |   |   |   |- Guid:C1121DAB40EF0A570F17A3BCE63756AF BaseClass:/Game/BP_MoveRect.BP_MoveRect_C NativeClass:/Script/Engine.Actor Name:4v_C_UAID_04421A23BFAC146701_1944388448 Label:4v3 SpatiallyLoaded:1 Bounds:IsValid=true, Min=(X=1700.000 Y=1130.000 Z=60.000), Max=(X=1800.000 Y=1180.000 Z=90.000) RuntimeGrid:None EditorOnly:0 RuntimeOnly:0 HLODRelevant:0
 |   |   |   |- Guid:A4A0AE0548368707826B5E8E236E9EEA BaseClass:/Game/BP_MoveLeftRight.BP_MoveLeftRight_C NativeClass:/Script/Engine.Actor Name:Learn1_C_UAID_04421A23BFACD46601_1427779191 Label:Learn1 SpatiallyLoaded:1 Bounds:IsValid=true, Min=(X=1620.000 Y=320.000 Z=90.000), Max=(X=1720.000 Y=420.000 Z=190.000) RuntimeGrid:None EditorOnly:0 RuntimeOnly:0 HLODRelevant:0
 |   |   |   |- Guid:2E0250EB4B44484DEE4A0F8B4503C9CE BaseClass:/Game/BP_MoveLeftRight.BP_MoveLeftRight_C NativeClass:/Script/Engine.Actor Name:Learn1_C_UAID_04421A23BFACD46601_2027774194 Label:Learn2 SpatiallyLoaded:1 Bounds:IsValid=true, Min=(X=1620.000 Y=180.000 Z=90.000), Max=(X=1720.000 Y=280.000 Z=190.000) RuntimeGrid:None EditorOnly:0 RuntimeOnly:0 HLODRelevant:0
 |   |   |   |- Guid:295F926E4FBAC1734E3A7692DB85ABEA BaseClass:/Game/BP_MoveLeftRight.BP_MoveLeftRight_C NativeClass:/Script/Engine.Actor Name:Learn1_C_UAID_04421A23BFACD46601_2029633195 Label:Learn3 SpatiallyLoaded:1 Bounds:IsValid=true, Min=(X=1620.000 Y=20.000 Z=90.000), Max=(X=1720.000 Y=120.000 Z=190.000) RuntimeGrid:None EditorOnly:0 RuntimeOnly:0 HLODRelevant:0
 |   |   |   |- Guid:2C32388F43C3BD93165778BB4348CE20 BaseClass:/Game/BP_MoveLeftRight.BP_MoveLeftRight_C NativeClass:/Script/Engine.Actor Name:Learn1_C_UAID_04421A23BFACD46601_2030561196 Label:Learn4 SpatiallyLoaded:1 Bounds:IsValid=true, Min=(X=1620.000 Y=-120.000 Z=90.000), Max=(X=1720.000 Y=-20.000 Z=190.000) RuntimeGrid:None EditorOnly:0 RuntimeOnly:0 HLODRelevant:0
 |- ContainerInstances:
 |- [+] MainContainer:
 |   |-        ID: 0x0000000000000000
 |   |-    Bounds: IsValid=false, Min=(X=0.000 Y=0.000 Z=0.000), Max=(X=0.000 Y=0.000 Z=0.000)
 |   |- Transform: 0.000000,0.000000,0.000000|0.000000,0.000000,-0.000000|1.000000,1.000000,1.000000
 |   |- Container: /Game/ThirdPerson/Maps/ThirdPersonMap
----------------------------------------------------------------------------------------------------------------
ThirdPersonMap - Persistent Level
----------------------------------------------------------------------------------------------------------------
Always loaded Actor Count: 35 

----------------------------------------------------------------------------------------------------------------
ThirdPersonMap - Runtime Spatial Hash - Streaming Grid - MainGrid
----------------------------------------------------------------------------------------------------------------
            Origin: X=0.000 Y=0.000 Z=0.000
         Cell Size: 12800
      World Bounds: IsValid=false, Min=(X=0.000 Y=0.000 Z=0.000), Max=(X=0.000 Y=0.000 Z=0.000)
     Loading Range: 25600.00
Block Slow Loading: No
 ClientOnlyVisible: No

[+] Grid Levels: 1
 |- Level  0: Cell Count    0 | Cell Size   12800 | Actor Count    0 (0.0%)

[+] Content of Grid Level 0

